[2026-05-23T06:03:30.835+0000] {taskinstance.py:1957} INFO - Dependencies all met for dep_context=non-requeueable deps ti=<TaskInstance: nightly_pipeline.dbt_build scheduled__2026-05-22T02:00:00+00:00 [queued]>
[2026-05-23T06:03:30.853+0000] {taskinstance.py:1957} INFO - Dependencies all met for dep_context=requeueable deps ti=<TaskInstance: nightly_pipeline.dbt_build scheduled__2026-05-22T02:00:00+00:00 [queued]>
[2026-05-23T06:03:30.855+0000] {taskinstance.py:2171} INFO - Starting attempt 1 of 3
[2026-05-23T06:03:30.888+0000] {taskinstance.py:2192} INFO - Executing <Task(PythonOperator): dbt_build> on 2026-05-22 02:00:00+00:00
[2026-05-23T06:03:30.900+0000] {standard_task_runner.py:60} INFO - Started process 200 to run task
[2026-05-23T06:03:30.907+0000] {standard_task_runner.py:87} INFO - Running: ['***', 'tasks', 'run', 'nightly_pipeline', 'dbt_build', 'scheduled__2026-05-22T02:00:00+00:00', '--job-id', '299', '--raw', '--subdir', 'DAGS_FOLDER/weeklypipeline.py', '--cfg-path', '/tmp/tmplrd5p7cl']
[2026-05-23T06:03:30.912+0000] {standard_task_runner.py:88} INFO - Job 299: Subtask dbt_build
[2026-05-23T06:03:31.029+0000] {task_command.py:423} INFO - Running <TaskInstance: nightly_pipeline.dbt_build scheduled__2026-05-22T02:00:00+00:00 [running]> on host 127bb5de3bc4
[2026-05-23T06:03:31.205+0000] {taskinstance.py:2481} INFO - Exporting env vars: AIRFLOW_CTX_DAG_OWNER='you' AIRFLOW_CTX_DAG_ID='nightly_pipeline' AIRFLOW_CTX_TASK_ID='dbt_build' AIRFLOW_CTX_EXECUTION_DATE='2026-05-22T02:00:00+00:00' AIRFLOW_CTX_TRY_NUMBER='1' AIRFLOW_CTX_DAG_RUN_ID='scheduled__2026-05-22T02:00:00+00:00'
[2026-05-23T06:04:10.444+0000] {weeklypipeline.py:146} INFO - ✅ DBT Build Completed Successfully
[2026-05-23T06:04:10.447+0000] {weeklypipeline.py:148} INFO - DBT Output (last 10 lines):
[0m06:04:00  2 of 3 START test not_null_stg_players_id ...................................... [RUN]
[0m06:04:00  3 of 3 START test unique_stg_players_id ........................................ [RUN]
[0m06:04:05  2 of 3 PASS not_null_stg_players_id ............................................ [[32mPASS[0m in 4.88s]
[0m06:04:05  3 of 3 PASS unique_stg_players_id .............................................. [[32mPASS[0m in 4.63s]
[0m06:04:08  
[0m06:04:08  Finished running 2 data tests, 1 view model in 0 hours 0 minutes and 26.47 seconds (26.47s).
[0m06:04:08  
[0m06:04:08  [32mCompleted successfully[0m
[0m06:04:08  
[0m06:04:08  Done. PASS=3 WARN=0 ERROR=0 SKIP=0 TOTAL=3
[2026-05-23T06:04:10.448+0000] {python.py:201} INFO - Done. Returned value was: 1
[2026-05-23T06:04:10.512+0000] {taskinstance.py:1138} INFO - Marking task as SUCCESS. dag_id=nightly_pipeline, task_id=dbt_build, execution_date=20260522T020000, start_date=20260523T060330, end_date=20260523T060410
[2026-05-23T06:04:10.585+0000] {local_task_job_runner.py:234} INFO - Task exited with return code 0
[2026-05-23T06:04:10.657+0000] {taskinstance.py:3281} INFO - 1 downstream tasks scheduled from follow-on schedule check
