[2026-05-07T06:06:18.001+0000] {taskinstance.py:1957} INFO - Dependencies all met for dep_context=non-requeueable deps ti=<TaskInstance: esports_dbt_pipeline.dbt_build manual__2026-05-07T06:06:16.199825+00:00 [queued]>
[2026-05-07T06:06:18.020+0000] {taskinstance.py:1957} INFO - Dependencies all met for dep_context=requeueable deps ti=<TaskInstance: esports_dbt_pipeline.dbt_build manual__2026-05-07T06:06:16.199825+00:00 [queued]>
[2026-05-07T06:06:18.021+0000] {taskinstance.py:2171} INFO - Starting attempt 1 of 2
[2026-05-07T06:06:18.046+0000] {taskinstance.py:2192} INFO - Executing <Task(BashOperator): dbt_build> on 2026-05-07 06:06:16.199825+00:00
[2026-05-07T06:06:18.054+0000] {standard_task_runner.py:60} INFO - Started process 177 to run task
[2026-05-07T06:06:18.061+0000] {standard_task_runner.py:87} INFO - Running: ['***', 'tasks', 'run', 'esports_dbt_pipeline', 'dbt_build', 'manual__2026-05-07T06:06:16.199825+00:00', '--job-id', '5', '--raw', '--subdir', 'DAGS_FOLDER/dag1.py', '--cfg-path', '/tmp/tmpncqsyl0d']
[2026-05-07T06:06:18.070+0000] {standard_task_runner.py:88} INFO - Job 5: Subtask dbt_build
[2026-05-07T06:06:18.296+0000] {task_command.py:423} INFO - Running <TaskInstance: esports_dbt_pipeline.dbt_build manual__2026-05-07T06:06:16.199825+00:00 [running]> on host d1c7630b0373
[2026-05-07T06:06:19.207+0000] {taskinstance.py:2481} INFO - Exporting env vars: AIRFLOW_CTX_DAG_OWNER='you' AIRFLOW_CTX_DAG_ID='esports_dbt_pipeline' AIRFLOW_CTX_TASK_ID='dbt_build' AIRFLOW_CTX_EXECUTION_DATE='2026-05-07T06:06:16.199825+00:00' AIRFLOW_CTX_TRY_NUMBER='1' AIRFLOW_CTX_DAG_RUN_ID='manual__2026-05-07T06:06:16.199825+00:00'
[2026-05-07T06:06:19.218+0000] {subprocess.py:63} INFO - Tmp dir root location: /tmp
[2026-05-07T06:06:19.225+0000] {subprocess.py:75} INFO - Running command: ['/usr/bin/bash', '-c', 'cd /usr/app/esports_dbt && dbt build']
[2026-05-07T06:06:19.255+0000] {subprocess.py:86} INFO - Output:
[2026-05-07T06:06:19.269+0000] {subprocess.py:93} INFO - /usr/bin/bash: line 1: cd: /usr/app/esports_dbt: No such file or directory
[2026-05-07T06:06:19.271+0000] {subprocess.py:97} INFO - Command exited with return code 1
[2026-05-07T06:06:19.423+0000] {taskinstance.py:2699} ERROR - Task failed with exception
Traceback (most recent call last):
  File "/home/airflow/.local/lib/python3.8/site-packages/airflow/models/taskinstance.py", line 433, in _execute_task
    result = execute_callable(context=context, **execute_callable_kwargs)
  File "/home/airflow/.local/lib/python3.8/site-packages/airflow/operators/bash.py", line 212, in execute
    raise AirflowException(
airflow.exceptions.AirflowException: Bash command failed. The command returned a non-zero exit code 1.
[2026-05-07T06:06:19.441+0000] {taskinstance.py:1138} INFO - Marking task as UP_FOR_RETRY. dag_id=esports_dbt_pipeline, task_id=dbt_build, execution_date=20260507T060616, start_date=20260507T060618, end_date=20260507T060619
[2026-05-07T06:06:19.480+0000] {standard_task_runner.py:107} ERROR - Failed to execute job 5 for task dbt_build (Bash command failed. The command returned a non-zero exit code 1.; 177)
[2026-05-07T06:06:19.502+0000] {local_task_job_runner.py:234} INFO - Task exited with return code 1
[2026-05-07T06:06:19.578+0000] {taskinstance.py:3281} INFO - 0 downstream tasks scheduled from follow-on schedule check
