[2026-05-23T04:28:27.671+0000] {taskinstance.py:1957} INFO - Dependencies all met for dep_context=non-requeueable deps ti=<TaskInstance: nightly_pipeline.dbt_build manual__2026-05-23T04:12:45.824567+00:00 [queued]>
[2026-05-23T04:28:27.954+0000] {taskinstance.py:1957} INFO - Dependencies all met for dep_context=requeueable deps ti=<TaskInstance: nightly_pipeline.dbt_build manual__2026-05-23T04:12:45.824567+00:00 [queued]>
[2026-05-23T04:28:27.965+0000] {taskinstance.py:2171} INFO - Starting attempt 1 of 3
[2026-05-23T04:28:28.419+0000] {taskinstance.py:2192} INFO - Executing <Task(PythonOperator): dbt_build> on 2026-05-23 04:12:45.824567+00:00
[2026-05-23T04:28:28.499+0000] {standard_task_runner.py:60} INFO - Started process 203 to run task
[2026-05-23T04:28:28.599+0000] {standard_task_runner.py:87} INFO - Running: ['***', 'tasks', 'run', 'nightly_pipeline', 'dbt_build', 'manual__2026-05-23T04:12:45.824567+00:00', '--job-id', '224', '--raw', '--subdir', 'DAGS_FOLDER/nightlypipeline.py', '--cfg-path', '/tmp/tmpv4bzyx9_']
[2026-05-23T04:28:28.609+0000] {standard_task_runner.py:88} INFO - Job 224: Subtask dbt_build
[2026-05-23T04:28:30.655+0000] {task_command.py:423} INFO - Running <TaskInstance: nightly_pipeline.dbt_build manual__2026-05-23T04:12:45.824567+00:00 [running]> on host 127bb5de3bc4
[2026-05-23T04:28:33.193+0000] {taskinstance.py:2481} INFO - Exporting env vars: AIRFLOW_CTX_DAG_OWNER='you' AIRFLOW_CTX_DAG_ID='nightly_pipeline' AIRFLOW_CTX_TASK_ID='dbt_build' AIRFLOW_CTX_EXECUTION_DATE='2026-05-23T04:12:45.824567+00:00' AIRFLOW_CTX_TRY_NUMBER='1' AIRFLOW_CTX_DAG_RUN_ID='manual__2026-05-23T04:12:45.824567+00:00'
[2026-05-23T04:28:44.750+0000] {nightlypipeline.py:314} ERROR - ❌ DBT Build Failed: Usage: dbt build [OPTIONS]
Try 'dbt build -h' for help.

Error: No such option: --output

[2026-05-23T04:28:44.757+0000] {nightlypipeline.py:317} ERROR - ❌ DBT Build Error: DBT Build Failed
[2026-05-23T04:28:44.800+0000] {taskinstance.py:2699} ERROR - Task failed with exception
Traceback (most recent call last):
  File "/opt/airflow/dags/nightlypipeline.py", line 315, in dbt_build_with_xcom
    raise AirflowException("DBT Build Failed")
airflow.exceptions.AirflowException: DBT Build Failed

The above exception was the direct cause of the following exception:

Traceback (most recent call last):
  File "/home/airflow/.local/lib/python3.8/site-packages/airflow/models/taskinstance.py", line 433, in _execute_task
    result = execute_callable(context=context, **execute_callable_kwargs)
  File "/home/airflow/.local/lib/python3.8/site-packages/airflow/operators/python.py", line 199, in execute
    return_value = self.execute_callable()
  File "/home/airflow/.local/lib/python3.8/site-packages/airflow/operators/python.py", line 216, in execute_callable
    return self.python_callable(*self.op_args, **self.op_kwargs)
  File "/opt/airflow/dags/nightlypipeline.py", line 318, in dbt_build_with_xcom
    raise AirflowException("DBT Build failed") from e
airflow.exceptions.AirflowException: DBT Build failed
[2026-05-23T04:28:44.819+0000] {taskinstance.py:1138} INFO - Marking task as UP_FOR_RETRY. dag_id=nightly_pipeline, task_id=dbt_build, execution_date=20260523T041245, start_date=20260523T042827, end_date=20260523T042844
[2026-05-23T04:28:44.897+0000] {standard_task_runner.py:107} ERROR - Failed to execute job 224 for task dbt_build (DBT Build failed; 203)
[2026-05-23T04:28:44.941+0000] {local_task_job_runner.py:234} INFO - Task exited with return code 1
[2026-05-23T04:28:45.020+0000] {taskinstance.py:3281} INFO - 0 downstream tasks scheduled from follow-on schedule check
