[2026-05-23T04:38:36.544+0000] {taskinstance.py:1957} INFO - Dependencies all met for dep_context=non-requeueable deps ti=<TaskInstance: nightly_pipeline.dbt_build manual__2026-05-23T04:12:45.824567+00:00 [queued]>
[2026-05-23T04:38:36.619+0000] {taskinstance.py:1957} INFO - Dependencies all met for dep_context=requeueable deps ti=<TaskInstance: nightly_pipeline.dbt_build manual__2026-05-23T04:12:45.824567+00:00 [queued]>
[2026-05-23T04:38:36.636+0000] {taskinstance.py:2171} INFO - Starting attempt 3 of 3
[2026-05-23T04:38:36.749+0000] {taskinstance.py:2192} INFO - Executing <Task(PythonOperator): dbt_build> on 2026-05-23 04:12:45.824567+00:00
[2026-05-23T04:38:36.804+0000] {standard_task_runner.py:60} INFO - Started process 324 to run task
[2026-05-23T04:38:36.823+0000] {standard_task_runner.py:87} INFO - Running: ['***', 'tasks', 'run', 'nightly_pipeline', 'dbt_build', 'manual__2026-05-23T04:12:45.824567+00:00', '--job-id', '255', '--raw', '--subdir', 'DAGS_FOLDER/nightlypipeline.py', '--cfg-path', '/tmp/tmpo6eko0rk']
[2026-05-23T04:38:36.836+0000] {standard_task_runner.py:88} INFO - Job 255: Subtask dbt_build
[2026-05-23T04:38:37.258+0000] {task_command.py:423} INFO - Running <TaskInstance: nightly_pipeline.dbt_build manual__2026-05-23T04:12:45.824567+00:00 [running]> on host 127bb5de3bc4
[2026-05-23T04:38:37.566+0000] {taskinstance.py:2481} INFO - Exporting env vars: AIRFLOW_CTX_DAG_OWNER='you' AIRFLOW_CTX_DAG_ID='nightly_pipeline' AIRFLOW_CTX_TASK_ID='dbt_build' AIRFLOW_CTX_EXECUTION_DATE='2026-05-23T04:12:45.824567+00:00' AIRFLOW_CTX_TRY_NUMBER='3' AIRFLOW_CTX_DAG_RUN_ID='manual__2026-05-23T04:12:45.824567+00:00'
[2026-05-23T04:38:44.333+0000] {nightlypipeline.py:314} ERROR - ❌ DBT Build Failed: Usage: dbt build [OPTIONS]
Try 'dbt build -h' for help.

Error: No such option: --output

[2026-05-23T04:38:44.341+0000] {nightlypipeline.py:317} ERROR - ❌ DBT Build Error: DBT Build Failed
[2026-05-23T04:38:44.377+0000] {taskinstance.py:2699} ERROR - Task failed with exception
Traceback (most recent call last):
  File "/opt/airflow/dags/nightlypipeline.py", line 315, in dbt_build_with_xcom
    raise AirflowException("DBT Build Failed")
airflow.exceptions.AirflowException: DBT Build Failed

The above exception was the direct cause of the following exception:

Traceback (most recent call last):
  File "/home/airflow/.local/lib/python3.8/site-packages/airflow/models/taskinstance.py", line 433, in _execute_task
    result = execute_callable(context=context, **execute_callable_kwargs)
  File "/home/airflow/.local/lib/python3.8/site-packages/airflow/operators/python.py", line 199, in execute
    return_value = self.execute_callable()
  File "/home/airflow/.local/lib/python3.8/site-packages/airflow/operators/python.py", line 216, in execute_callable
    return self.python_callable(*self.op_args, **self.op_kwargs)
  File "/opt/airflow/dags/nightlypipeline.py", line 318, in dbt_build_with_xcom
    raise AirflowException("DBT Build failed") from e
airflow.exceptions.AirflowException: DBT Build failed
[2026-05-23T04:38:44.392+0000] {taskinstance.py:1138} INFO - Marking task as FAILED. dag_id=nightly_pipeline, task_id=dbt_build, execution_date=20260523T041245, start_date=20260523T043836, end_date=20260523T043844
[2026-05-23T04:38:44.441+0000] {standard_task_runner.py:107} ERROR - Failed to execute job 255 for task dbt_build (DBT Build failed; 324)
[2026-05-23T04:38:44.490+0000] {local_task_job_runner.py:234} INFO - Task exited with return code 1
[2026-05-23T04:38:44.550+0000] {taskinstance.py:3281} INFO - 0 downstream tasks scheduled from follow-on schedule check
