[2026-05-14T09:02:31.311+0000] {processor.py:161} INFO - Started process (PID=162) to work on /opt/airflow/dags/esports_dbt_dag.py
[2026-05-14T09:02:31.322+0000] {processor.py:830} INFO - Processing file /opt/airflow/dags/esports_dbt_dag.py for tasks to queue
[2026-05-14T09:02:31.331+0000] {logging_mixin.py:188} INFO - [2026-05-14T09:02:31.328+0000] {dagbag.py:538} INFO - Filling up the DagBag from /opt/airflow/dags/esports_dbt_dag.py
[2026-05-14T09:02:31.626+0000] {processor.py:840} INFO - DAG(s) 'esports_dbt_pipeline' retrieved from /opt/airflow/dags/esports_dbt_dag.py
[2026-05-14T09:02:34.614+0000] {logging_mixin.py:188} INFO - [2026-05-14T09:02:34.613+0000] {dag.py:3033} INFO - Sync 1 DAGs
[2026-05-14T09:02:35.066+0000] {logging_mixin.py:188} INFO - [2026-05-14T09:02:35.065+0000] {dag.py:3820} INFO - Setting next_dagrun for esports_dbt_pipeline to 2026-05-14T00:00:00+00:00, run_after=2026-05-15T00:00:00+00:00
[2026-05-14T09:02:35.417+0000] {processor.py:183} INFO - Processing /opt/airflow/dags/esports_dbt_dag.py took 4.153 seconds
[2026-05-14T09:03:05.796+0000] {processor.py:161} INFO - Started process (PID=196) to work on /opt/airflow/dags/esports_dbt_dag.py
[2026-05-14T09:03:05.805+0000] {processor.py:830} INFO - Processing file /opt/airflow/dags/esports_dbt_dag.py for tasks to queue
[2026-05-14T09:03:05.808+0000] {logging_mixin.py:188} INFO - [2026-05-14T09:03:05.807+0000] {dagbag.py:538} INFO - Filling up the DagBag from /opt/airflow/dags/esports_dbt_dag.py
[2026-05-14T09:03:05.975+0000] {processor.py:840} INFO - DAG(s) 'esports_dbt_pipeline' retrieved from /opt/airflow/dags/esports_dbt_dag.py
[2026-05-14T09:03:06.144+0000] {logging_mixin.py:188} INFO - [2026-05-14T09:03:06.143+0000] {dag.py:3033} INFO - Sync 1 DAGs
[2026-05-14T09:03:06.319+0000] {logging_mixin.py:188} INFO - [2026-05-14T09:03:06.316+0000] {dag.py:3820} INFO - Setting next_dagrun for esports_dbt_pipeline to 2026-05-14T00:00:00+00:00, run_after=2026-05-15T00:00:00+00:00
[2026-05-14T09:03:06.520+0000] {processor.py:183} INFO - Processing /opt/airflow/dags/esports_dbt_dag.py took 0.736 seconds
[2026-05-14T09:03:37.211+0000] {processor.py:161} INFO - Started process (PID=206) to work on /opt/airflow/dags/esports_dbt_dag.py
[2026-05-14T09:03:37.214+0000] {processor.py:830} INFO - Processing file /opt/airflow/dags/esports_dbt_dag.py for tasks to queue
[2026-05-14T09:03:37.217+0000] {logging_mixin.py:188} INFO - [2026-05-14T09:03:37.216+0000] {dagbag.py:538} INFO - Filling up the DagBag from /opt/airflow/dags/esports_dbt_dag.py
[2026-05-14T09:03:37.335+0000] {processor.py:840} INFO - DAG(s) 'esports_dbt_pipeline' retrieved from /opt/airflow/dags/esports_dbt_dag.py
[2026-05-14T09:03:37.728+0000] {logging_mixin.py:188} INFO - [2026-05-14T09:03:37.728+0000] {dag.py:3033} INFO - Sync 1 DAGs
[2026-05-14T09:03:37.789+0000] {logging_mixin.py:188} INFO - [2026-05-14T09:03:37.789+0000] {dag.py:3820} INFO - Setting next_dagrun for esports_dbt_pipeline to 2026-05-14T00:00:00+00:00, run_after=2026-05-15T00:00:00+00:00
[2026-05-14T09:03:37.893+0000] {processor.py:183} INFO - Processing /opt/airflow/dags/esports_dbt_dag.py took 0.694 seconds
[2026-05-14T09:04:08.986+0000] {processor.py:161} INFO - Started process (PID=214) to work on /opt/airflow/dags/esports_dbt_dag.py
[2026-05-14T09:04:09.052+0000] {processor.py:830} INFO - Processing file /opt/airflow/dags/esports_dbt_dag.py for tasks to queue
[2026-05-14T09:04:09.445+0000] {logging_mixin.py:188} INFO - [2026-05-14T09:04:09.405+0000] {dagbag.py:538} INFO - Filling up the DagBag from /opt/airflow/dags/esports_dbt_dag.py
[2026-05-14T09:04:09.946+0000] {processor.py:840} INFO - DAG(s) 'esports_dbt_pipeline' retrieved from /opt/airflow/dags/esports_dbt_dag.py
[2026-05-14T09:04:10.666+0000] {logging_mixin.py:188} INFO - [2026-05-14T09:04:10.665+0000] {dag.py:3033} INFO - Sync 1 DAGs
[2026-05-14T09:04:10.820+0000] {logging_mixin.py:188} INFO - [2026-05-14T09:04:10.820+0000] {dag.py:3820} INFO - Setting next_dagrun for esports_dbt_pipeline to 2026-05-14T00:00:00+00:00, run_after=2026-05-15T00:00:00+00:00
[2026-05-14T09:04:10.891+0000] {processor.py:183} INFO - Processing /opt/airflow/dags/esports_dbt_dag.py took 1.988 seconds
[2026-05-14T09:04:41.184+0000] {processor.py:161} INFO - Started process (PID=221) to work on /opt/airflow/dags/esports_dbt_dag.py
[2026-05-14T09:04:41.241+0000] {processor.py:830} INFO - Processing file /opt/airflow/dags/esports_dbt_dag.py for tasks to queue
[2026-05-14T09:04:41.273+0000] {logging_mixin.py:188} INFO - [2026-05-14T09:04:41.272+0000] {dagbag.py:538} INFO - Filling up the DagBag from /opt/airflow/dags/esports_dbt_dag.py
[2026-05-14T09:04:41.601+0000] {processor.py:840} INFO - DAG(s) 'esports_dbt_pipeline' retrieved from /opt/airflow/dags/esports_dbt_dag.py
[2026-05-14T09:04:42.515+0000] {logging_mixin.py:188} INFO - [2026-05-14T09:04:42.514+0000] {dag.py:3033} INFO - Sync 1 DAGs
[2026-05-14T09:04:42.779+0000] {logging_mixin.py:188} INFO - [2026-05-14T09:04:42.778+0000] {dag.py:3820} INFO - Setting next_dagrun for esports_dbt_pipeline to 2026-05-14T00:00:00+00:00, run_after=2026-05-15T00:00:00+00:00
[2026-05-14T09:04:43.031+0000] {processor.py:183} INFO - Processing /opt/airflow/dags/esports_dbt_dag.py took 1.868 seconds
[2026-05-14T09:05:13.465+0000] {processor.py:161} INFO - Started process (PID=231) to work on /opt/airflow/dags/esports_dbt_dag.py
[2026-05-14T09:05:13.468+0000] {processor.py:830} INFO - Processing file /opt/airflow/dags/esports_dbt_dag.py for tasks to queue
[2026-05-14T09:05:13.472+0000] {logging_mixin.py:188} INFO - [2026-05-14T09:05:13.471+0000] {dagbag.py:538} INFO - Filling up the DagBag from /opt/airflow/dags/esports_dbt_dag.py
[2026-05-14T09:05:13.548+0000] {processor.py:840} INFO - DAG(s) 'esports_dbt_pipeline' retrieved from /opt/airflow/dags/esports_dbt_dag.py
[2026-05-14T09:05:13.633+0000] {logging_mixin.py:188} INFO - [2026-05-14T09:05:13.633+0000] {dag.py:3033} INFO - Sync 1 DAGs
[2026-05-14T09:05:13.794+0000] {logging_mixin.py:188} INFO - [2026-05-14T09:05:13.794+0000] {dag.py:3820} INFO - Setting next_dagrun for esports_dbt_pipeline to 2026-05-14T00:00:00+00:00, run_after=2026-05-15T00:00:00+00:00
[2026-05-14T09:05:13.850+0000] {processor.py:183} INFO - Processing /opt/airflow/dags/esports_dbt_dag.py took 0.393 seconds
[2026-05-14T09:05:44.243+0000] {processor.py:161} INFO - Started process (PID=241) to work on /opt/airflow/dags/esports_dbt_dag.py
[2026-05-14T09:05:44.246+0000] {processor.py:830} INFO - Processing file /opt/airflow/dags/esports_dbt_dag.py for tasks to queue
[2026-05-14T09:05:44.248+0000] {logging_mixin.py:188} INFO - [2026-05-14T09:05:44.247+0000] {dagbag.py:538} INFO - Filling up the DagBag from /opt/airflow/dags/esports_dbt_dag.py
[2026-05-14T09:05:44.296+0000] {processor.py:840} INFO - DAG(s) 'esports_dbt_pipeline' retrieved from /opt/airflow/dags/esports_dbt_dag.py
[2026-05-14T09:05:44.338+0000] {logging_mixin.py:188} INFO - [2026-05-14T09:05:44.338+0000] {dag.py:3033} INFO - Sync 1 DAGs
[2026-05-14T09:05:44.391+0000] {logging_mixin.py:188} INFO - [2026-05-14T09:05:44.391+0000] {dag.py:3820} INFO - Setting next_dagrun for esports_dbt_pipeline to 2026-05-14T00:00:00+00:00, run_after=2026-05-15T00:00:00+00:00
[2026-05-14T09:05:44.434+0000] {processor.py:183} INFO - Processing /opt/airflow/dags/esports_dbt_dag.py took 0.197 seconds
[2026-05-14T09:06:14.895+0000] {processor.py:161} INFO - Started process (PID=251) to work on /opt/airflow/dags/esports_dbt_dag.py
[2026-05-14T09:06:14.906+0000] {processor.py:830} INFO - Processing file /opt/airflow/dags/esports_dbt_dag.py for tasks to queue
[2026-05-14T09:06:14.911+0000] {logging_mixin.py:188} INFO - [2026-05-14T09:06:14.910+0000] {dagbag.py:538} INFO - Filling up the DagBag from /opt/airflow/dags/esports_dbt_dag.py
[2026-05-14T09:06:14.998+0000] {processor.py:840} INFO - DAG(s) 'esports_dbt_pipeline' retrieved from /opt/airflow/dags/esports_dbt_dag.py
[2026-05-14T09:06:15.627+0000] {logging_mixin.py:188} INFO - [2026-05-14T09:06:15.626+0000] {dag.py:3033} INFO - Sync 1 DAGs
[2026-05-14T09:06:15.714+0000] {logging_mixin.py:188} INFO - [2026-05-14T09:06:15.711+0000] {dag.py:3820} INFO - Setting next_dagrun for esports_dbt_pipeline to 2026-05-14T00:00:00+00:00, run_after=2026-05-15T00:00:00+00:00
[2026-05-14T09:06:15.790+0000] {processor.py:183} INFO - Processing /opt/airflow/dags/esports_dbt_dag.py took 0.911 seconds
[2026-05-14T09:06:45.954+0000] {processor.py:161} INFO - Started process (PID=261) to work on /opt/airflow/dags/esports_dbt_dag.py
[2026-05-14T09:06:45.956+0000] {processor.py:830} INFO - Processing file /opt/airflow/dags/esports_dbt_dag.py for tasks to queue
[2026-05-14T09:06:45.958+0000] {logging_mixin.py:188} INFO - [2026-05-14T09:06:45.957+0000] {dagbag.py:538} INFO - Filling up the DagBag from /opt/airflow/dags/esports_dbt_dag.py
[2026-05-14T09:06:46.000+0000] {processor.py:840} INFO - DAG(s) 'esports_dbt_pipeline' retrieved from /opt/airflow/dags/esports_dbt_dag.py
[2026-05-14T09:06:46.069+0000] {logging_mixin.py:188} INFO - [2026-05-14T09:06:46.069+0000] {dag.py:3033} INFO - Sync 1 DAGs
[2026-05-14T09:06:46.120+0000] {logging_mixin.py:188} INFO - [2026-05-14T09:06:46.120+0000] {dag.py:3820} INFO - Setting next_dagrun for esports_dbt_pipeline to 2026-05-14T00:00:00+00:00, run_after=2026-05-15T00:00:00+00:00
[2026-05-14T09:06:46.164+0000] {processor.py:183} INFO - Processing /opt/airflow/dags/esports_dbt_dag.py took 0.218 seconds
[2026-05-14T09:07:16.519+0000] {processor.py:161} INFO - Started process (PID=271) to work on /opt/airflow/dags/esports_dbt_dag.py
[2026-05-14T09:07:16.521+0000] {processor.py:830} INFO - Processing file /opt/airflow/dags/esports_dbt_dag.py for tasks to queue
[2026-05-14T09:07:16.523+0000] {logging_mixin.py:188} INFO - [2026-05-14T09:07:16.522+0000] {dagbag.py:538} INFO - Filling up the DagBag from /opt/airflow/dags/esports_dbt_dag.py
[2026-05-14T09:07:16.576+0000] {processor.py:840} INFO - DAG(s) 'esports_dbt_pipeline' retrieved from /opt/airflow/dags/esports_dbt_dag.py
[2026-05-14T09:07:16.618+0000] {logging_mixin.py:188} INFO - [2026-05-14T09:07:16.618+0000] {dag.py:3033} INFO - Sync 1 DAGs
[2026-05-14T09:07:16.693+0000] {logging_mixin.py:188} INFO - [2026-05-14T09:07:16.692+0000] {dag.py:3820} INFO - Setting next_dagrun for esports_dbt_pipeline to 2026-05-14T00:00:00+00:00, run_after=2026-05-15T00:00:00+00:00
[2026-05-14T09:07:16.737+0000] {processor.py:183} INFO - Processing /opt/airflow/dags/esports_dbt_dag.py took 0.227 seconds
[2026-05-14T09:07:47.514+0000] {processor.py:161} INFO - Started process (PID=281) to work on /opt/airflow/dags/esports_dbt_dag.py
[2026-05-14T09:07:47.516+0000] {processor.py:830} INFO - Processing file /opt/airflow/dags/esports_dbt_dag.py for tasks to queue
[2026-05-14T09:07:47.518+0000] {logging_mixin.py:188} INFO - [2026-05-14T09:07:47.518+0000] {dagbag.py:538} INFO - Filling up the DagBag from /opt/airflow/dags/esports_dbt_dag.py
[2026-05-14T09:07:47.595+0000] {processor.py:840} INFO - DAG(s) 'esports_dbt_pipeline' retrieved from /opt/airflow/dags/esports_dbt_dag.py
[2026-05-14T09:07:47.951+0000] {logging_mixin.py:188} INFO - [2026-05-14T09:07:47.950+0000] {dag.py:3033} INFO - Sync 1 DAGs
[2026-05-14T09:07:48.023+0000] {logging_mixin.py:188} INFO - [2026-05-14T09:07:48.022+0000] {dag.py:3820} INFO - Setting next_dagrun for esports_dbt_pipeline to 2026-05-14T00:00:00+00:00, run_after=2026-05-15T00:00:00+00:00
[2026-05-14T09:07:48.097+0000] {processor.py:183} INFO - Processing /opt/airflow/dags/esports_dbt_dag.py took 0.596 seconds
[2026-05-14T09:08:18.598+0000] {processor.py:161} INFO - Started process (PID=308) to work on /opt/airflow/dags/esports_dbt_dag.py
[2026-05-14T09:08:18.600+0000] {processor.py:830} INFO - Processing file /opt/airflow/dags/esports_dbt_dag.py for tasks to queue
[2026-05-14T09:08:18.603+0000] {logging_mixin.py:188} INFO - [2026-05-14T09:08:18.602+0000] {dagbag.py:538} INFO - Filling up the DagBag from /opt/airflow/dags/esports_dbt_dag.py
[2026-05-14T09:08:18.657+0000] {processor.py:840} INFO - DAG(s) 'esports_dbt_pipeline' retrieved from /opt/airflow/dags/esports_dbt_dag.py
[2026-05-14T09:08:18.796+0000] {logging_mixin.py:188} INFO - [2026-05-14T09:08:18.796+0000] {dag.py:3033} INFO - Sync 1 DAGs
[2026-05-14T09:08:18.869+0000] {logging_mixin.py:188} INFO - [2026-05-14T09:08:18.868+0000] {dag.py:3820} INFO - Setting next_dagrun for esports_dbt_pipeline to 2026-05-14T00:00:00+00:00, run_after=2026-05-15T00:00:00+00:00
[2026-05-14T09:08:18.934+0000] {processor.py:183} INFO - Processing /opt/airflow/dags/esports_dbt_dag.py took 0.350 seconds
[2026-05-14T09:08:49.384+0000] {processor.py:161} INFO - Started process (PID=318) to work on /opt/airflow/dags/esports_dbt_dag.py
[2026-05-14T09:08:49.390+0000] {processor.py:830} INFO - Processing file /opt/airflow/dags/esports_dbt_dag.py for tasks to queue
[2026-05-14T09:08:49.393+0000] {logging_mixin.py:188} INFO - [2026-05-14T09:08:49.392+0000] {dagbag.py:538} INFO - Filling up the DagBag from /opt/airflow/dags/esports_dbt_dag.py
[2026-05-14T09:08:49.515+0000] {processor.py:840} INFO - DAG(s) 'esports_dbt_pipeline' retrieved from /opt/airflow/dags/esports_dbt_dag.py
[2026-05-14T09:08:49.610+0000] {logging_mixin.py:188} INFO - [2026-05-14T09:08:49.610+0000] {dag.py:3033} INFO - Sync 1 DAGs
[2026-05-14T09:08:49.733+0000] {logging_mixin.py:188} INFO - [2026-05-14T09:08:49.731+0000] {dag.py:3820} INFO - Setting next_dagrun for esports_dbt_pipeline to 2026-05-14T00:00:00+00:00, run_after=2026-05-15T00:00:00+00:00
[2026-05-14T09:08:49.820+0000] {processor.py:183} INFO - Processing /opt/airflow/dags/esports_dbt_dag.py took 0.444 seconds
[2026-05-14T09:09:20.208+0000] {processor.py:161} INFO - Started process (PID=328) to work on /opt/airflow/dags/esports_dbt_dag.py
[2026-05-14T09:09:20.211+0000] {processor.py:830} INFO - Processing file /opt/airflow/dags/esports_dbt_dag.py for tasks to queue
[2026-05-14T09:09:20.214+0000] {logging_mixin.py:188} INFO - [2026-05-14T09:09:20.213+0000] {dagbag.py:538} INFO - Filling up the DagBag from /opt/airflow/dags/esports_dbt_dag.py
[2026-05-14T09:09:20.288+0000] {processor.py:840} INFO - DAG(s) 'esports_dbt_pipeline' retrieved from /opt/airflow/dags/esports_dbt_dag.py
[2026-05-14T09:09:20.708+0000] {logging_mixin.py:188} INFO - [2026-05-14T09:09:20.707+0000] {dag.py:3033} INFO - Sync 1 DAGs
[2026-05-14T09:09:20.776+0000] {logging_mixin.py:188} INFO - [2026-05-14T09:09:20.775+0000] {dag.py:3820} INFO - Setting next_dagrun for esports_dbt_pipeline to 2026-05-14T00:00:00+00:00, run_after=2026-05-15T00:00:00+00:00
[2026-05-14T09:09:20.846+0000] {processor.py:183} INFO - Processing /opt/airflow/dags/esports_dbt_dag.py took 0.649 seconds
[2026-05-14T09:09:51.499+0000] {processor.py:161} INFO - Started process (PID=338) to work on /opt/airflow/dags/esports_dbt_dag.py
[2026-05-14T09:09:51.502+0000] {processor.py:830} INFO - Processing file /opt/airflow/dags/esports_dbt_dag.py for tasks to queue
[2026-05-14T09:09:51.505+0000] {logging_mixin.py:188} INFO - [2026-05-14T09:09:51.504+0000] {dagbag.py:538} INFO - Filling up the DagBag from /opt/airflow/dags/esports_dbt_dag.py
[2026-05-14T09:09:51.639+0000] {processor.py:840} INFO - DAG(s) 'esports_dbt_pipeline' retrieved from /opt/airflow/dags/esports_dbt_dag.py
[2026-05-14T09:09:51.702+0000] {logging_mixin.py:188} INFO - [2026-05-14T09:09:51.702+0000] {dag.py:3033} INFO - Sync 1 DAGs
[2026-05-14T09:09:51.749+0000] {logging_mixin.py:188} INFO - [2026-05-14T09:09:51.748+0000] {dag.py:3820} INFO - Setting next_dagrun for esports_dbt_pipeline to 2026-05-14T00:00:00+00:00, run_after=2026-05-15T00:00:00+00:00
[2026-05-14T09:09:51.788+0000] {processor.py:183} INFO - Processing /opt/airflow/dags/esports_dbt_dag.py took 0.306 seconds
[2026-05-14T09:10:22.298+0000] {processor.py:161} INFO - Started process (PID=348) to work on /opt/airflow/dags/esports_dbt_dag.py
[2026-05-14T09:10:22.300+0000] {processor.py:830} INFO - Processing file /opt/airflow/dags/esports_dbt_dag.py for tasks to queue
[2026-05-14T09:10:22.302+0000] {logging_mixin.py:188} INFO - [2026-05-14T09:10:22.302+0000] {dagbag.py:538} INFO - Filling up the DagBag from /opt/airflow/dags/esports_dbt_dag.py
[2026-05-14T09:10:22.361+0000] {processor.py:840} INFO - DAG(s) 'esports_dbt_pipeline' retrieved from /opt/airflow/dags/esports_dbt_dag.py
[2026-05-14T09:10:22.401+0000] {logging_mixin.py:188} INFO - [2026-05-14T09:10:22.401+0000] {dag.py:3033} INFO - Sync 1 DAGs
[2026-05-14T09:10:22.495+0000] {logging_mixin.py:188} INFO - [2026-05-14T09:10:22.493+0000] {dag.py:3820} INFO - Setting next_dagrun for esports_dbt_pipeline to 2026-05-14T00:00:00+00:00, run_after=2026-05-15T00:00:00+00:00
[2026-05-14T09:10:22.545+0000] {processor.py:183} INFO - Processing /opt/airflow/dags/esports_dbt_dag.py took 0.257 seconds
[2026-05-14T09:10:53.135+0000] {processor.py:161} INFO - Started process (PID=358) to work on /opt/airflow/dags/esports_dbt_dag.py
[2026-05-14T09:10:53.141+0000] {processor.py:830} INFO - Processing file /opt/airflow/dags/esports_dbt_dag.py for tasks to queue
[2026-05-14T09:10:53.145+0000] {logging_mixin.py:188} INFO - [2026-05-14T09:10:53.144+0000] {dagbag.py:538} INFO - Filling up the DagBag from /opt/airflow/dags/esports_dbt_dag.py
[2026-05-14T09:10:53.254+0000] {processor.py:840} INFO - DAG(s) 'esports_dbt_pipeline' retrieved from /opt/airflow/dags/esports_dbt_dag.py
[2026-05-14T09:10:53.806+0000] {logging_mixin.py:188} INFO - [2026-05-14T09:10:53.806+0000] {dag.py:3033} INFO - Sync 1 DAGs
[2026-05-14T09:10:53.871+0000] {logging_mixin.py:188} INFO - [2026-05-14T09:10:53.871+0000] {dag.py:3820} INFO - Setting next_dagrun for esports_dbt_pipeline to 2026-05-14T00:00:00+00:00, run_after=2026-05-15T00:00:00+00:00
[2026-05-14T09:10:53.929+0000] {processor.py:183} INFO - Processing /opt/airflow/dags/esports_dbt_dag.py took 0.816 seconds
[2026-05-14T09:11:24.178+0000] {processor.py:161} INFO - Started process (PID=368) to work on /opt/airflow/dags/esports_dbt_dag.py
[2026-05-14T09:11:24.279+0000] {processor.py:830} INFO - Processing file /opt/airflow/dags/esports_dbt_dag.py for tasks to queue
[2026-05-14T09:11:24.281+0000] {logging_mixin.py:188} INFO - [2026-05-14T09:11:24.281+0000] {dagbag.py:538} INFO - Filling up the DagBag from /opt/airflow/dags/esports_dbt_dag.py
[2026-05-14T09:11:24.462+0000] {processor.py:840} INFO - DAG(s) 'esports_dbt_pipeline' retrieved from /opt/airflow/dags/esports_dbt_dag.py
[2026-05-14T09:11:24.772+0000] {logging_mixin.py:188} INFO - [2026-05-14T09:11:24.772+0000] {dag.py:3033} INFO - Sync 1 DAGs
[2026-05-14T09:11:24.824+0000] {logging_mixin.py:188} INFO - [2026-05-14T09:11:24.824+0000] {dag.py:3820} INFO - Setting next_dagrun for esports_dbt_pipeline to 2026-05-14T00:00:00+00:00, run_after=2026-05-15T00:00:00+00:00
[2026-05-14T09:11:25.011+0000] {processor.py:183} INFO - Processing /opt/airflow/dags/esports_dbt_dag.py took 0.843 seconds
[2026-05-14T09:11:55.869+0000] {processor.py:161} INFO - Started process (PID=378) to work on /opt/airflow/dags/esports_dbt_dag.py
[2026-05-14T09:11:55.871+0000] {processor.py:830} INFO - Processing file /opt/airflow/dags/esports_dbt_dag.py for tasks to queue
[2026-05-14T09:11:55.875+0000] {logging_mixin.py:188} INFO - [2026-05-14T09:11:55.874+0000] {dagbag.py:538} INFO - Filling up the DagBag from /opt/airflow/dags/esports_dbt_dag.py
[2026-05-14T09:11:55.934+0000] {processor.py:840} INFO - DAG(s) 'esports_dbt_pipeline' retrieved from /opt/airflow/dags/esports_dbt_dag.py
[2026-05-14T09:11:56.232+0000] {logging_mixin.py:188} INFO - [2026-05-14T09:11:56.232+0000] {dag.py:3033} INFO - Sync 1 DAGs
[2026-05-14T09:11:56.284+0000] {logging_mixin.py:188} INFO - [2026-05-14T09:11:56.284+0000] {dag.py:3820} INFO - Setting next_dagrun for esports_dbt_pipeline to 2026-05-14T00:00:00+00:00, run_after=2026-05-15T00:00:00+00:00
[2026-05-14T09:11:56.339+0000] {processor.py:183} INFO - Processing /opt/airflow/dags/esports_dbt_dag.py took 0.478 seconds
[2026-05-14T09:12:26.452+0000] {processor.py:161} INFO - Started process (PID=388) to work on /opt/airflow/dags/esports_dbt_dag.py
[2026-05-14T09:12:26.454+0000] {processor.py:830} INFO - Processing file /opt/airflow/dags/esports_dbt_dag.py for tasks to queue
[2026-05-14T09:12:26.457+0000] {logging_mixin.py:188} INFO - [2026-05-14T09:12:26.456+0000] {dagbag.py:538} INFO - Filling up the DagBag from /opt/airflow/dags/esports_dbt_dag.py
[2026-05-14T09:12:26.511+0000] {processor.py:840} INFO - DAG(s) 'esports_dbt_pipeline' retrieved from /opt/airflow/dags/esports_dbt_dag.py
[2026-05-14T09:12:26.577+0000] {logging_mixin.py:188} INFO - [2026-05-14T09:12:26.576+0000] {dag.py:3033} INFO - Sync 1 DAGs
[2026-05-14T09:12:26.626+0000] {logging_mixin.py:188} INFO - [2026-05-14T09:12:26.626+0000] {dag.py:3820} INFO - Setting next_dagrun for esports_dbt_pipeline to 2026-05-14T00:00:00+00:00, run_after=2026-05-15T00:00:00+00:00
[2026-05-14T09:12:26.667+0000] {processor.py:183} INFO - Processing /opt/airflow/dags/esports_dbt_dag.py took 0.224 seconds
[2026-05-14T09:12:56.847+0000] {processor.py:161} INFO - Started process (PID=398) to work on /opt/airflow/dags/esports_dbt_dag.py
[2026-05-14T09:12:56.853+0000] {processor.py:830} INFO - Processing file /opt/airflow/dags/esports_dbt_dag.py for tasks to queue
[2026-05-14T09:12:56.857+0000] {logging_mixin.py:188} INFO - [2026-05-14T09:12:56.856+0000] {dagbag.py:538} INFO - Filling up the DagBag from /opt/airflow/dags/esports_dbt_dag.py
[2026-05-14T09:12:56.932+0000] {processor.py:840} INFO - DAG(s) 'esports_dbt_pipeline' retrieved from /opt/airflow/dags/esports_dbt_dag.py
[2026-05-14T09:12:57.007+0000] {logging_mixin.py:188} INFO - [2026-05-14T09:12:57.006+0000] {dag.py:3033} INFO - Sync 1 DAGs
[2026-05-14T09:12:57.108+0000] {logging_mixin.py:188} INFO - [2026-05-14T09:12:57.108+0000] {dag.py:3820} INFO - Setting next_dagrun for esports_dbt_pipeline to 2026-05-14T00:00:00+00:00, run_after=2026-05-15T00:00:00+00:00
[2026-05-14T09:12:57.154+0000] {processor.py:183} INFO - Processing /opt/airflow/dags/esports_dbt_dag.py took 0.315 seconds
[2026-05-14T09:13:27.691+0000] {processor.py:161} INFO - Started process (PID=426) to work on /opt/airflow/dags/esports_dbt_dag.py
[2026-05-14T09:13:27.697+0000] {processor.py:830} INFO - Processing file /opt/airflow/dags/esports_dbt_dag.py for tasks to queue
[2026-05-14T09:13:27.704+0000] {logging_mixin.py:188} INFO - [2026-05-14T09:13:27.703+0000] {dagbag.py:538} INFO - Filling up the DagBag from /opt/airflow/dags/esports_dbt_dag.py
[2026-05-14T09:13:28.059+0000] {processor.py:840} INFO - DAG(s) 'esports_dbt_pipeline' retrieved from /opt/airflow/dags/esports_dbt_dag.py
[2026-05-14T09:13:29.961+0000] {logging_mixin.py:188} INFO - [2026-05-14T09:13:29.961+0000] {dag.py:3033} INFO - Sync 1 DAGs
[2026-05-14T09:13:30.330+0000] {logging_mixin.py:188} INFO - [2026-05-14T09:13:30.329+0000] {dag.py:3820} INFO - Setting next_dagrun for esports_dbt_pipeline to 2026-05-14T00:00:00+00:00, run_after=2026-05-15T00:00:00+00:00
[2026-05-14T09:13:30.492+0000] {processor.py:183} INFO - Processing /opt/airflow/dags/esports_dbt_dag.py took 2.835 seconds
[2026-05-14T09:14:00.728+0000] {processor.py:161} INFO - Started process (PID=436) to work on /opt/airflow/dags/esports_dbt_dag.py
[2026-05-14T09:14:00.730+0000] {processor.py:830} INFO - Processing file /opt/airflow/dags/esports_dbt_dag.py for tasks to queue
[2026-05-14T09:14:00.732+0000] {logging_mixin.py:188} INFO - [2026-05-14T09:14:00.731+0000] {dagbag.py:538} INFO - Filling up the DagBag from /opt/airflow/dags/esports_dbt_dag.py
[2026-05-14T09:14:00.790+0000] {processor.py:840} INFO - DAG(s) 'esports_dbt_pipeline' retrieved from /opt/airflow/dags/esports_dbt_dag.py
[2026-05-14T09:14:00.877+0000] {logging_mixin.py:188} INFO - [2026-05-14T09:14:00.877+0000] {dag.py:3033} INFO - Sync 1 DAGs
[2026-05-14T09:14:00.984+0000] {logging_mixin.py:188} INFO - [2026-05-14T09:14:00.984+0000] {dag.py:3820} INFO - Setting next_dagrun for esports_dbt_pipeline to 2026-05-14T00:00:00+00:00, run_after=2026-05-15T00:00:00+00:00
[2026-05-14T09:14:01.043+0000] {processor.py:183} INFO - Processing /opt/airflow/dags/esports_dbt_dag.py took 0.328 seconds
[2026-05-14T09:14:31.463+0000] {processor.py:161} INFO - Started process (PID=446) to work on /opt/airflow/dags/esports_dbt_dag.py
[2026-05-14T09:14:31.466+0000] {processor.py:830} INFO - Processing file /opt/airflow/dags/esports_dbt_dag.py for tasks to queue
[2026-05-14T09:14:31.469+0000] {logging_mixin.py:188} INFO - [2026-05-14T09:14:31.468+0000] {dagbag.py:538} INFO - Filling up the DagBag from /opt/airflow/dags/esports_dbt_dag.py
[2026-05-14T09:14:31.546+0000] {processor.py:840} INFO - DAG(s) 'esports_dbt_pipeline' retrieved from /opt/airflow/dags/esports_dbt_dag.py
[2026-05-14T09:14:31.940+0000] {logging_mixin.py:188} INFO - [2026-05-14T09:14:31.939+0000] {dag.py:3033} INFO - Sync 1 DAGs
[2026-05-14T09:14:32.000+0000] {logging_mixin.py:188} INFO - [2026-05-14T09:14:32.000+0000] {dag.py:3820} INFO - Setting next_dagrun for esports_dbt_pipeline to 2026-05-14T00:00:00+00:00, run_after=2026-05-15T00:00:00+00:00
[2026-05-14T09:14:32.069+0000] {processor.py:183} INFO - Processing /opt/airflow/dags/esports_dbt_dag.py took 0.619 seconds
[2026-05-14T09:15:02.256+0000] {processor.py:161} INFO - Started process (PID=456) to work on /opt/airflow/dags/esports_dbt_dag.py
[2026-05-14T09:15:02.259+0000] {processor.py:830} INFO - Processing file /opt/airflow/dags/esports_dbt_dag.py for tasks to queue
[2026-05-14T09:15:02.261+0000] {logging_mixin.py:188} INFO - [2026-05-14T09:15:02.260+0000] {dagbag.py:538} INFO - Filling up the DagBag from /opt/airflow/dags/esports_dbt_dag.py
[2026-05-14T09:15:02.320+0000] {processor.py:840} INFO - DAG(s) 'esports_dbt_pipeline' retrieved from /opt/airflow/dags/esports_dbt_dag.py
[2026-05-14T09:15:02.401+0000] {logging_mixin.py:188} INFO - [2026-05-14T09:15:02.401+0000] {dag.py:3033} INFO - Sync 1 DAGs
[2026-05-14T09:15:02.463+0000] {logging_mixin.py:188} INFO - [2026-05-14T09:15:02.462+0000] {dag.py:3820} INFO - Setting next_dagrun for esports_dbt_pipeline to 2026-05-14T00:00:00+00:00, run_after=2026-05-15T00:00:00+00:00
[2026-05-14T09:15:02.528+0000] {processor.py:183} INFO - Processing /opt/airflow/dags/esports_dbt_dag.py took 0.282 seconds
[2026-05-14T09:15:33.071+0000] {processor.py:161} INFO - Started process (PID=466) to work on /opt/airflow/dags/esports_dbt_dag.py
[2026-05-14T09:15:33.074+0000] {processor.py:830} INFO - Processing file /opt/airflow/dags/esports_dbt_dag.py for tasks to queue
[2026-05-14T09:15:33.077+0000] {logging_mixin.py:188} INFO - [2026-05-14T09:15:33.076+0000] {dagbag.py:538} INFO - Filling up the DagBag from /opt/airflow/dags/esports_dbt_dag.py
[2026-05-14T09:15:33.132+0000] {processor.py:840} INFO - DAG(s) 'esports_dbt_pipeline' retrieved from /opt/airflow/dags/esports_dbt_dag.py
[2026-05-14T09:15:33.428+0000] {logging_mixin.py:188} INFO - [2026-05-14T09:15:33.428+0000] {dag.py:3033} INFO - Sync 1 DAGs
[2026-05-14T09:15:33.473+0000] {logging_mixin.py:188} INFO - [2026-05-14T09:15:33.472+0000] {dag.py:3820} INFO - Setting next_dagrun for esports_dbt_pipeline to 2026-05-14T00:00:00+00:00, run_after=2026-05-15T00:00:00+00:00
[2026-05-14T09:15:33.517+0000] {processor.py:183} INFO - Processing /opt/airflow/dags/esports_dbt_dag.py took 0.454 seconds
[2026-05-14T09:16:03.766+0000] {processor.py:161} INFO - Started process (PID=476) to work on /opt/airflow/dags/esports_dbt_dag.py
[2026-05-14T09:16:03.768+0000] {processor.py:830} INFO - Processing file /opt/airflow/dags/esports_dbt_dag.py for tasks to queue
[2026-05-14T09:16:03.770+0000] {logging_mixin.py:188} INFO - [2026-05-14T09:16:03.770+0000] {dagbag.py:538} INFO - Filling up the DagBag from /opt/airflow/dags/esports_dbt_dag.py
[2026-05-14T09:16:03.839+0000] {processor.py:840} INFO - DAG(s) 'esports_dbt_pipeline' retrieved from /opt/airflow/dags/esports_dbt_dag.py
[2026-05-14T09:16:03.934+0000] {logging_mixin.py:188} INFO - [2026-05-14T09:16:03.934+0000] {dag.py:3033} INFO - Sync 1 DAGs
[2026-05-14T09:16:04.006+0000] {logging_mixin.py:188} INFO - [2026-05-14T09:16:04.005+0000] {dag.py:3820} INFO - Setting next_dagrun for esports_dbt_pipeline to 2026-05-14T00:00:00+00:00, run_after=2026-05-15T00:00:00+00:00
[2026-05-14T09:16:04.054+0000] {processor.py:183} INFO - Processing /opt/airflow/dags/esports_dbt_dag.py took 0.296 seconds
[2026-05-14T09:16:34.448+0000] {processor.py:161} INFO - Started process (PID=486) to work on /opt/airflow/dags/esports_dbt_dag.py
[2026-05-14T09:16:34.450+0000] {processor.py:830} INFO - Processing file /opt/airflow/dags/esports_dbt_dag.py for tasks to queue
[2026-05-14T09:16:34.452+0000] {logging_mixin.py:188} INFO - [2026-05-14T09:16:34.451+0000] {dagbag.py:538} INFO - Filling up the DagBag from /opt/airflow/dags/esports_dbt_dag.py
[2026-05-14T09:16:34.496+0000] {processor.py:840} INFO - DAG(s) 'esports_dbt_pipeline' retrieved from /opt/airflow/dags/esports_dbt_dag.py
[2026-05-14T09:16:34.810+0000] {logging_mixin.py:188} INFO - [2026-05-14T09:16:34.810+0000] {dag.py:3033} INFO - Sync 1 DAGs
[2026-05-14T09:16:34.909+0000] {logging_mixin.py:188} INFO - [2026-05-14T09:16:34.907+0000] {dag.py:3820} INFO - Setting next_dagrun for esports_dbt_pipeline to 2026-05-14T00:00:00+00:00, run_after=2026-05-15T00:00:00+00:00
[2026-05-14T09:16:34.980+0000] {processor.py:183} INFO - Processing /opt/airflow/dags/esports_dbt_dag.py took 0.540 seconds
[2026-05-14T09:17:05.408+0000] {processor.py:161} INFO - Started process (PID=499) to work on /opt/airflow/dags/esports_dbt_dag.py
[2026-05-14T09:17:05.410+0000] {processor.py:830} INFO - Processing file /opt/airflow/dags/esports_dbt_dag.py for tasks to queue
[2026-05-14T09:17:05.412+0000] {logging_mixin.py:188} INFO - [2026-05-14T09:17:05.411+0000] {dagbag.py:538} INFO - Filling up the DagBag from /opt/airflow/dags/esports_dbt_dag.py
[2026-05-14T09:17:05.452+0000] {processor.py:840} INFO - DAG(s) 'esports_dbt_pipeline' retrieved from /opt/airflow/dags/esports_dbt_dag.py
[2026-05-14T09:17:05.522+0000] {logging_mixin.py:188} INFO - [2026-05-14T09:17:05.521+0000] {dag.py:3033} INFO - Sync 1 DAGs
[2026-05-14T09:17:05.590+0000] {logging_mixin.py:188} INFO - [2026-05-14T09:17:05.589+0000] {dag.py:3820} INFO - Setting next_dagrun for esports_dbt_pipeline to 2026-05-14T00:00:00+00:00, run_after=2026-05-15T00:00:00+00:00
[2026-05-14T09:17:05.633+0000] {processor.py:183} INFO - Processing /opt/airflow/dags/esports_dbt_dag.py took 0.233 seconds
[2026-05-14T09:17:36.159+0000] {processor.py:161} INFO - Started process (PID=506) to work on /opt/airflow/dags/esports_dbt_dag.py
[2026-05-14T09:17:36.163+0000] {processor.py:830} INFO - Processing file /opt/airflow/dags/esports_dbt_dag.py for tasks to queue
[2026-05-14T09:17:36.165+0000] {logging_mixin.py:188} INFO - [2026-05-14T09:17:36.164+0000] {dagbag.py:538} INFO - Filling up the DagBag from /opt/airflow/dags/esports_dbt_dag.py
[2026-05-14T09:17:36.224+0000] {processor.py:840} INFO - DAG(s) 'esports_dbt_pipeline' retrieved from /opt/airflow/dags/esports_dbt_dag.py
[2026-05-14T09:17:36.556+0000] {logging_mixin.py:188} INFO - [2026-05-14T09:17:36.556+0000] {dag.py:3033} INFO - Sync 1 DAGs
[2026-05-14T09:17:36.602+0000] {logging_mixin.py:188} INFO - [2026-05-14T09:17:36.601+0000] {dag.py:3820} INFO - Setting next_dagrun for esports_dbt_pipeline to 2026-05-14T00:00:00+00:00, run_after=2026-05-15T00:00:00+00:00
[2026-05-14T09:17:36.648+0000] {processor.py:183} INFO - Processing /opt/airflow/dags/esports_dbt_dag.py took 0.501 seconds
[2026-05-14T09:18:06.893+0000] {processor.py:161} INFO - Started process (PID=516) to work on /opt/airflow/dags/esports_dbt_dag.py
[2026-05-14T09:18:06.898+0000] {processor.py:830} INFO - Processing file /opt/airflow/dags/esports_dbt_dag.py for tasks to queue
[2026-05-14T09:18:06.903+0000] {logging_mixin.py:188} INFO - [2026-05-14T09:18:06.902+0000] {dagbag.py:538} INFO - Filling up the DagBag from /opt/airflow/dags/esports_dbt_dag.py
[2026-05-14T09:18:06.991+0000] {processor.py:840} INFO - DAG(s) 'esports_dbt_pipeline' retrieved from /opt/airflow/dags/esports_dbt_dag.py
[2026-05-14T09:18:07.142+0000] {logging_mixin.py:188} INFO - [2026-05-14T09:18:07.142+0000] {dag.py:3033} INFO - Sync 1 DAGs
[2026-05-14T09:18:07.211+0000] {logging_mixin.py:188} INFO - [2026-05-14T09:18:07.211+0000] {dag.py:3820} INFO - Setting next_dagrun for esports_dbt_pipeline to 2026-05-14T00:00:00+00:00, run_after=2026-05-15T00:00:00+00:00
[2026-05-14T09:18:07.267+0000] {processor.py:183} INFO - Processing /opt/airflow/dags/esports_dbt_dag.py took 0.383 seconds
[2026-05-14T09:18:37.675+0000] {processor.py:161} INFO - Started process (PID=526) to work on /opt/airflow/dags/esports_dbt_dag.py
[2026-05-14T09:18:37.677+0000] {processor.py:830} INFO - Processing file /opt/airflow/dags/esports_dbt_dag.py for tasks to queue
[2026-05-14T09:18:37.679+0000] {logging_mixin.py:188} INFO - [2026-05-14T09:18:37.678+0000] {dagbag.py:538} INFO - Filling up the DagBag from /opt/airflow/dags/esports_dbt_dag.py
[2026-05-14T09:18:37.729+0000] {processor.py:840} INFO - DAG(s) 'esports_dbt_pipeline' retrieved from /opt/airflow/dags/esports_dbt_dag.py
[2026-05-14T09:18:37.979+0000] {logging_mixin.py:188} INFO - [2026-05-14T09:18:37.979+0000] {dag.py:3033} INFO - Sync 1 DAGs
[2026-05-14T09:18:38.015+0000] {logging_mixin.py:188} INFO - [2026-05-14T09:18:38.015+0000] {dag.py:3820} INFO - Setting next_dagrun for esports_dbt_pipeline to 2026-05-14T00:00:00+00:00, run_after=2026-05-15T00:00:00+00:00
[2026-05-14T09:18:38.059+0000] {processor.py:183} INFO - Processing /opt/airflow/dags/esports_dbt_dag.py took 0.391 seconds
[2026-05-14T09:19:08.287+0000] {processor.py:161} INFO - Started process (PID=536) to work on /opt/airflow/dags/esports_dbt_dag.py
[2026-05-14T09:19:08.296+0000] {processor.py:830} INFO - Processing file /opt/airflow/dags/esports_dbt_dag.py for tasks to queue
[2026-05-14T09:19:08.301+0000] {logging_mixin.py:188} INFO - [2026-05-14T09:19:08.300+0000] {dagbag.py:538} INFO - Filling up the DagBag from /opt/airflow/dags/esports_dbt_dag.py
[2026-05-14T09:19:08.359+0000] {processor.py:840} INFO - DAG(s) 'esports_dbt_pipeline' retrieved from /opt/airflow/dags/esports_dbt_dag.py
[2026-05-14T09:19:08.433+0000] {logging_mixin.py:188} INFO - [2026-05-14T09:19:08.433+0000] {dag.py:3033} INFO - Sync 1 DAGs
[2026-05-14T09:19:08.478+0000] {logging_mixin.py:188} INFO - [2026-05-14T09:19:08.478+0000] {dag.py:3820} INFO - Setting next_dagrun for esports_dbt_pipeline to 2026-05-14T00:00:00+00:00, run_after=2026-05-15T00:00:00+00:00
[2026-05-14T09:19:08.530+0000] {processor.py:183} INFO - Processing /opt/airflow/dags/esports_dbt_dag.py took 0.257 seconds
[2026-05-14T09:19:39.230+0000] {processor.py:161} INFO - Started process (PID=546) to work on /opt/airflow/dags/esports_dbt_dag.py
[2026-05-14T09:19:39.233+0000] {processor.py:830} INFO - Processing file /opt/airflow/dags/esports_dbt_dag.py for tasks to queue
[2026-05-14T09:19:39.236+0000] {logging_mixin.py:188} INFO - [2026-05-14T09:19:39.235+0000] {dagbag.py:538} INFO - Filling up the DagBag from /opt/airflow/dags/esports_dbt_dag.py
[2026-05-14T09:19:39.300+0000] {processor.py:840} INFO - DAG(s) 'esports_dbt_pipeline' retrieved from /opt/airflow/dags/esports_dbt_dag.py
[2026-05-14T09:19:39.596+0000] {logging_mixin.py:188} INFO - [2026-05-14T09:19:39.596+0000] {dag.py:3033} INFO - Sync 1 DAGs
[2026-05-14T09:19:39.642+0000] {logging_mixin.py:188} INFO - [2026-05-14T09:19:39.641+0000] {dag.py:3820} INFO - Setting next_dagrun for esports_dbt_pipeline to 2026-05-14T00:00:00+00:00, run_after=2026-05-15T00:00:00+00:00
[2026-05-14T09:19:39.698+0000] {processor.py:183} INFO - Processing /opt/airflow/dags/esports_dbt_dag.py took 0.482 seconds
[2026-05-14T09:20:09.876+0000] {processor.py:161} INFO - Started process (PID=556) to work on /opt/airflow/dags/esports_dbt_dag.py
[2026-05-14T09:20:09.880+0000] {processor.py:830} INFO - Processing file /opt/airflow/dags/esports_dbt_dag.py for tasks to queue
[2026-05-14T09:20:09.883+0000] {logging_mixin.py:188} INFO - [2026-05-14T09:20:09.882+0000] {dagbag.py:538} INFO - Filling up the DagBag from /opt/airflow/dags/esports_dbt_dag.py
[2026-05-14T09:20:09.938+0000] {processor.py:840} INFO - DAG(s) 'esports_dbt_pipeline' retrieved from /opt/airflow/dags/esports_dbt_dag.py
[2026-05-14T09:20:10.018+0000] {logging_mixin.py:188} INFO - [2026-05-14T09:20:10.018+0000] {dag.py:3033} INFO - Sync 1 DAGs
[2026-05-14T09:20:10.085+0000] {logging_mixin.py:188} INFO - [2026-05-14T09:20:10.085+0000] {dag.py:3820} INFO - Setting next_dagrun for esports_dbt_pipeline to 2026-05-14T00:00:00+00:00, run_after=2026-05-15T00:00:00+00:00
[2026-05-14T09:20:10.136+0000] {processor.py:183} INFO - Processing /opt/airflow/dags/esports_dbt_dag.py took 0.270 seconds
[2026-05-14T09:20:40.499+0000] {processor.py:161} INFO - Started process (PID=566) to work on /opt/airflow/dags/esports_dbt_dag.py
[2026-05-14T09:20:40.502+0000] {processor.py:830} INFO - Processing file /opt/airflow/dags/esports_dbt_dag.py for tasks to queue
[2026-05-14T09:20:40.506+0000] {logging_mixin.py:188} INFO - [2026-05-14T09:20:40.505+0000] {dagbag.py:538} INFO - Filling up the DagBag from /opt/airflow/dags/esports_dbt_dag.py
[2026-05-14T09:20:40.579+0000] {processor.py:840} INFO - DAG(s) 'esports_dbt_pipeline' retrieved from /opt/airflow/dags/esports_dbt_dag.py
[2026-05-14T09:20:41.003+0000] {logging_mixin.py:188} INFO - [2026-05-14T09:20:41.003+0000] {dag.py:3033} INFO - Sync 1 DAGs
[2026-05-14T09:20:41.057+0000] {logging_mixin.py:188} INFO - [2026-05-14T09:20:41.056+0000] {dag.py:3820} INFO - Setting next_dagrun for esports_dbt_pipeline to 2026-05-14T00:00:00+00:00, run_after=2026-05-15T00:00:00+00:00
[2026-05-14T09:20:41.112+0000] {processor.py:183} INFO - Processing /opt/airflow/dags/esports_dbt_dag.py took 0.626 seconds
[2026-05-14T09:21:11.509+0000] {processor.py:161} INFO - Started process (PID=576) to work on /opt/airflow/dags/esports_dbt_dag.py
[2026-05-14T09:21:11.523+0000] {processor.py:830} INFO - Processing file /opt/airflow/dags/esports_dbt_dag.py for tasks to queue
[2026-05-14T09:21:11.526+0000] {logging_mixin.py:188} INFO - [2026-05-14T09:21:11.526+0000] {dagbag.py:538} INFO - Filling up the DagBag from /opt/airflow/dags/esports_dbt_dag.py
[2026-05-14T09:21:11.740+0000] {processor.py:840} INFO - DAG(s) 'esports_dbt_pipeline' retrieved from /opt/airflow/dags/esports_dbt_dag.py
[2026-05-14T09:21:11.948+0000] {logging_mixin.py:188} INFO - [2026-05-14T09:21:11.948+0000] {dag.py:3033} INFO - Sync 1 DAGs
[2026-05-14T09:21:12.117+0000] {logging_mixin.py:188} INFO - [2026-05-14T09:21:12.116+0000] {dag.py:3820} INFO - Setting next_dagrun for esports_dbt_pipeline to 2026-05-14T00:00:00+00:00, run_after=2026-05-15T00:00:00+00:00
[2026-05-14T09:21:12.258+0000] {processor.py:183} INFO - Processing /opt/airflow/dags/esports_dbt_dag.py took 0.769 seconds
[2026-05-14T09:21:43.086+0000] {processor.py:161} INFO - Started process (PID=586) to work on /opt/airflow/dags/esports_dbt_dag.py
[2026-05-14T09:21:43.087+0000] {processor.py:830} INFO - Processing file /opt/airflow/dags/esports_dbt_dag.py for tasks to queue
[2026-05-14T09:21:43.089+0000] {logging_mixin.py:188} INFO - [2026-05-14T09:21:43.089+0000] {dagbag.py:538} INFO - Filling up the DagBag from /opt/airflow/dags/esports_dbt_dag.py
[2026-05-14T09:21:43.134+0000] {processor.py:840} INFO - DAG(s) 'esports_dbt_pipeline' retrieved from /opt/airflow/dags/esports_dbt_dag.py
[2026-05-14T09:21:43.447+0000] {logging_mixin.py:188} INFO - [2026-05-14T09:21:43.446+0000] {dag.py:3033} INFO - Sync 1 DAGs
[2026-05-14T09:21:43.502+0000] {logging_mixin.py:188} INFO - [2026-05-14T09:21:43.501+0000] {dag.py:3820} INFO - Setting next_dagrun for esports_dbt_pipeline to 2026-05-14T00:00:00+00:00, run_after=2026-05-15T00:00:00+00:00
[2026-05-14T09:21:43.570+0000] {processor.py:183} INFO - Processing /opt/airflow/dags/esports_dbt_dag.py took 0.491 seconds
[2026-05-14T09:22:13.744+0000] {processor.py:161} INFO - Started process (PID=596) to work on /opt/airflow/dags/esports_dbt_dag.py
[2026-05-14T09:22:13.747+0000] {processor.py:830} INFO - Processing file /opt/airflow/dags/esports_dbt_dag.py for tasks to queue
[2026-05-14T09:22:13.749+0000] {logging_mixin.py:188} INFO - [2026-05-14T09:22:13.748+0000] {dagbag.py:538} INFO - Filling up the DagBag from /opt/airflow/dags/esports_dbt_dag.py
[2026-05-14T09:22:13.794+0000] {processor.py:840} INFO - DAG(s) 'esports_dbt_pipeline' retrieved from /opt/airflow/dags/esports_dbt_dag.py
[2026-05-14T09:22:13.857+0000] {logging_mixin.py:188} INFO - [2026-05-14T09:22:13.856+0000] {dag.py:3033} INFO - Sync 1 DAGs
[2026-05-14T09:22:13.913+0000] {logging_mixin.py:188} INFO - [2026-05-14T09:22:13.912+0000] {dag.py:3820} INFO - Setting next_dagrun for esports_dbt_pipeline to 2026-05-14T00:00:00+00:00, run_after=2026-05-15T00:00:00+00:00
[2026-05-14T09:22:13.954+0000] {processor.py:183} INFO - Processing /opt/airflow/dags/esports_dbt_dag.py took 0.217 seconds
[2026-05-14T09:22:44.590+0000] {processor.py:161} INFO - Started process (PID=606) to work on /opt/airflow/dags/esports_dbt_dag.py
[2026-05-14T09:22:44.595+0000] {processor.py:830} INFO - Processing file /opt/airflow/dags/esports_dbt_dag.py for tasks to queue
[2026-05-14T09:22:44.600+0000] {logging_mixin.py:188} INFO - [2026-05-14T09:22:44.599+0000] {dagbag.py:538} INFO - Filling up the DagBag from /opt/airflow/dags/esports_dbt_dag.py
[2026-05-14T09:22:44.689+0000] {processor.py:840} INFO - DAG(s) 'esports_dbt_pipeline' retrieved from /opt/airflow/dags/esports_dbt_dag.py
[2026-05-14T09:22:45.176+0000] {logging_mixin.py:188} INFO - [2026-05-14T09:22:45.176+0000] {dag.py:3033} INFO - Sync 1 DAGs
[2026-05-14T09:22:45.258+0000] {logging_mixin.py:188} INFO - [2026-05-14T09:22:45.256+0000] {dag.py:3820} INFO - Setting next_dagrun for esports_dbt_pipeline to 2026-05-14T00:00:00+00:00, run_after=2026-05-15T00:00:00+00:00
[2026-05-14T09:22:45.371+0000] {processor.py:183} INFO - Processing /opt/airflow/dags/esports_dbt_dag.py took 0.795 seconds
[2026-05-14T09:23:15.559+0000] {processor.py:161} INFO - Started process (PID=616) to work on /opt/airflow/dags/esports_dbt_dag.py
[2026-05-14T09:23:15.562+0000] {processor.py:830} INFO - Processing file /opt/airflow/dags/esports_dbt_dag.py for tasks to queue
[2026-05-14T09:23:15.566+0000] {logging_mixin.py:188} INFO - [2026-05-14T09:23:15.565+0000] {dagbag.py:538} INFO - Filling up the DagBag from /opt/airflow/dags/esports_dbt_dag.py
[2026-05-14T09:23:15.677+0000] {processor.py:840} INFO - DAG(s) 'esports_dbt_pipeline' retrieved from /opt/airflow/dags/esports_dbt_dag.py
[2026-05-14T09:23:15.806+0000] {logging_mixin.py:188} INFO - [2026-05-14T09:23:15.806+0000] {dag.py:3033} INFO - Sync 1 DAGs
[2026-05-14T09:23:15.901+0000] {logging_mixin.py:188} INFO - [2026-05-14T09:23:15.901+0000] {dag.py:3820} INFO - Setting next_dagrun for esports_dbt_pipeline to 2026-05-14T00:00:00+00:00, run_after=2026-05-15T00:00:00+00:00
[2026-05-14T09:23:15.982+0000] {processor.py:183} INFO - Processing /opt/airflow/dags/esports_dbt_dag.py took 0.435 seconds
[2026-05-14T09:23:46.306+0000] {processor.py:161} INFO - Started process (PID=626) to work on /opt/airflow/dags/esports_dbt_dag.py
[2026-05-14T09:23:46.308+0000] {processor.py:830} INFO - Processing file /opt/airflow/dags/esports_dbt_dag.py for tasks to queue
[2026-05-14T09:23:46.310+0000] {logging_mixin.py:188} INFO - [2026-05-14T09:23:46.309+0000] {dagbag.py:538} INFO - Filling up the DagBag from /opt/airflow/dags/esports_dbt_dag.py
[2026-05-14T09:23:46.346+0000] {processor.py:840} INFO - DAG(s) 'esports_dbt_pipeline' retrieved from /opt/airflow/dags/esports_dbt_dag.py
[2026-05-14T09:23:46.536+0000] {logging_mixin.py:188} INFO - [2026-05-14T09:23:46.536+0000] {dag.py:3033} INFO - Sync 1 DAGs
[2026-05-14T09:23:46.585+0000] {logging_mixin.py:188} INFO - [2026-05-14T09:23:46.585+0000] {dag.py:3820} INFO - Setting next_dagrun for esports_dbt_pipeline to 2026-05-14T00:00:00+00:00, run_after=2026-05-15T00:00:00+00:00
[2026-05-14T09:23:46.629+0000] {processor.py:183} INFO - Processing /opt/airflow/dags/esports_dbt_dag.py took 0.331 seconds
[2026-05-14T09:24:16.957+0000] {processor.py:161} INFO - Started process (PID=636) to work on /opt/airflow/dags/esports_dbt_dag.py
[2026-05-14T09:24:16.962+0000] {processor.py:830} INFO - Processing file /opt/airflow/dags/esports_dbt_dag.py for tasks to queue
[2026-05-14T09:24:16.964+0000] {logging_mixin.py:188} INFO - [2026-05-14T09:24:16.964+0000] {dagbag.py:538} INFO - Filling up the DagBag from /opt/airflow/dags/esports_dbt_dag.py
[2026-05-14T09:24:17.031+0000] {processor.py:840} INFO - DAG(s) 'esports_dbt_pipeline' retrieved from /opt/airflow/dags/esports_dbt_dag.py
[2026-05-14T09:24:17.120+0000] {logging_mixin.py:188} INFO - [2026-05-14T09:24:17.120+0000] {dag.py:3033} INFO - Sync 1 DAGs
[2026-05-14T09:24:17.189+0000] {logging_mixin.py:188} INFO - [2026-05-14T09:24:17.189+0000] {dag.py:3820} INFO - Setting next_dagrun for esports_dbt_pipeline to 2026-05-14T00:00:00+00:00, run_after=2026-05-15T00:00:00+00:00
[2026-05-14T09:24:17.260+0000] {processor.py:183} INFO - Processing /opt/airflow/dags/esports_dbt_dag.py took 0.314 seconds
[2026-05-14T09:24:47.605+0000] {processor.py:161} INFO - Started process (PID=646) to work on /opt/airflow/dags/esports_dbt_dag.py
[2026-05-14T09:24:47.607+0000] {processor.py:830} INFO - Processing file /opt/airflow/dags/esports_dbt_dag.py for tasks to queue
[2026-05-14T09:24:47.609+0000] {logging_mixin.py:188} INFO - [2026-05-14T09:24:47.608+0000] {dagbag.py:538} INFO - Filling up the DagBag from /opt/airflow/dags/esports_dbt_dag.py
[2026-05-14T09:24:47.654+0000] {processor.py:840} INFO - DAG(s) 'esports_dbt_pipeline' retrieved from /opt/airflow/dags/esports_dbt_dag.py
[2026-05-14T09:24:47.914+0000] {logging_mixin.py:188} INFO - [2026-05-14T09:24:47.913+0000] {dag.py:3033} INFO - Sync 1 DAGs
[2026-05-14T09:24:47.954+0000] {logging_mixin.py:188} INFO - [2026-05-14T09:24:47.953+0000] {dag.py:3820} INFO - Setting next_dagrun for esports_dbt_pipeline to 2026-05-14T00:00:00+00:00, run_after=2026-05-15T00:00:00+00:00
[2026-05-14T09:24:47.990+0000] {processor.py:183} INFO - Processing /opt/airflow/dags/esports_dbt_dag.py took 0.394 seconds
[2026-05-14T09:25:18.193+0000] {processor.py:161} INFO - Started process (PID=656) to work on /opt/airflow/dags/esports_dbt_dag.py
[2026-05-14T09:25:18.198+0000] {processor.py:830} INFO - Processing file /opt/airflow/dags/esports_dbt_dag.py for tasks to queue
[2026-05-14T09:25:18.201+0000] {logging_mixin.py:188} INFO - [2026-05-14T09:25:18.201+0000] {dagbag.py:538} INFO - Filling up the DagBag from /opt/airflow/dags/esports_dbt_dag.py
[2026-05-14T09:25:18.262+0000] {processor.py:840} INFO - DAG(s) 'esports_dbt_pipeline' retrieved from /opt/airflow/dags/esports_dbt_dag.py
[2026-05-14T09:25:18.341+0000] {logging_mixin.py:188} INFO - [2026-05-14T09:25:18.341+0000] {dag.py:3033} INFO - Sync 1 DAGs
[2026-05-14T09:25:18.402+0000] {logging_mixin.py:188} INFO - [2026-05-14T09:25:18.402+0000] {dag.py:3820} INFO - Setting next_dagrun for esports_dbt_pipeline to 2026-05-14T00:00:00+00:00, run_after=2026-05-15T00:00:00+00:00
[2026-05-14T09:25:18.473+0000] {processor.py:183} INFO - Processing /opt/airflow/dags/esports_dbt_dag.py took 0.294 seconds
[2026-05-14T09:25:48.868+0000] {processor.py:161} INFO - Started process (PID=666) to work on /opt/airflow/dags/esports_dbt_dag.py
[2026-05-14T09:25:48.875+0000] {processor.py:830} INFO - Processing file /opt/airflow/dags/esports_dbt_dag.py for tasks to queue
[2026-05-14T09:25:48.884+0000] {logging_mixin.py:188} INFO - [2026-05-14T09:25:48.884+0000] {dagbag.py:538} INFO - Filling up the DagBag from /opt/airflow/dags/esports_dbt_dag.py
[2026-05-14T09:25:49.019+0000] {processor.py:840} INFO - DAG(s) 'esports_dbt_pipeline' retrieved from /opt/airflow/dags/esports_dbt_dag.py
[2026-05-14T09:25:49.380+0000] {logging_mixin.py:188} INFO - [2026-05-14T09:25:49.379+0000] {dag.py:3033} INFO - Sync 1 DAGs
[2026-05-14T09:25:49.463+0000] {logging_mixin.py:188} INFO - [2026-05-14T09:25:49.463+0000] {dag.py:3820} INFO - Setting next_dagrun for esports_dbt_pipeline to 2026-05-14T00:00:00+00:00, run_after=2026-05-15T00:00:00+00:00
[2026-05-14T09:25:49.557+0000] {processor.py:183} INFO - Processing /opt/airflow/dags/esports_dbt_dag.py took 0.699 seconds
[2026-05-14T09:26:20.111+0000] {processor.py:161} INFO - Started process (PID=676) to work on /opt/airflow/dags/esports_dbt_dag.py
[2026-05-14T09:26:20.123+0000] {processor.py:830} INFO - Processing file /opt/airflow/dags/esports_dbt_dag.py for tasks to queue
[2026-05-14T09:26:20.131+0000] {logging_mixin.py:188} INFO - [2026-05-14T09:26:20.131+0000] {dagbag.py:538} INFO - Filling up the DagBag from /opt/airflow/dags/esports_dbt_dag.py
[2026-05-14T09:26:20.261+0000] {processor.py:840} INFO - DAG(s) 'esports_dbt_pipeline' retrieved from /opt/airflow/dags/esports_dbt_dag.py
[2026-05-14T09:26:20.383+0000] {logging_mixin.py:188} INFO - [2026-05-14T09:26:20.383+0000] {dag.py:3033} INFO - Sync 1 DAGs
[2026-05-14T09:26:20.471+0000] {logging_mixin.py:188} INFO - [2026-05-14T09:26:20.471+0000] {dag.py:3820} INFO - Setting next_dagrun for esports_dbt_pipeline to 2026-05-14T00:00:00+00:00, run_after=2026-05-15T00:00:00+00:00
[2026-05-14T09:26:20.537+0000] {processor.py:183} INFO - Processing /opt/airflow/dags/esports_dbt_dag.py took 0.446 seconds
[2026-05-14T09:26:50.671+0000] {processor.py:161} INFO - Started process (PID=686) to work on /opt/airflow/dags/esports_dbt_dag.py
[2026-05-14T09:26:50.673+0000] {processor.py:830} INFO - Processing file /opt/airflow/dags/esports_dbt_dag.py for tasks to queue
[2026-05-14T09:26:50.676+0000] {logging_mixin.py:188} INFO - [2026-05-14T09:26:50.675+0000] {dagbag.py:538} INFO - Filling up the DagBag from /opt/airflow/dags/esports_dbt_dag.py
[2026-05-14T09:26:50.721+0000] {processor.py:840} INFO - DAG(s) 'esports_dbt_pipeline' retrieved from /opt/airflow/dags/esports_dbt_dag.py
[2026-05-14T09:26:51.003+0000] {logging_mixin.py:188} INFO - [2026-05-14T09:26:51.003+0000] {dag.py:3033} INFO - Sync 1 DAGs
[2026-05-14T09:26:51.059+0000] {logging_mixin.py:188} INFO - [2026-05-14T09:26:51.058+0000] {dag.py:3820} INFO - Setting next_dagrun for esports_dbt_pipeline to 2026-05-14T00:00:00+00:00, run_after=2026-05-15T00:00:00+00:00
[2026-05-14T09:26:51.124+0000] {processor.py:183} INFO - Processing /opt/airflow/dags/esports_dbt_dag.py took 0.460 seconds
