[2026-05-07T06:11:17.203+0000] {taskinstance.py:1957} INFO - Dependencies all met for dep_context=non-requeueable deps ti=<TaskInstance: esports_dbt_pipeline.dbt_build scheduled__2026-05-06T00:00:00+00:00 [queued]>
[2026-05-07T06:11:17.223+0000] {taskinstance.py:1957} INFO - Dependencies all met for dep_context=requeueable deps ti=<TaskInstance: esports_dbt_pipeline.dbt_build scheduled__2026-05-06T00:00:00+00:00 [queued]>
[2026-05-07T06:11:17.224+0000] {taskinstance.py:2171} INFO - Starting attempt 2 of 2
[2026-05-07T06:11:17.262+0000] {taskinstance.py:2192} INFO - Executing <Task(BashOperator): dbt_build> on 2026-05-06 00:00:00+00:00
[2026-05-07T06:11:17.275+0000] {standard_task_runner.py:60} INFO - Started process 230 to run task
[2026-05-07T06:11:17.284+0000] {standard_task_runner.py:87} INFO - Running: ['***', 'tasks', 'run', 'esports_dbt_pipeline', 'dbt_build', 'scheduled__2026-05-06T00:00:00+00:00', '--job-id', '6', '--raw', '--subdir', 'DAGS_FOLDER/dag1.py', '--cfg-path', '/tmp/tmpgukasux3']
[2026-05-07T06:11:17.292+0000] {standard_task_runner.py:88} INFO - Job 6: Subtask dbt_build
[2026-05-07T06:11:17.419+0000] {task_command.py:423} INFO - Running <TaskInstance: esports_dbt_pipeline.dbt_build scheduled__2026-05-06T00:00:00+00:00 [running]> on host d1c7630b0373
[2026-05-07T06:11:17.661+0000] {taskinstance.py:2481} INFO - Exporting env vars: AIRFLOW_CTX_DAG_OWNER='you' AIRFLOW_CTX_DAG_ID='esports_dbt_pipeline' AIRFLOW_CTX_TASK_ID='dbt_build' AIRFLOW_CTX_EXECUTION_DATE='2026-05-06T00:00:00+00:00' AIRFLOW_CTX_TRY_NUMBER='2' AIRFLOW_CTX_DAG_RUN_ID='scheduled__2026-05-06T00:00:00+00:00'
[2026-05-07T06:11:17.665+0000] {subprocess.py:63} INFO - Tmp dir root location: /tmp
[2026-05-07T06:11:17.670+0000] {subprocess.py:75} INFO - Running command: ['/usr/bin/bash', '-c', 'cd /usr/app/esports_dbt && dbt build']
[2026-05-07T06:11:17.707+0000] {subprocess.py:86} INFO - Output:
[2026-05-07T06:11:17.779+0000] {subprocess.py:93} INFO - /usr/bin/bash: line 1: cd: /usr/app/esports_dbt: No such file or directory
[2026-05-07T06:11:17.783+0000] {subprocess.py:97} INFO - Command exited with return code 1
[2026-05-07T06:11:17.821+0000] {taskinstance.py:2699} ERROR - Task failed with exception
Traceback (most recent call last):
  File "/home/airflow/.local/lib/python3.8/site-packages/airflow/models/taskinstance.py", line 433, in _execute_task
    result = execute_callable(context=context, **execute_callable_kwargs)
  File "/home/airflow/.local/lib/python3.8/site-packages/airflow/operators/bash.py", line 212, in execute
    raise AirflowException(
airflow.exceptions.AirflowException: Bash command failed. The command returned a non-zero exit code 1.
[2026-05-07T06:11:17.836+0000] {taskinstance.py:1138} INFO - Marking task as FAILED. dag_id=esports_dbt_pipeline, task_id=dbt_build, execution_date=20260506T000000, start_date=20260507T061117, end_date=20260507T061117
[2026-05-07T06:11:17.876+0000] {standard_task_runner.py:107} ERROR - Failed to execute job 6 for task dbt_build (Bash command failed. The command returned a non-zero exit code 1.; 230)
[2026-05-07T06:11:17.910+0000] {local_task_job_runner.py:234} INFO - Task exited with return code 1
[2026-05-07T06:11:17.965+0000] {taskinstance.py:3281} INFO - 0 downstream tasks scheduled from follow-on schedule check
