[2026-05-19T05:02:57.790+0000] {processor.py:161} INFO - Started process (PID=165) to work on /opt/airflow/dags/dag1.py
[2026-05-19T05:02:57.803+0000] {processor.py:830} INFO - Processing file /opt/airflow/dags/dag1.py for tasks to queue
[2026-05-19T05:02:57.830+0000] {logging_mixin.py:188} INFO - [2026-05-19T05:02:57.805+0000] {dagbag.py:538} INFO - Filling up the DagBag from /opt/airflow/dags/dag1.py
[2026-05-19T05:02:58.019+0000] {processor.py:840} INFO - DAG(s) 'esports_dbt_pipeline' retrieved from /opt/airflow/dags/dag1.py
[2026-05-19T05:03:02.582+0000] {logging_mixin.py:188} INFO - [2026-05-19T05:03:02.582+0000] {dag.py:3033} INFO - Sync 1 DAGs
[2026-05-19T05:03:02.814+0000] {logging_mixin.py:188} INFO - [2026-05-19T05:03:02.808+0000] {dag.py:3820} INFO - Setting next_dagrun for esports_dbt_pipeline to 2026-05-19T00:00:00+00:00, run_after=2026-05-20T00:00:00+00:00
[2026-05-19T05:03:03.042+0000] {processor.py:183} INFO - Processing /opt/airflow/dags/dag1.py took 5.357 seconds
[2026-05-19T05:03:33.646+0000] {processor.py:161} INFO - Started process (PID=195) to work on /opt/airflow/dags/dag1.py
[2026-05-19T05:03:33.649+0000] {processor.py:830} INFO - Processing file /opt/airflow/dags/dag1.py for tasks to queue
[2026-05-19T05:03:33.655+0000] {logging_mixin.py:188} INFO - [2026-05-19T05:03:33.654+0000] {dagbag.py:538} INFO - Filling up the DagBag from /opt/airflow/dags/dag1.py
[2026-05-19T05:03:33.788+0000] {processor.py:840} INFO - DAG(s) 'esports_dbt_pipeline' retrieved from /opt/airflow/dags/dag1.py
[2026-05-19T05:03:33.868+0000] {logging_mixin.py:188} INFO - [2026-05-19T05:03:33.868+0000] {dag.py:3033} INFO - Sync 1 DAGs
[2026-05-19T05:03:33.973+0000] {logging_mixin.py:188} INFO - [2026-05-19T05:03:33.971+0000] {dag.py:3820} INFO - Setting next_dagrun for esports_dbt_pipeline to 2026-05-19T00:00:00+00:00, run_after=2026-05-20T00:00:00+00:00
[2026-05-19T05:03:34.069+0000] {processor.py:183} INFO - Processing /opt/airflow/dags/dag1.py took 0.441 seconds
[2026-05-19T05:04:04.443+0000] {processor.py:161} INFO - Started process (PID=205) to work on /opt/airflow/dags/dag1.py
[2026-05-19T05:04:04.444+0000] {processor.py:830} INFO - Processing file /opt/airflow/dags/dag1.py for tasks to queue
[2026-05-19T05:04:04.446+0000] {logging_mixin.py:188} INFO - [2026-05-19T05:04:04.446+0000] {dagbag.py:538} INFO - Filling up the DagBag from /opt/airflow/dags/dag1.py
[2026-05-19T05:04:04.506+0000] {processor.py:840} INFO - DAG(s) 'esports_dbt_pipeline' retrieved from /opt/airflow/dags/dag1.py
[2026-05-19T05:04:04.766+0000] {logging_mixin.py:188} INFO - [2026-05-19T05:04:04.766+0000] {dag.py:3033} INFO - Sync 1 DAGs
[2026-05-19T05:04:04.813+0000] {logging_mixin.py:188} INFO - [2026-05-19T05:04:04.812+0000] {dag.py:3820} INFO - Setting next_dagrun for esports_dbt_pipeline to 2026-05-19T00:00:00+00:00, run_after=2026-05-20T00:00:00+00:00
[2026-05-19T05:04:04.856+0000] {processor.py:183} INFO - Processing /opt/airflow/dags/dag1.py took 0.420 seconds
[2026-05-19T05:04:35.188+0000] {processor.py:161} INFO - Started process (PID=215) to work on /opt/airflow/dags/dag1.py
[2026-05-19T05:04:35.190+0000] {processor.py:830} INFO - Processing file /opt/airflow/dags/dag1.py for tasks to queue
[2026-05-19T05:04:35.192+0000] {logging_mixin.py:188} INFO - [2026-05-19T05:04:35.192+0000] {dagbag.py:538} INFO - Filling up the DagBag from /opt/airflow/dags/dag1.py
[2026-05-19T05:04:35.236+0000] {processor.py:840} INFO - DAG(s) 'esports_dbt_pipeline' retrieved from /opt/airflow/dags/dag1.py
[2026-05-19T05:04:35.294+0000] {logging_mixin.py:188} INFO - [2026-05-19T05:04:35.294+0000] {dag.py:3033} INFO - Sync 1 DAGs
[2026-05-19T05:04:35.338+0000] {logging_mixin.py:188} INFO - [2026-05-19T05:04:35.338+0000] {dag.py:3820} INFO - Setting next_dagrun for esports_dbt_pipeline to 2026-05-19T00:00:00+00:00, run_after=2026-05-20T00:00:00+00:00
[2026-05-19T05:04:35.377+0000] {processor.py:183} INFO - Processing /opt/airflow/dags/dag1.py took 0.197 seconds
[2026-05-19T05:05:05.567+0000] {processor.py:161} INFO - Started process (PID=225) to work on /opt/airflow/dags/dag1.py
[2026-05-19T05:05:05.570+0000] {processor.py:830} INFO - Processing file /opt/airflow/dags/dag1.py for tasks to queue
[2026-05-19T05:05:05.575+0000] {logging_mixin.py:188} INFO - [2026-05-19T05:05:05.574+0000] {dagbag.py:538} INFO - Filling up the DagBag from /opt/airflow/dags/dag1.py
[2026-05-19T05:05:05.667+0000] {processor.py:840} INFO - DAG(s) 'esports_dbt_pipeline' retrieved from /opt/airflow/dags/dag1.py
[2026-05-19T05:05:05.790+0000] {logging_mixin.py:188} INFO - [2026-05-19T05:05:05.789+0000] {dag.py:3033} INFO - Sync 1 DAGs
[2026-05-19T05:05:05.914+0000] {logging_mixin.py:188} INFO - [2026-05-19T05:05:05.914+0000] {dag.py:3820} INFO - Setting next_dagrun for esports_dbt_pipeline to 2026-05-19T00:00:00+00:00, run_after=2026-05-20T00:00:00+00:00
[2026-05-19T05:05:06.033+0000] {processor.py:183} INFO - Processing /opt/airflow/dags/dag1.py took 0.467 seconds
[2026-05-19T05:05:36.134+0000] {processor.py:161} INFO - Started process (PID=235) to work on /opt/airflow/dags/dag1.py
[2026-05-19T05:05:36.136+0000] {processor.py:830} INFO - Processing file /opt/airflow/dags/dag1.py for tasks to queue
[2026-05-19T05:05:36.138+0000] {logging_mixin.py:188} INFO - [2026-05-19T05:05:36.137+0000] {dagbag.py:538} INFO - Filling up the DagBag from /opt/airflow/dags/dag1.py
[2026-05-19T05:05:36.184+0000] {processor.py:840} INFO - DAG(s) 'esports_dbt_pipeline' retrieved from /opt/airflow/dags/dag1.py
[2026-05-19T05:05:36.381+0000] {logging_mixin.py:188} INFO - [2026-05-19T05:05:36.381+0000] {dag.py:3033} INFO - Sync 1 DAGs
[2026-05-19T05:05:36.420+0000] {logging_mixin.py:188} INFO - [2026-05-19T05:05:36.420+0000] {dag.py:3820} INFO - Setting next_dagrun for esports_dbt_pipeline to 2026-05-19T00:00:00+00:00, run_after=2026-05-20T00:00:00+00:00
[2026-05-19T05:05:36.470+0000] {processor.py:183} INFO - Processing /opt/airflow/dags/dag1.py took 0.340 seconds
[2026-05-19T05:06:06.638+0000] {processor.py:161} INFO - Started process (PID=245) to work on /opt/airflow/dags/dag1.py
[2026-05-19T05:06:06.639+0000] {processor.py:830} INFO - Processing file /opt/airflow/dags/dag1.py for tasks to queue
[2026-05-19T05:06:06.641+0000] {logging_mixin.py:188} INFO - [2026-05-19T05:06:06.640+0000] {dagbag.py:538} INFO - Filling up the DagBag from /opt/airflow/dags/dag1.py
[2026-05-19T05:06:06.675+0000] {processor.py:840} INFO - DAG(s) 'esports_dbt_pipeline' retrieved from /opt/airflow/dags/dag1.py
[2026-05-19T05:06:06.725+0000] {logging_mixin.py:188} INFO - [2026-05-19T05:06:06.724+0000] {dag.py:3033} INFO - Sync 1 DAGs
[2026-05-19T05:06:06.761+0000] {logging_mixin.py:188} INFO - [2026-05-19T05:06:06.761+0000] {dag.py:3820} INFO - Setting next_dagrun for esports_dbt_pipeline to 2026-05-19T00:00:00+00:00, run_after=2026-05-20T00:00:00+00:00
[2026-05-19T05:06:06.803+0000] {processor.py:183} INFO - Processing /opt/airflow/dags/dag1.py took 0.170 seconds
[2026-05-19T05:06:37.138+0000] {processor.py:161} INFO - Started process (PID=255) to work on /opt/airflow/dags/dag1.py
[2026-05-19T05:06:37.140+0000] {processor.py:830} INFO - Processing file /opt/airflow/dags/dag1.py for tasks to queue
[2026-05-19T05:06:37.142+0000] {logging_mixin.py:188} INFO - [2026-05-19T05:06:37.141+0000] {dagbag.py:538} INFO - Filling up the DagBag from /opt/airflow/dags/dag1.py
[2026-05-19T05:06:37.188+0000] {processor.py:840} INFO - DAG(s) 'esports_dbt_pipeline' retrieved from /opt/airflow/dags/dag1.py
[2026-05-19T05:06:37.224+0000] {logging_mixin.py:188} INFO - [2026-05-19T05:06:37.224+0000] {dag.py:3033} INFO - Sync 1 DAGs
[2026-05-19T05:06:37.270+0000] {logging_mixin.py:188} INFO - [2026-05-19T05:06:37.269+0000] {dag.py:3820} INFO - Setting next_dagrun for esports_dbt_pipeline to 2026-05-19T00:00:00+00:00, run_after=2026-05-20T00:00:00+00:00
[2026-05-19T05:06:37.323+0000] {processor.py:183} INFO - Processing /opt/airflow/dags/dag1.py took 0.190 seconds
[2026-05-19T05:07:07.690+0000] {processor.py:161} INFO - Started process (PID=265) to work on /opt/airflow/dags/dag1.py
[2026-05-19T05:07:07.691+0000] {processor.py:830} INFO - Processing file /opt/airflow/dags/dag1.py for tasks to queue
[2026-05-19T05:07:07.693+0000] {logging_mixin.py:188} INFO - [2026-05-19T05:07:07.693+0000] {dagbag.py:538} INFO - Filling up the DagBag from /opt/airflow/dags/dag1.py
[2026-05-19T05:07:07.728+0000] {processor.py:840} INFO - DAG(s) 'esports_dbt_pipeline' retrieved from /opt/airflow/dags/dag1.py
[2026-05-19T05:07:07.895+0000] {logging_mixin.py:188} INFO - [2026-05-19T05:07:07.894+0000] {dag.py:3033} INFO - Sync 1 DAGs
[2026-05-19T05:07:07.928+0000] {logging_mixin.py:188} INFO - [2026-05-19T05:07:07.927+0000] {dag.py:3820} INFO - Setting next_dagrun for esports_dbt_pipeline to 2026-05-19T00:00:00+00:00, run_after=2026-05-20T00:00:00+00:00
[2026-05-19T05:07:07.963+0000] {processor.py:183} INFO - Processing /opt/airflow/dags/dag1.py took 0.278 seconds
[2026-05-19T05:07:38.247+0000] {processor.py:161} INFO - Started process (PID=275) to work on /opt/airflow/dags/dag1.py
[2026-05-19T05:07:38.249+0000] {processor.py:830} INFO - Processing file /opt/airflow/dags/dag1.py for tasks to queue
[2026-05-19T05:07:38.253+0000] {logging_mixin.py:188} INFO - [2026-05-19T05:07:38.252+0000] {dagbag.py:538} INFO - Filling up the DagBag from /opt/airflow/dags/dag1.py
[2026-05-19T05:07:38.300+0000] {processor.py:840} INFO - DAG(s) 'esports_dbt_pipeline' retrieved from /opt/airflow/dags/dag1.py
[2026-05-19T05:07:38.361+0000] {logging_mixin.py:188} INFO - [2026-05-19T05:07:38.361+0000] {dag.py:3033} INFO - Sync 1 DAGs
[2026-05-19T05:07:38.411+0000] {logging_mixin.py:188} INFO - [2026-05-19T05:07:38.410+0000] {dag.py:3820} INFO - Setting next_dagrun for esports_dbt_pipeline to 2026-05-19T00:00:00+00:00, run_after=2026-05-20T00:00:00+00:00
[2026-05-19T05:07:38.451+0000] {processor.py:183} INFO - Processing /opt/airflow/dags/dag1.py took 0.211 seconds
[2026-05-19T05:08:08.801+0000] {processor.py:161} INFO - Started process (PID=285) to work on /opt/airflow/dags/dag1.py
[2026-05-19T05:08:08.802+0000] {processor.py:830} INFO - Processing file /opt/airflow/dags/dag1.py for tasks to queue
[2026-05-19T05:08:08.805+0000] {logging_mixin.py:188} INFO - [2026-05-19T05:08:08.804+0000] {dagbag.py:538} INFO - Filling up the DagBag from /opt/airflow/dags/dag1.py
[2026-05-19T05:08:08.843+0000] {processor.py:840} INFO - DAG(s) 'esports_dbt_pipeline' retrieved from /opt/airflow/dags/dag1.py
[2026-05-19T05:08:08.872+0000] {logging_mixin.py:188} INFO - [2026-05-19T05:08:08.871+0000] {dag.py:3033} INFO - Sync 1 DAGs
[2026-05-19T05:08:08.916+0000] {logging_mixin.py:188} INFO - [2026-05-19T05:08:08.915+0000] {dag.py:3820} INFO - Setting next_dagrun for esports_dbt_pipeline to 2026-05-19T00:00:00+00:00, run_after=2026-05-20T00:00:00+00:00
[2026-05-19T05:08:08.948+0000] {processor.py:183} INFO - Processing /opt/airflow/dags/dag1.py took 0.153 seconds
[2026-05-19T05:08:39.325+0000] {processor.py:161} INFO - Started process (PID=312) to work on /opt/airflow/dags/dag1.py
[2026-05-19T05:08:39.327+0000] {processor.py:830} INFO - Processing file /opt/airflow/dags/dag1.py for tasks to queue
[2026-05-19T05:08:39.329+0000] {logging_mixin.py:188} INFO - [2026-05-19T05:08:39.329+0000] {dagbag.py:538} INFO - Filling up the DagBag from /opt/airflow/dags/dag1.py
[2026-05-19T05:08:39.368+0000] {processor.py:840} INFO - DAG(s) 'esports_dbt_pipeline' retrieved from /opt/airflow/dags/dag1.py
[2026-05-19T05:08:39.615+0000] {logging_mixin.py:188} INFO - [2026-05-19T05:08:39.614+0000] {dag.py:3033} INFO - Sync 1 DAGs
[2026-05-19T05:08:39.661+0000] {logging_mixin.py:188} INFO - [2026-05-19T05:08:39.661+0000] {dag.py:3820} INFO - Setting next_dagrun for esports_dbt_pipeline to 2026-05-19T00:00:00+00:00, run_after=2026-05-20T00:00:00+00:00
[2026-05-19T05:08:39.703+0000] {processor.py:183} INFO - Processing /opt/airflow/dags/dag1.py took 0.384 seconds
[2026-05-19T05:09:10.029+0000] {processor.py:161} INFO - Started process (PID=322) to work on /opt/airflow/dags/dag1.py
[2026-05-19T05:09:10.031+0000] {processor.py:830} INFO - Processing file /opt/airflow/dags/dag1.py for tasks to queue
[2026-05-19T05:09:10.033+0000] {logging_mixin.py:188} INFO - [2026-05-19T05:09:10.033+0000] {dagbag.py:538} INFO - Filling up the DagBag from /opt/airflow/dags/dag1.py
[2026-05-19T05:09:10.079+0000] {processor.py:840} INFO - DAG(s) 'esports_dbt_pipeline' retrieved from /opt/airflow/dags/dag1.py
[2026-05-19T05:09:10.140+0000] {logging_mixin.py:188} INFO - [2026-05-19T05:09:10.140+0000] {dag.py:3033} INFO - Sync 1 DAGs
[2026-05-19T05:09:10.183+0000] {logging_mixin.py:188} INFO - [2026-05-19T05:09:10.183+0000] {dag.py:3820} INFO - Setting next_dagrun for esports_dbt_pipeline to 2026-05-19T00:00:00+00:00, run_after=2026-05-20T00:00:00+00:00
[2026-05-19T05:09:10.235+0000] {processor.py:183} INFO - Processing /opt/airflow/dags/dag1.py took 0.215 seconds
[2026-05-19T05:09:40.540+0000] {processor.py:161} INFO - Started process (PID=332) to work on /opt/airflow/dags/dag1.py
[2026-05-19T05:09:40.542+0000] {processor.py:830} INFO - Processing file /opt/airflow/dags/dag1.py for tasks to queue
[2026-05-19T05:09:40.544+0000] {logging_mixin.py:188} INFO - [2026-05-19T05:09:40.543+0000] {dagbag.py:538} INFO - Filling up the DagBag from /opt/airflow/dags/dag1.py
[2026-05-19T05:09:40.585+0000] {processor.py:840} INFO - DAG(s) 'esports_dbt_pipeline' retrieved from /opt/airflow/dags/dag1.py
[2026-05-19T05:09:40.618+0000] {logging_mixin.py:188} INFO - [2026-05-19T05:09:40.617+0000] {dag.py:3033} INFO - Sync 1 DAGs
[2026-05-19T05:09:40.664+0000] {logging_mixin.py:188} INFO - [2026-05-19T05:09:40.663+0000] {dag.py:3820} INFO - Setting next_dagrun for esports_dbt_pipeline to 2026-05-19T00:00:00+00:00, run_after=2026-05-20T00:00:00+00:00
[2026-05-19T05:09:40.707+0000] {processor.py:183} INFO - Processing /opt/airflow/dags/dag1.py took 0.176 seconds
[2026-05-19T05:10:11.038+0000] {processor.py:161} INFO - Started process (PID=342) to work on /opt/airflow/dags/dag1.py
[2026-05-19T05:10:11.040+0000] {processor.py:830} INFO - Processing file /opt/airflow/dags/dag1.py for tasks to queue
[2026-05-19T05:10:11.041+0000] {logging_mixin.py:188} INFO - [2026-05-19T05:10:11.041+0000] {dagbag.py:538} INFO - Filling up the DagBag from /opt/airflow/dags/dag1.py
[2026-05-19T05:10:11.077+0000] {processor.py:840} INFO - DAG(s) 'esports_dbt_pipeline' retrieved from /opt/airflow/dags/dag1.py
[2026-05-19T05:10:11.324+0000] {logging_mixin.py:188} INFO - [2026-05-19T05:10:11.323+0000] {dag.py:3033} INFO - Sync 1 DAGs
[2026-05-19T05:10:11.367+0000] {logging_mixin.py:188} INFO - [2026-05-19T05:10:11.366+0000] {dag.py:3820} INFO - Setting next_dagrun for esports_dbt_pipeline to 2026-05-19T00:00:00+00:00, run_after=2026-05-20T00:00:00+00:00
[2026-05-19T05:10:11.408+0000] {processor.py:183} INFO - Processing /opt/airflow/dags/dag1.py took 0.375 seconds
[2026-05-19T05:10:41.703+0000] {processor.py:161} INFO - Started process (PID=352) to work on /opt/airflow/dags/dag1.py
[2026-05-19T05:10:41.704+0000] {processor.py:830} INFO - Processing file /opt/airflow/dags/dag1.py for tasks to queue
[2026-05-19T05:10:41.706+0000] {logging_mixin.py:188} INFO - [2026-05-19T05:10:41.705+0000] {dagbag.py:538} INFO - Filling up the DagBag from /opt/airflow/dags/dag1.py
[2026-05-19T05:10:41.740+0000] {processor.py:840} INFO - DAG(s) 'esports_dbt_pipeline' retrieved from /opt/airflow/dags/dag1.py
[2026-05-19T05:10:41.790+0000] {logging_mixin.py:188} INFO - [2026-05-19T05:10:41.789+0000] {dag.py:3033} INFO - Sync 1 DAGs
[2026-05-19T05:10:41.824+0000] {logging_mixin.py:188} INFO - [2026-05-19T05:10:41.823+0000] {dag.py:3820} INFO - Setting next_dagrun for esports_dbt_pipeline to 2026-05-19T00:00:00+00:00, run_after=2026-05-20T00:00:00+00:00
[2026-05-19T05:10:41.856+0000] {processor.py:183} INFO - Processing /opt/airflow/dags/dag1.py took 0.157 seconds
[2026-05-19T06:03:25.424+0000] {processor.py:161} INFO - Started process (PID=165) to work on /opt/airflow/dags/dag1.py
[2026-05-19T06:03:25.434+0000] {processor.py:830} INFO - Processing file /opt/airflow/dags/dag1.py for tasks to queue
[2026-05-19T06:03:25.480+0000] {logging_mixin.py:188} INFO - [2026-05-19T06:03:25.478+0000] {dagbag.py:538} INFO - Filling up the DagBag from /opt/airflow/dags/dag1.py
[2026-05-19T06:03:25.719+0000] {processor.py:840} INFO - DAG(s) 'esports_dbt_pipeline' retrieved from /opt/airflow/dags/dag1.py
[2026-05-19T06:03:26.715+0000] {logging_mixin.py:188} INFO - [2026-05-19T06:03:26.715+0000] {dag.py:3033} INFO - Sync 1 DAGs
[2026-05-19T06:03:27.002+0000] {logging_mixin.py:188} INFO - [2026-05-19T06:03:27.001+0000] {dag.py:3820} INFO - Setting next_dagrun for esports_dbt_pipeline to 2026-05-19T00:00:00+00:00, run_after=2026-05-20T00:00:00+00:00
[2026-05-19T06:03:27.271+0000] {processor.py:183} INFO - Processing /opt/airflow/dags/dag1.py took 1.911 seconds
[2026-05-19T06:04:27.813+0000] {processor.py:161} INFO - Started process (PID=190) to work on /opt/airflow/dags/dag1.py
[2026-05-19T06:04:29.238+0000] {processor.py:830} INFO - Processing file /opt/airflow/dags/dag1.py for tasks to queue
[2026-05-19T06:04:30.663+0000] {logging_mixin.py:188} INFO - [2026-05-19T06:04:29.716+0000] {dagbag.py:538} INFO - Filling up the DagBag from /opt/airflow/dags/dag1.py
[2026-05-19T06:04:32.419+0000] {processor.py:840} INFO - DAG(s) 'esports_dbt_pipeline' retrieved from /opt/airflow/dags/dag1.py
[2026-05-19T06:04:36.411+0000] {logging_mixin.py:188} INFO - [2026-05-19T06:04:36.411+0000] {dag.py:3033} INFO - Sync 1 DAGs
[2026-05-19T06:04:36.616+0000] {logging_mixin.py:188} INFO - [2026-05-19T06:04:36.605+0000] {dag.py:3820} INFO - Setting next_dagrun for esports_dbt_pipeline to 2026-05-19T00:00:00+00:00, run_after=2026-05-20T00:00:00+00:00
[2026-05-19T06:04:36.749+0000] {processor.py:183} INFO - Processing /opt/airflow/dags/dag1.py took 12.101 seconds
[2026-05-19T06:05:07.283+0000] {processor.py:161} INFO - Started process (PID=205) to work on /opt/airflow/dags/dag1.py
[2026-05-19T06:05:07.284+0000] {processor.py:830} INFO - Processing file /opt/airflow/dags/dag1.py for tasks to queue
[2026-05-19T06:05:07.286+0000] {logging_mixin.py:188} INFO - [2026-05-19T06:05:07.286+0000] {dagbag.py:538} INFO - Filling up the DagBag from /opt/airflow/dags/dag1.py
[2026-05-19T06:05:07.326+0000] {processor.py:840} INFO - DAG(s) 'esports_dbt_pipeline' retrieved from /opt/airflow/dags/dag1.py
[2026-05-19T06:05:07.360+0000] {logging_mixin.py:188} INFO - [2026-05-19T06:05:07.360+0000] {dag.py:3033} INFO - Sync 1 DAGs
[2026-05-19T06:05:07.490+0000] {logging_mixin.py:188} INFO - [2026-05-19T06:05:07.490+0000] {dag.py:3820} INFO - Setting next_dagrun for esports_dbt_pipeline to 2026-05-19T00:00:00+00:00, run_after=2026-05-20T00:00:00+00:00
[2026-05-19T06:05:07.543+0000] {processor.py:183} INFO - Processing /opt/airflow/dags/dag1.py took 0.266 seconds
[2026-05-19T06:05:37.918+0000] {processor.py:161} INFO - Started process (PID=215) to work on /opt/airflow/dags/dag1.py
[2026-05-19T06:05:37.921+0000] {processor.py:830} INFO - Processing file /opt/airflow/dags/dag1.py for tasks to queue
[2026-05-19T06:05:37.923+0000] {logging_mixin.py:188} INFO - [2026-05-19T06:05:37.922+0000] {dagbag.py:538} INFO - Filling up the DagBag from /opt/airflow/dags/dag1.py
[2026-05-19T06:05:37.995+0000] {processor.py:840} INFO - DAG(s) 'esports_dbt_pipeline' retrieved from /opt/airflow/dags/dag1.py
[2026-05-19T06:05:38.350+0000] {logging_mixin.py:188} INFO - [2026-05-19T06:05:38.349+0000] {dag.py:3033} INFO - Sync 1 DAGs
[2026-05-19T06:05:38.410+0000] {logging_mixin.py:188} INFO - [2026-05-19T06:05:38.410+0000] {dag.py:3820} INFO - Setting next_dagrun for esports_dbt_pipeline to 2026-05-19T00:00:00+00:00, run_after=2026-05-20T00:00:00+00:00
[2026-05-19T06:05:38.477+0000] {processor.py:183} INFO - Processing /opt/airflow/dags/dag1.py took 0.576 seconds
[2026-05-19T06:06:08.748+0000] {processor.py:161} INFO - Started process (PID=225) to work on /opt/airflow/dags/dag1.py
[2026-05-19T06:06:08.750+0000] {processor.py:830} INFO - Processing file /opt/airflow/dags/dag1.py for tasks to queue
[2026-05-19T06:06:08.751+0000] {logging_mixin.py:188} INFO - [2026-05-19T06:06:08.751+0000] {dagbag.py:538} INFO - Filling up the DagBag from /opt/airflow/dags/dag1.py
[2026-05-19T06:06:08.790+0000] {processor.py:840} INFO - DAG(s) 'esports_dbt_pipeline' retrieved from /opt/airflow/dags/dag1.py
[2026-05-19T06:06:08.822+0000] {logging_mixin.py:188} INFO - [2026-05-19T06:06:08.821+0000] {dag.py:3033} INFO - Sync 1 DAGs
[2026-05-19T06:06:08.867+0000] {logging_mixin.py:188} INFO - [2026-05-19T06:06:08.867+0000] {dag.py:3820} INFO - Setting next_dagrun for esports_dbt_pipeline to 2026-05-19T00:00:00+00:00, run_after=2026-05-20T00:00:00+00:00
[2026-05-19T06:06:08.910+0000] {processor.py:183} INFO - Processing /opt/airflow/dags/dag1.py took 0.168 seconds
