[2026-05-23T04:28:26.958+0000] {taskinstance.py:1957} INFO - Dependencies all met for dep_context=non-requeueable deps ti=<TaskInstance: nightly_pipeline.load_new_matches_from_rds manual__2026-05-23T04:13:36.580854+00:00 [queued]>
[2026-05-23T04:28:26.996+0000] {taskinstance.py:1957} INFO - Dependencies all met for dep_context=requeueable deps ti=<TaskInstance: nightly_pipeline.load_new_matches_from_rds manual__2026-05-23T04:13:36.580854+00:00 [queued]>
[2026-05-23T04:28:27.003+0000] {taskinstance.py:2171} INFO - Starting attempt 1 of 3
[2026-05-23T04:28:27.423+0000] {taskinstance.py:2192} INFO - Executing <Task(PythonOperator): load_new_matches_from_rds> on 2026-05-23 04:13:36.580854+00:00
[2026-05-23T04:28:27.497+0000] {standard_task_runner.py:60} INFO - Started process 191 to run task
[2026-05-23T04:28:27.534+0000] {standard_task_runner.py:87} INFO - Running: ['***', 'tasks', 'run', 'nightly_pipeline', 'load_new_matches_from_rds', 'manual__2026-05-23T04:13:36.580854+00:00', '--job-id', '216', '--raw', '--subdir', 'DAGS_FOLDER/nightlypipeline.py', '--cfg-path', '/tmp/tmp_gfdhnjz']
[2026-05-23T04:28:27.555+0000] {standard_task_runner.py:88} INFO - Job 216: Subtask load_new_matches_from_rds
[2026-05-23T04:28:28.983+0000] {task_command.py:423} INFO - Running <TaskInstance: nightly_pipeline.load_new_matches_from_rds manual__2026-05-23T04:13:36.580854+00:00 [running]> on host 127bb5de3bc4
[2026-05-23T04:28:32.228+0000] {taskinstance.py:2481} INFO - Exporting env vars: AIRFLOW_CTX_DAG_OWNER='you' AIRFLOW_CTX_DAG_ID='nightly_pipeline' AIRFLOW_CTX_TASK_ID='load_new_matches_from_rds' AIRFLOW_CTX_EXECUTION_DATE='2026-05-23T04:13:36.580854+00:00' AIRFLOW_CTX_TRY_NUMBER='1' AIRFLOW_CTX_DAG_RUN_ID='manual__2026-05-23T04:13:36.580854+00:00'
[2026-05-23T04:28:38.213+0000] {nightlypipeline.py:131} INFO - 📌 Creating watermark_pipeline table...
[2026-05-23T04:28:39.085+0000] {nightlypipeline.py:145} INFO - 📅 Last successful run: 2020-01-01 00:00:00
[2026-05-23T04:28:39.475+0000] {nightlypipeline.py:155} INFO - 📌 Creating new_matches table...
[2026-05-23T04:28:39.838+0000] {nightlypipeline.py:169} INFO - ✅ new_matches table created successfully
[2026-05-23T04:28:40.973+0000] {nightlypipeline.py:183} INFO - 📦 Found 239 new matches to process
[2026-05-23T04:28:43.328+0000] {nightlypipeline.py:204} INFO - ✅ Successfully inserted 239 matches
[2026-05-23T04:28:46.006+0000] {nightlypipeline.py:227} INFO - ✅ Uploaded 239 matches to S3 → matches/new_matches/match_20260523_042837.csv
[2026-05-23T04:28:46.013+0000] {python.py:201} INFO - Done. Returned value was: 1
[2026-05-23T04:28:46.102+0000] {taskinstance.py:1138} INFO - Marking task as SUCCESS. dag_id=nightly_pipeline, task_id=load_new_matches_from_rds, execution_date=20260523T041336, start_date=20260523T042826, end_date=20260523T042846
[2026-05-23T04:28:46.180+0000] {local_task_job_runner.py:234} INFO - Task exited with return code 0
[2026-05-23T04:28:46.223+0000] {taskinstance.py:3281} INFO - 0 downstream tasks scheduled from follow-on schedule check
