[2026-05-23T07:07:08.788+0000] {taskinstance.py:1957} INFO - Dependencies all met for dep_context=non-requeueable deps ti=<TaskInstance: monthly_pipeline.backup_rds_to_s3 manual__2026-05-23T07:02:48.035296+00:00 [queued]>
[2026-05-23T07:07:08.810+0000] {taskinstance.py:1957} INFO - Dependencies all met for dep_context=requeueable deps ti=<TaskInstance: monthly_pipeline.backup_rds_to_s3 manual__2026-05-23T07:02:48.035296+00:00 [queued]>
[2026-05-23T07:07:08.811+0000] {taskinstance.py:2171} INFO - Starting attempt 3 of 3
[2026-05-23T07:07:08.839+0000] {taskinstance.py:2192} INFO - Executing <Task(PythonOperator): backup_rds_to_s3> on 2026-05-23 07:02:48.035296+00:00
[2026-05-23T07:07:08.853+0000] {standard_task_runner.py:60} INFO - Started process 374 to run task
[2026-05-23T07:07:08.861+0000] {standard_task_runner.py:87} INFO - Running: ['***', 'tasks', 'run', 'monthly_pipeline', 'backup_rds_to_s3', 'manual__2026-05-23T07:02:48.035296+00:00', '--job-id', '327', '--raw', '--subdir', 'DAGS_FOLDER/month_pipeline.py', '--cfg-path', '/tmp/tmpuin5hqvw']
[2026-05-23T07:07:08.867+0000] {standard_task_runner.py:88} INFO - Job 327: Subtask backup_rds_to_s3
[2026-05-23T07:07:09.023+0000] {task_command.py:423} INFO - Running <TaskInstance: monthly_pipeline.backup_rds_to_s3 manual__2026-05-23T07:02:48.035296+00:00 [running]> on host 127bb5de3bc4
[2026-05-23T07:07:09.330+0000] {taskinstance.py:2481} INFO - Exporting env vars: AIRFLOW_CTX_DAG_OWNER='you' AIRFLOW_CTX_DAG_ID='monthly_pipeline' AIRFLOW_CTX_TASK_ID='backup_rds_to_s3' AIRFLOW_CTX_EXECUTION_DATE='2026-05-23T07:02:48.035296+00:00' AIRFLOW_CTX_TRY_NUMBER='3' AIRFLOW_CTX_DAG_RUN_ID='manual__2026-05-23T07:02:48.035296+00:00'
[2026-05-23T07:07:09.334+0000] {month_pipeline.py:63} INFO - Starting RDS Backup for database: postgres
[2026-05-23T07:07:11.888+0000] {month_pipeline.py:85} ERROR - pg_dump failed: pg_dump: error: aborting because of server version mismatch
pg_dump: detail: server version: 18.3; pg_dump version: 16.1 (Debian 16.1-1.pgdg120+1)

[2026-05-23T07:07:11.890+0000] {month_pipeline.py:120} ERROR - ❌ Backup failed: pg_dump failed
Traceback (most recent call last):
  File "/opt/airflow/dags/month_pipeline.py", line 86, in backup_rds_to_local_and_s3
    raise AirflowException("pg_dump failed")
airflow.exceptions.AirflowException: pg_dump failed
[2026-05-23T07:07:11.920+0000] {taskinstance.py:2699} ERROR - Task failed with exception
Traceback (most recent call last):
  File "/opt/airflow/dags/month_pipeline.py", line 86, in backup_rds_to_local_and_s3
    raise AirflowException("pg_dump failed")
airflow.exceptions.AirflowException: pg_dump failed

The above exception was the direct cause of the following exception:

Traceback (most recent call last):
  File "/home/airflow/.local/lib/python3.8/site-packages/airflow/models/taskinstance.py", line 433, in _execute_task
    result = execute_callable(context=context, **execute_callable_kwargs)
  File "/home/airflow/.local/lib/python3.8/site-packages/airflow/operators/python.py", line 199, in execute
    return_value = self.execute_callable()
  File "/home/airflow/.local/lib/python3.8/site-packages/airflow/operators/python.py", line 216, in execute_callable
    return self.python_callable(*self.op_args, **self.op_kwargs)
  File "/opt/airflow/dags/month_pipeline.py", line 121, in backup_rds_to_local_and_s3
    raise AirflowException("RDS Backup Failed") from e
airflow.exceptions.AirflowException: RDS Backup Failed
[2026-05-23T07:07:11.931+0000] {taskinstance.py:1138} INFO - Marking task as FAILED. dag_id=monthly_pipeline, task_id=backup_rds_to_s3, execution_date=20260523T070248, start_date=20260523T070708, end_date=20260523T070711
[2026-05-23T07:07:11.959+0000] {standard_task_runner.py:107} ERROR - Failed to execute job 327 for task backup_rds_to_s3 (RDS Backup Failed; 374)
[2026-05-23T07:07:11.975+0000] {local_task_job_runner.py:234} INFO - Task exited with return code 1
[2026-05-23T07:07:12.047+0000] {taskinstance.py:3281} INFO - 0 downstream tasks scheduled from follow-on schedule check
