[2026-05-23 03:46:02] === Database Maintenance Started ===
[2026-05-23 03:46:07] Found 1 bloated tables. Running VACUUM...
[2026-05-23 03:46:07] Vacuuming alembic_version...
[2026-05-23 03:49:59] === Database Maintenance Started ===
[2026-05-23 03:50:04] Found 1 bloated tables. Running VACUUM...
[2026-05-23 03:50:04] Vacuuming alembic_version...
[2026-05-23 04:28:31] === Database Maintenance Started ===
[2026-05-23 04:28:33] === Database Maintenance Started ===
[2026-05-23 04:28:37] Found 1 bloated tables. Running VACUUM...
[2026-05-23 04:28:37] Vacuuming alembic_version...
[2026-05-23 04:28:38] Found 1 bloated tables. Running VACUUM...
[2026-05-23 04:28:38] Vacuuming alembic_version...
[2026-05-23 04:29:36] === Database Maintenance Started ===
[2026-05-23 04:29:41] Found 1 bloated tables. Running VACUUM...
[2026-05-23 04:29:41] Vacuuming alembic_version...
[2026-05-23 04:30:44] === Database Maintenance Started ===
[2026-05-23 04:30:44] === Database Maintenance Started ===
[2026-05-23 04:30:49] Found 1 bloated tables. Running VACUUM...
[2026-05-23 04:30:49] Vacuuming alembic_version...
[2026-05-23 04:30:49] Found 1 bloated tables. Running VACUUM...
[2026-05-23 04:30:49] Vacuuming alembic_version...
[2026-05-23 04:54:32] === Database Maintenance Started ===
[2026-05-23 04:54:38] Found 1 bloated tables. Running VACUUM...
[2026-05-23 04:54:38] Vacuuming alembic_version...
[2026-05-23 04:54:44] === Database Maintenance Started ===
[2026-05-23 04:54:49] Found 1 bloated tables. Running VACUUM...
[2026-05-23 04:54:49] Vacuuming alembic_version...
[2026-05-23 04:56:42] === Database Maintenance Started ===
[2026-05-23 04:56:47] Found 1 bloated tables. Running VACUUM...
[2026-05-23 04:56:47] Vacuuming alembic_version...
[2026-05-23 04:56:53] === Database Maintenance Started ===
[2026-05-23 04:57:31] === Database Maintenance Started ===
[2026-05-23 04:57:37] Found 1 bloated tables. Running VACUUM...
[2026-05-23 04:57:37] Vacuuming alembic_version...
[2026-05-23 04:57:39] ✅ VACUUM ANALYZE completed on alembic_version
[2026-05-23 04:57:39] === Database Maintenance Completed Successfully ===
[2026-05-23 04:58:55] === Database Maintenance Started ===
[2026-05-23 04:59:02] ✅ No bloated tables found.
[2026-05-23 04:59:02] === Database Maintenance Completed Successfully ===
[2026-05-23 04:59:43] === Database Maintenance Started ===
[2026-05-23 04:59:48] ✅ No bloated tables found.
[2026-05-23 04:59:48] === Database Maintenance Completed Successfully ===
[2026-05-23 06:04:13] === Database Maintenance Started ===
[2026-05-23 06:04:19] ✅ No bloated tables found.
[2026-05-23 06:04:19] === Database Maintenance Completed Successfully ===
[2026-05-23 06:11:14] === Database Maintenance Started ===
[2026-05-23 06:11:16] === Database Maintenance Started ===
[2026-05-23 06:11:19] ✅ No bloated tables found.
[2026-05-23 06:11:19] === Database Maintenance Completed Successfully ===
[2026-05-23 06:11:21] ✅ No bloated tables found.
[2026-05-23 06:11:21] === Database Maintenance Completed Successfully ===
