[2026-05-23T04:12:55.152+0000] {taskinstance.py:1957} INFO - Dependencies all met for dep_context=non-requeueable deps ti=<TaskInstance: nightly_pipeline.check_redis_health manual__2026-05-23T04:12:45.824567+00:00 [queued]>
[2026-05-23T04:12:55.169+0000] {taskinstance.py:1957} INFO - Dependencies all met for dep_context=requeueable deps ti=<TaskInstance: nightly_pipeline.check_redis_health manual__2026-05-23T04:12:45.824567+00:00 [queued]>
[2026-05-23T04:12:55.170+0000] {taskinstance.py:2171} INFO - Starting attempt 1 of 3
[2026-05-23T04:12:55.201+0000] {taskinstance.py:2192} INFO - Executing <Task(PythonOperator): check_redis_health> on 2026-05-23 04:12:45.824567+00:00
[2026-05-23T04:12:55.215+0000] {standard_task_runner.py:60} INFO - Started process 192 to run task
[2026-05-23T04:12:55.225+0000] {standard_task_runner.py:87} INFO - Running: ['***', 'tasks', 'run', 'nightly_pipeline', 'check_redis_health', 'manual__2026-05-23T04:12:45.824567+00:00', '--job-id', '209', '--raw', '--subdir', 'DAGS_FOLDER/nightlypipeline.py', '--cfg-path', '/tmp/tmpjw6l0g4j']
[2026-05-23T04:12:55.230+0000] {standard_task_runner.py:88} INFO - Job 209: Subtask check_redis_health
[2026-05-23T04:12:55.380+0000] {task_command.py:423} INFO - Running <TaskInstance: nightly_pipeline.check_redis_health manual__2026-05-23T04:12:45.824567+00:00 [running]> on host 74e8a7aa2252
[2026-05-23T04:12:55.586+0000] {taskinstance.py:2481} INFO - Exporting env vars: AIRFLOW_CTX_DAG_OWNER='you' AIRFLOW_CTX_DAG_ID='nightly_pipeline' AIRFLOW_CTX_TASK_ID='check_redis_health' AIRFLOW_CTX_EXECUTION_DATE='2026-05-23T04:12:45.824567+00:00' AIRFLOW_CTX_TRY_NUMBER='1' AIRFLOW_CTX_DAG_RUN_ID='manual__2026-05-23T04:12:45.824567+00:00'
[2026-05-23T04:12:55.592+0000] {nightlypipeline.py:84} ERROR - ❌ Redis Health Check Error: Error 111 connecting to localhost:6379. Connection refused.
[2026-05-23T04:12:55.625+0000] {taskinstance.py:2699} ERROR - Task failed with exception
Traceback (most recent call last):
  File "/home/airflow/.local/lib/python3.8/site-packages/redis/connection.py", line 707, in connect
    sock = self.retry.call_with_retry(
  File "/home/airflow/.local/lib/python3.8/site-packages/redis/retry.py", line 46, in call_with_retry
    return do()
  File "/home/airflow/.local/lib/python3.8/site-packages/redis/connection.py", line 708, in <lambda>
    lambda: self._connect(), lambda error: self.disconnect(error)
  File "/home/airflow/.local/lib/python3.8/site-packages/redis/connection.py", line 1006, in _connect
    raise err
  File "/home/airflow/.local/lib/python3.8/site-packages/redis/connection.py", line 994, in _connect
    sock.connect(socket_address)
ConnectionRefusedError: [Errno 111] Connection refused

During handling of the above exception, another exception occurred:

Traceback (most recent call last):
  File "/opt/airflow/dags/nightlypipeline.py", line 78, in check_redis_health
    if r.ping():
  File "/home/airflow/.local/lib/python3.8/site-packages/redis/commands/core.py", line 1205, in ping
    return self.execute_command("PING", **kwargs)
  File "/home/airflow/.local/lib/python3.8/site-packages/redis/client.py", line 1266, in execute_command
    conn = self.connection or pool.get_connection(command_name, **options)
  File "/home/airflow/.local/lib/python3.8/site-packages/redis/connection.py", line 1461, in get_connection
    connection.connect()
  File "/home/airflow/.local/lib/python3.8/site-packages/redis/connection.py", line 713, in connect
    raise ConnectionError(self._error_message(e))
redis.exceptions.ConnectionError: Error 111 connecting to localhost:6379. Connection refused.

The above exception was the direct cause of the following exception:

Traceback (most recent call last):
  File "/home/airflow/.local/lib/python3.8/site-packages/airflow/models/taskinstance.py", line 433, in _execute_task
    result = execute_callable(context=context, **execute_callable_kwargs)
  File "/home/airflow/.local/lib/python3.8/site-packages/airflow/operators/python.py", line 199, in execute
    return_value = self.execute_callable()
  File "/home/airflow/.local/lib/python3.8/site-packages/airflow/operators/python.py", line 216, in execute_callable
    return self.python_callable(*self.op_args, **self.op_kwargs)
  File "/opt/airflow/dags/nightlypipeline.py", line 85, in check_redis_health
    raise AirflowException("Redis Health Check Failed") from e
airflow.exceptions.AirflowException: Redis Health Check Failed
[2026-05-23T04:12:55.657+0000] {taskinstance.py:1138} INFO - Marking task as UP_FOR_RETRY. dag_id=nightly_pipeline, task_id=check_redis_health, execution_date=20260523T041245, start_date=20260523T041255, end_date=20260523T041255
[2026-05-23T04:12:55.692+0000] {standard_task_runner.py:107} ERROR - Failed to execute job 209 for task check_redis_health (Redis Health Check Failed; 192)
[2026-05-23T04:12:55.720+0000] {local_task_job_runner.py:234} INFO - Task exited with return code 1
[2026-05-23T04:12:55.771+0000] {taskinstance.py:3281} INFO - 0 downstream tasks scheduled from follow-on schedule check
