[2026-05-22T13:24:16.999+0000] {taskinstance.py:1957} INFO - Dependencies all met for dep_context=non-requeueable deps ti=<TaskInstance: nightly_pipeline.load_new_matches_from_rds manual__2026-05-22T13:23:44.718989+00:00 [queued]>
[2026-05-22T13:24:17.040+0000] {taskinstance.py:1957} INFO - Dependencies all met for dep_context=requeueable deps ti=<TaskInstance: nightly_pipeline.load_new_matches_from_rds manual__2026-05-22T13:23:44.718989+00:00 [queued]>
[2026-05-22T13:24:17.041+0000] {taskinstance.py:2171} INFO - Starting attempt 1 of 3
[2026-05-22T13:24:17.123+0000] {taskinstance.py:2192} INFO - Executing <Task(PythonOperator): load_new_matches_from_rds> on 2026-05-22 13:23:44.718989+00:00
[2026-05-22T13:24:17.159+0000] {standard_task_runner.py:60} INFO - Started process 188 to run task
[2026-05-22T13:24:17.167+0000] {standard_task_runner.py:87} INFO - Running: ['***', 'tasks', 'run', 'nightly_pipeline', 'load_new_matches_from_rds', 'manual__2026-05-22T13:23:44.718989+00:00', '--job-id', '163', '--raw', '--subdir', 'DAGS_FOLDER/nightlypipeline.py', '--cfg-path', '/tmp/tmpi94fm76e']
[2026-05-22T13:24:17.176+0000] {standard_task_runner.py:88} INFO - Job 163: Subtask load_new_matches_from_rds
[2026-05-22T13:24:17.359+0000] {task_command.py:423} INFO - Running <TaskInstance: nightly_pipeline.load_new_matches_from_rds manual__2026-05-22T13:23:44.718989+00:00 [running]> on host 74e8a7aa2252
[2026-05-22T13:24:17.794+0000] {taskinstance.py:2481} INFO - Exporting env vars: AIRFLOW_CTX_DAG_OWNER='you' AIRFLOW_CTX_DAG_ID='nightly_pipeline' AIRFLOW_CTX_TASK_ID='load_new_matches_from_rds' AIRFLOW_CTX_EXECUTION_DATE='2026-05-22T13:23:44.718989+00:00' AIRFLOW_CTX_TRY_NUMBER='1' AIRFLOW_CTX_DAG_RUN_ID='manual__2026-05-22T13:23:44.718989+00:00'
[2026-05-22T13:24:19.874+0000] {nightlypipeline.py:226} ERROR - ❌ Error in load_new_matches_from_rds: connection to server at "localhost" (::1), port 5432 failed: Connection refused
	Is the server running on that host and accepting TCP/IP connections?
connection to server at "localhost" (127.0.0.1), port 5432 failed: Connection refused
	Is the server running on that host and accepting TCP/IP connections?
Traceback (most recent call last):
  File "/opt/airflow/dags/nightlypipeline.py", line 101, in load_new_matches_from_rds
    tgt_conn = psycopg2.connect(
  File "/home/airflow/.local/lib/python3.8/site-packages/psycopg2/__init__.py", line 122, in connect
    conn = _connect(dsn, connection_factory=connection_factory, **kwasync)
psycopg2.OperationalError: connection to server at "localhost" (::1), port 5432 failed: Connection refused
	Is the server running on that host and accepting TCP/IP connections?
connection to server at "localhost" (127.0.0.1), port 5432 failed: Connection refused
	Is the server running on that host and accepting TCP/IP connections?

[2026-05-22T13:24:19.891+0000] {python.py:201} INFO - Done. Returned value was: 0
[2026-05-22T13:24:19.970+0000] {taskinstance.py:1138} INFO - Marking task as SUCCESS. dag_id=nightly_pipeline, task_id=load_new_matches_from_rds, execution_date=20260522T132344, start_date=20260522T132417, end_date=20260522T132419
[2026-05-22T13:24:20.050+0000] {local_task_job_runner.py:234} INFO - Task exited with return code 0
[2026-05-22T13:24:20.122+0000] {taskinstance.py:3281} INFO - 1 downstream tasks scheduled from follow-on schedule check
