[2026-05-12T02:48:33.884+0000] {taskinstance.py:1957} INFO - Dependencies all met for dep_context=non-requeueable deps ti=<TaskInstance: esports_dbt_pipeline.dbt_staging_only scheduled__2026-05-11T00:00:00+00:00 [queued]>
[2026-05-12T02:48:33.897+0000] {taskinstance.py:1957} INFO - Dependencies all met for dep_context=requeueable deps ti=<TaskInstance: esports_dbt_pipeline.dbt_staging_only scheduled__2026-05-11T00:00:00+00:00 [queued]>
[2026-05-12T02:48:33.897+0000] {taskinstance.py:2171} INFO - Starting attempt 2 of 3
[2026-05-12T02:48:33.919+0000] {taskinstance.py:2192} INFO - Executing <Task(BashOperator): dbt_staging_only> on 2026-05-11 00:00:00+00:00
[2026-05-12T02:48:33.929+0000] {standard_task_runner.py:60} INFO - Started process 290 to run task
[2026-05-12T02:48:33.938+0000] {standard_task_runner.py:87} INFO - Running: ['***', 'tasks', 'run', 'esports_dbt_pipeline', 'dbt_staging_only', 'scheduled__2026-05-11T00:00:00+00:00', '--job-id', '30', '--raw', '--subdir', 'DAGS_FOLDER/dag1.py', '--cfg-path', '/tmp/tmpnec0_23g']
[2026-05-12T02:48:33.953+0000] {standard_task_runner.py:88} INFO - Job 30: Subtask dbt_staging_only
[2026-05-12T02:48:34.071+0000] {task_command.py:423} INFO - Running <TaskInstance: esports_dbt_pipeline.dbt_staging_only scheduled__2026-05-11T00:00:00+00:00 [running]> on host b04c7fe06855
[2026-05-12T02:48:34.237+0000] {taskinstance.py:2481} INFO - Exporting env vars: AIRFLOW_CTX_DAG_OWNER='you' AIRFLOW_CTX_DAG_ID='esports_dbt_pipeline' AIRFLOW_CTX_TASK_ID='dbt_staging_only' AIRFLOW_CTX_EXECUTION_DATE='2026-05-11T00:00:00+00:00' AIRFLOW_CTX_TRY_NUMBER='2' AIRFLOW_CTX_DAG_RUN_ID='scheduled__2026-05-11T00:00:00+00:00'
[2026-05-12T02:48:34.240+0000] {subprocess.py:63} INFO - Tmp dir root location: /tmp
[2026-05-12T02:48:34.242+0000] {subprocess.py:75} INFO - Running command: ['/usr/bin/bash', '-c', 'docker exec esports-dbt dbt run --select staging']
[2026-05-12T02:48:34.259+0000] {subprocess.py:86} INFO - Output:
[2026-05-12T02:48:37.537+0000] {subprocess.py:93} INFO - [0m02:48:37  Running with dbt=1.9.0
[2026-05-12T02:48:37.548+0000] {subprocess.py:93} INFO - [0m02:48:37  Encountered an error:
[2026-05-12T02:48:37.549+0000] {subprocess.py:93} INFO - Runtime Error
[2026-05-12T02:48:37.549+0000] {subprocess.py:93} INFO -   No dbt_project.yml found at expected path /usr/app/dbt_project.yml
[2026-05-12T02:48:37.550+0000] {subprocess.py:93} INFO -   Verify that each entry within packages.yml (and their transitive dependencies) contains a file named dbt_project.yml
[2026-05-12T02:48:37.551+0000] {subprocess.py:93} INFO - 
[2026-05-12T02:48:39.356+0000] {subprocess.py:97} INFO - Command exited with return code 2
[2026-05-12T02:48:39.378+0000] {taskinstance.py:2699} ERROR - Task failed with exception
Traceback (most recent call last):
  File "/home/airflow/.local/lib/python3.8/site-packages/airflow/models/taskinstance.py", line 433, in _execute_task
    result = execute_callable(context=context, **execute_callable_kwargs)
  File "/home/airflow/.local/lib/python3.8/site-packages/airflow/operators/bash.py", line 212, in execute
    raise AirflowException(
airflow.exceptions.AirflowException: Bash command failed. The command returned a non-zero exit code 2.
[2026-05-12T02:48:39.385+0000] {taskinstance.py:1138} INFO - Marking task as UP_FOR_RETRY. dag_id=esports_dbt_pipeline, task_id=dbt_staging_only, execution_date=20260511T000000, start_date=20260512T024833, end_date=20260512T024839
[2026-05-12T02:48:39.415+0000] {standard_task_runner.py:107} ERROR - Failed to execute job 30 for task dbt_staging_only (Bash command failed. The command returned a non-zero exit code 2.; 290)
[2026-05-12T02:48:39.442+0000] {local_task_job_runner.py:234} INFO - Task exited with return code 1
[2026-05-12T02:48:39.482+0000] {taskinstance.py:3281} INFO - 0 downstream tasks scheduled from follow-on schedule check
