[2026-05-12T02:43:20.558+0000] {taskinstance.py:1957} INFO - Dependencies all met for dep_context=non-requeueable deps ti=<TaskInstance: esports_dbt_pipeline.dbt_staging_only scheduled__2026-05-11T00:00:00+00:00 [queued]>
[2026-05-12T02:43:20.578+0000] {taskinstance.py:1957} INFO - Dependencies all met for dep_context=requeueable deps ti=<TaskInstance: esports_dbt_pipeline.dbt_staging_only scheduled__2026-05-11T00:00:00+00:00 [queued]>
[2026-05-12T02:43:20.579+0000] {taskinstance.py:2171} INFO - Starting attempt 1 of 3
[2026-05-12T02:43:20.947+0000] {taskinstance.py:2192} INFO - Executing <Task(BashOperator): dbt_staging_only> on 2026-05-11 00:00:00+00:00
[2026-05-12T02:43:20.966+0000] {standard_task_runner.py:60} INFO - Started process 180 to run task
[2026-05-12T02:43:20.980+0000] {standard_task_runner.py:87} INFO - Running: ['***', 'tasks', 'run', 'esports_dbt_pipeline', 'dbt_staging_only', 'scheduled__2026-05-11T00:00:00+00:00', '--job-id', '29', '--raw', '--subdir', 'DAGS_FOLDER/dag1.py', '--cfg-path', '/tmp/tmph22fmh6i']
[2026-05-12T02:43:21.000+0000] {standard_task_runner.py:88} INFO - Job 29: Subtask dbt_staging_only
[2026-05-12T02:43:21.176+0000] {task_command.py:423} INFO - Running <TaskInstance: esports_dbt_pipeline.dbt_staging_only scheduled__2026-05-11T00:00:00+00:00 [running]> on host b04c7fe06855
[2026-05-12T02:43:21.358+0000] {taskinstance.py:2481} INFO - Exporting env vars: AIRFLOW_CTX_DAG_OWNER='you' AIRFLOW_CTX_DAG_ID='esports_dbt_pipeline' AIRFLOW_CTX_TASK_ID='dbt_staging_only' AIRFLOW_CTX_EXECUTION_DATE='2026-05-11T00:00:00+00:00' AIRFLOW_CTX_TRY_NUMBER='1' AIRFLOW_CTX_DAG_RUN_ID='scheduled__2026-05-11T00:00:00+00:00'
[2026-05-12T02:43:21.360+0000] {subprocess.py:63} INFO - Tmp dir root location: /tmp
[2026-05-12T02:43:21.362+0000] {subprocess.py:75} INFO - Running command: ['/usr/bin/bash', '-c', 'docker exec esports-dbt dbt run --select staging']
[2026-05-12T02:43:21.383+0000] {subprocess.py:86} INFO - Output:
[2026-05-12T02:43:26.999+0000] {subprocess.py:93} INFO - [0m02:43:26  Running with dbt=1.9.0
[2026-05-12T02:43:27.009+0000] {subprocess.py:93} INFO - [0m02:43:27  Encountered an error:
[2026-05-12T02:43:27.012+0000] {subprocess.py:93} INFO - Runtime Error
[2026-05-12T02:43:27.013+0000] {subprocess.py:93} INFO -   No dbt_project.yml found at expected path /usr/app/dbt_project.yml
[2026-05-12T02:43:27.016+0000] {subprocess.py:93} INFO -   Verify that each entry within packages.yml (and their transitive dependencies) contains a file named dbt_project.yml
[2026-05-12T02:43:27.017+0000] {subprocess.py:93} INFO - 
[2026-05-12T02:43:32.715+0000] {subprocess.py:97} INFO - Command exited with return code 2
[2026-05-12T02:43:32.747+0000] {taskinstance.py:2699} ERROR - Task failed with exception
Traceback (most recent call last):
  File "/home/airflow/.local/lib/python3.8/site-packages/airflow/models/taskinstance.py", line 433, in _execute_task
    result = execute_callable(context=context, **execute_callable_kwargs)
  File "/home/airflow/.local/lib/python3.8/site-packages/airflow/operators/bash.py", line 212, in execute
    raise AirflowException(
airflow.exceptions.AirflowException: Bash command failed. The command returned a non-zero exit code 2.
[2026-05-12T02:43:32.773+0000] {taskinstance.py:1138} INFO - Marking task as UP_FOR_RETRY. dag_id=esports_dbt_pipeline, task_id=dbt_staging_only, execution_date=20260511T000000, start_date=20260512T024320, end_date=20260512T024332
[2026-05-12T02:43:32.835+0000] {standard_task_runner.py:107} ERROR - Failed to execute job 29 for task dbt_staging_only (Bash command failed. The command returned a non-zero exit code 2.; 180)
[2026-05-12T02:43:32.865+0000] {local_task_job_runner.py:234} INFO - Task exited with return code 1
[2026-05-12T02:43:32.922+0000] {taskinstance.py:3281} INFO - 0 downstream tasks scheduled from follow-on schedule check
