[2026-05-07T06:18:19.684+0000] {taskinstance.py:1957} INFO - Dependencies all met for dep_context=non-requeueable deps ti=<TaskInstance: esports_dbt_pipeline.dbt_staging_only manual__2026-05-07T06:18:17.600090+00:00 [queued]>
[2026-05-07T06:18:19.707+0000] {taskinstance.py:1957} INFO - Dependencies all met for dep_context=requeueable deps ti=<TaskInstance: esports_dbt_pipeline.dbt_staging_only manual__2026-05-07T06:18:17.600090+00:00 [queued]>
[2026-05-07T06:18:19.708+0000] {taskinstance.py:2171} INFO - Starting attempt 1 of 3
[2026-05-07T06:18:19.750+0000] {taskinstance.py:2192} INFO - Executing <Task(BashOperator): dbt_staging_only> on 2026-05-07 06:18:17.600090+00:00
[2026-05-07T06:18:19.777+0000] {standard_task_runner.py:60} INFO - Started process 181 to run task
[2026-05-07T06:18:19.885+0000] {standard_task_runner.py:87} INFO - Running: ['***', 'tasks', 'run', 'esports_dbt_pipeline', 'dbt_staging_only', 'manual__2026-05-07T06:18:17.600090+00:00', '--job-id', '9', '--raw', '--subdir', 'DAGS_FOLDER/dag1.py', '--cfg-path', '/tmp/tmp4wbgle0s']
[2026-05-07T06:18:20.030+0000] {standard_task_runner.py:88} INFO - Job 9: Subtask dbt_staging_only
[2026-05-07T06:18:20.429+0000] {task_command.py:423} INFO - Running <TaskInstance: esports_dbt_pipeline.dbt_staging_only manual__2026-05-07T06:18:17.600090+00:00 [running]> on host d1c7630b0373
[2026-05-07T06:18:21.106+0000] {taskinstance.py:2481} INFO - Exporting env vars: AIRFLOW_CTX_DAG_OWNER='you' AIRFLOW_CTX_DAG_ID='esports_dbt_pipeline' AIRFLOW_CTX_TASK_ID='dbt_staging_only' AIRFLOW_CTX_EXECUTION_DATE='2026-05-07T06:18:17.600090+00:00' AIRFLOW_CTX_TRY_NUMBER='1' AIRFLOW_CTX_DAG_RUN_ID='manual__2026-05-07T06:18:17.600090+00:00'
[2026-05-07T06:18:21.110+0000] {subprocess.py:63} INFO - Tmp dir root location: /tmp
[2026-05-07T06:18:21.126+0000] {subprocess.py:75} INFO - Running command: ['/usr/bin/bash', '-c', 'docker exec esports-dbt dbt run --select staging']
[2026-05-07T06:18:21.204+0000] {subprocess.py:86} INFO - Output:
[2026-05-07T06:18:23.340+0000] {subprocess.py:93} INFO - Cannot connect to the Docker daemon at unix:///var/run/docker.sock. Is the docker daemon running?
[2026-05-07T06:18:23.353+0000] {subprocess.py:97} INFO - Command exited with return code 1
[2026-05-07T06:18:23.414+0000] {taskinstance.py:2699} ERROR - Task failed with exception
Traceback (most recent call last):
  File "/home/airflow/.local/lib/python3.8/site-packages/airflow/models/taskinstance.py", line 433, in _execute_task
    result = execute_callable(context=context, **execute_callable_kwargs)
  File "/home/airflow/.local/lib/python3.8/site-packages/airflow/operators/bash.py", line 212, in execute
    raise AirflowException(
airflow.exceptions.AirflowException: Bash command failed. The command returned a non-zero exit code 1.
[2026-05-07T06:18:23.439+0000] {taskinstance.py:1138} INFO - Marking task as UP_FOR_RETRY. dag_id=esports_dbt_pipeline, task_id=dbt_staging_only, execution_date=20260507T061817, start_date=20260507T061819, end_date=20260507T061823
[2026-05-07T06:18:23.503+0000] {standard_task_runner.py:107} ERROR - Failed to execute job 9 for task dbt_staging_only (Bash command failed. The command returned a non-zero exit code 1.; 181)
[2026-05-07T06:18:23.557+0000] {local_task_job_runner.py:234} INFO - Task exited with return code 1
[2026-05-07T06:18:23.643+0000] {taskinstance.py:3281} INFO - 0 downstream tasks scheduled from follow-on schedule check
