2026-05-17 12:01:24,592 | INFO | ================================================================================
2026-05-17 12:01:24,592 | INFO | PIPELINE STARTED at 2026-05-17 12:01:24.592738
2026-05-17 12:01:24,593 | INFO | ================================================================================
2026-05-17 12:01:24,593 | INFO | healthcheck_RDS STARTED at 2026-05-17 12:01:24.593723
2026-05-17 12:01:30,119 | INFO | healthcheck_RDS COMPLETED SUCCESSFULLY at 2026-05-17 12:01:30.119315 | Duration: 0:00:05.525592
2026-05-17 12:01:30,120 | INFO | redischeck STARTED at 2026-05-17 12:01:30.120315
2026-05-17 12:01:30,212 | INFO | redischeck COMPLETED SUCCESSFULLY at 2026-05-17 12:01:30.212069 | Duration: 0:00:00.091754
2026-05-17 12:01:30,213 | INFO | running_db_maintenace STARTED at 2026-05-17 12:01:30.213067
2026-05-17 12:01:36,606 | INFO | running_db_maintenace COMPLETED SUCCESSFULLY at 2026-05-17 12:01:36.606870 | Duration: 0:00:06.393803
2026-05-17 12:01:36,607 | INFO | export_matches STARTED at 2026-05-17 12:01:36.607871
2026-05-17 12:01:44,201 | INFO | export_matches COMPLETED SUCCESSFULLY at 2026-05-17 12:01:44.201375 | Duration: 0:00:07.593504
2026-05-17 12:01:44,202 | INFO | export_rankings STARTED at 2026-05-17 12:01:44.202380
2026-05-17 12:01:49,513 | ERROR | export_rankings FAILED | Error: Unsupported UTF-8 sequence length when encoding string
2026-05-17 12:01:49,527 | ERROR | Traceback (most recent call last):
  File "d:\rdsfiles\run_pipeline.py", line 117, in export_rankings
    import export_rankings
  File "d:\rdsfiles\export_rankings.py", line 41, in <module>
    df.to_json(json_path, orient="records", indent=2)
  File "C:\Users\Bashir Admin\AppData\Local\Programs\Python\Python312\Lib\site-packages\pandas\util\_decorators.py", line 333, in wrapper
    return func(*args, **kwargs)
           ^^^^^^^^^^^^^^^^^^^^^
  File "C:\Users\Bashir Admin\AppData\Local\Programs\Python\Python312\Lib\site-packages\pandas\core\generic.py", line 2702, in to_json
    return json.to_json(
           ^^^^^^^^^^^^^
  File "C:\Users\Bashir Admin\AppData\Local\Programs\Python\Python312\Lib\site-packages\pandas\io\json\_json.py", line 210, in to_json
    ).write()
      ^^^^^^^
  File "C:\Users\Bashir Admin\AppData\Local\Programs\Python\Python312\Lib\site-packages\pandas\io\json\_json.py", line 263, in write
    return ujson_dumps(
           ^^^^^^^^^^^^
OverflowError: Unsupported UTF-8 sequence length when encoding string

2026-05-17 12:01:49,532 | CRITICAL | PIPELINE STOPPED at step: Export Rankings due to failure.
2026-05-17 12:01:49,533 | INFO | PIPELINE ENDED WITH FAILURE at 2026-05-17 12:01:49.533298
