[2026-05-07T06:29:39.079+0000] {taskinstance.py:1957} INFO - Dependencies all met for dep_context=non-requeueable deps ti=<TaskInstance: esports_dbt_pipeline.dbt_staging_only manual__2026-05-07T06:24:34.780525+00:00 [queued]>
[2026-05-07T06:29:39.106+0000] {taskinstance.py:1957} INFO - Dependencies all met for dep_context=requeueable deps ti=<TaskInstance: esports_dbt_pipeline.dbt_staging_only manual__2026-05-07T06:24:34.780525+00:00 [queued]>
[2026-05-07T06:29:39.107+0000] {taskinstance.py:2171} INFO - Starting attempt 2 of 3
[2026-05-07T06:29:39.141+0000] {taskinstance.py:2192} INFO - Executing <Task(BashOperator): dbt_staging_only> on 2026-05-07 06:24:34.780525+00:00
[2026-05-07T06:29:39.161+0000] {standard_task_runner.py:60} INFO - Started process 251 to run task
[2026-05-07T06:29:39.168+0000] {standard_task_runner.py:87} INFO - Running: ['***', 'tasks', 'run', 'esports_dbt_pipeline', 'dbt_staging_only', 'manual__2026-05-07T06:24:34.780525+00:00', '--job-id', '15', '--raw', '--subdir', 'DAGS_FOLDER/dag1.py', '--cfg-path', '/tmp/tmph6vqwv6s']
[2026-05-07T06:29:39.181+0000] {standard_task_runner.py:88} INFO - Job 15: Subtask dbt_staging_only
[2026-05-07T06:29:39.327+0000] {task_command.py:423} INFO - Running <TaskInstance: esports_dbt_pipeline.dbt_staging_only manual__2026-05-07T06:24:34.780525+00:00 [running]> on host d1c7630b0373
[2026-05-07T06:29:39.593+0000] {taskinstance.py:2481} INFO - Exporting env vars: AIRFLOW_CTX_DAG_OWNER='you' AIRFLOW_CTX_DAG_ID='esports_dbt_pipeline' AIRFLOW_CTX_TASK_ID='dbt_staging_only' AIRFLOW_CTX_EXECUTION_DATE='2026-05-07T06:24:34.780525+00:00' AIRFLOW_CTX_TRY_NUMBER='2' AIRFLOW_CTX_DAG_RUN_ID='manual__2026-05-07T06:24:34.780525+00:00'
[2026-05-07T06:29:39.601+0000] {subprocess.py:63} INFO - Tmp dir root location: /tmp
[2026-05-07T06:29:39.605+0000] {subprocess.py:75} INFO - Running command: ['/usr/bin/bash', '-c', 'docker exec esports-dbt dbt run --select staging']
[2026-05-07T06:29:39.632+0000] {subprocess.py:86} INFO - Output:
[2026-05-07T06:29:39.670+0000] {subprocess.py:93} INFO - Cannot connect to the Docker daemon at unix:///var/run/docker.sock. Is the docker daemon running?
[2026-05-07T06:29:39.674+0000] {subprocess.py:97} INFO - Command exited with return code 1
[2026-05-07T06:29:39.713+0000] {taskinstance.py:2699} ERROR - Task failed with exception
Traceback (most recent call last):
  File "/home/airflow/.local/lib/python3.8/site-packages/airflow/models/taskinstance.py", line 433, in _execute_task
    result = execute_callable(context=context, **execute_callable_kwargs)
  File "/home/airflow/.local/lib/python3.8/site-packages/airflow/operators/bash.py", line 212, in execute
    raise AirflowException(
airflow.exceptions.AirflowException: Bash command failed. The command returned a non-zero exit code 1.
[2026-05-07T06:29:39.724+0000] {taskinstance.py:1138} INFO - Marking task as UP_FOR_RETRY. dag_id=esports_dbt_pipeline, task_id=dbt_staging_only, execution_date=20260507T062434, start_date=20260507T062939, end_date=20260507T062939
[2026-05-07T06:29:39.763+0000] {standard_task_runner.py:107} ERROR - Failed to execute job 15 for task dbt_staging_only (Bash command failed. The command returned a non-zero exit code 1.; 251)
[2026-05-07T06:29:39.786+0000] {local_task_job_runner.py:234} INFO - Task exited with return code 1
[2026-05-07T06:29:39.874+0000] {taskinstance.py:3281} INFO - 0 downstream tasks scheduled from follow-on schedule check
