[2026-05-07T07:36:36.462+0000] {taskinstance.py:1957} INFO - Dependencies all met for dep_context=non-requeueable deps ti=<TaskInstance: esports_dbt_pipeline.dbt_staging_only manual__2026-05-07T07:26:12.686392+00:00 [queued]>
[2026-05-07T07:36:36.479+0000] {taskinstance.py:1957} INFO - Dependencies all met for dep_context=requeueable deps ti=<TaskInstance: esports_dbt_pipeline.dbt_staging_only manual__2026-05-07T07:26:12.686392+00:00 [queued]>
[2026-05-07T07:36:36.481+0000] {taskinstance.py:2171} INFO - Starting attempt 3 of 3
[2026-05-07T07:36:36.510+0000] {taskinstance.py:2192} INFO - Executing <Task(BashOperator): dbt_staging_only> on 2026-05-07 07:26:12.686392+00:00
[2026-05-07T07:36:36.519+0000] {standard_task_runner.py:60} INFO - Started process 417 to run task
[2026-05-07T07:36:36.525+0000] {standard_task_runner.py:87} INFO - Running: ['***', 'tasks', 'run', 'esports_dbt_pipeline', 'dbt_staging_only', 'manual__2026-05-07T07:26:12.686392+00:00', '--job-id', '26', '--raw', '--subdir', 'DAGS_FOLDER/dag1.py', '--cfg-path', '/tmp/tmpazkve8bp']
[2026-05-07T07:36:36.536+0000] {standard_task_runner.py:88} INFO - Job 26: Subtask dbt_staging_only
[2026-05-07T07:36:36.661+0000] {task_command.py:423} INFO - Running <TaskInstance: esports_dbt_pipeline.dbt_staging_only manual__2026-05-07T07:26:12.686392+00:00 [running]> on host b04c7fe06855
[2026-05-07T07:36:36.848+0000] {taskinstance.py:2481} INFO - Exporting env vars: AIRFLOW_CTX_DAG_OWNER='you' AIRFLOW_CTX_DAG_ID='esports_dbt_pipeline' AIRFLOW_CTX_TASK_ID='dbt_staging_only' AIRFLOW_CTX_EXECUTION_DATE='2026-05-07T07:26:12.686392+00:00' AIRFLOW_CTX_TRY_NUMBER='3' AIRFLOW_CTX_DAG_RUN_ID='manual__2026-05-07T07:26:12.686392+00:00'
[2026-05-07T07:36:36.850+0000] {subprocess.py:63} INFO - Tmp dir root location: /tmp
[2026-05-07T07:36:36.853+0000] {subprocess.py:75} INFO - Running command: ['/usr/bin/bash', '-c', 'docker exec esports-dbt dbt run --select staging']
[2026-05-07T07:36:36.874+0000] {subprocess.py:86} INFO - Output:
[2026-05-07T07:36:41.596+0000] {subprocess.py:93} INFO - [0m07:36:41  Running with dbt=1.9.0
[2026-05-07T07:36:41.605+0000] {subprocess.py:93} INFO - [0m07:36:41  Encountered an error:
[2026-05-07T07:36:41.606+0000] {subprocess.py:93} INFO - Runtime Error
[2026-05-07T07:36:41.607+0000] {subprocess.py:93} INFO -   No dbt_project.yml found at expected path /usr/app/dbt_project.yml
[2026-05-07T07:36:41.608+0000] {subprocess.py:93} INFO -   Verify that each entry within packages.yml (and their transitive dependencies) contains a file named dbt_project.yml
[2026-05-07T07:36:41.609+0000] {subprocess.py:93} INFO - 
[2026-05-07T07:36:43.343+0000] {subprocess.py:97} INFO - Command exited with return code 2
[2026-05-07T07:36:43.384+0000] {taskinstance.py:2699} ERROR - Task failed with exception
Traceback (most recent call last):
  File "/home/airflow/.local/lib/python3.8/site-packages/airflow/models/taskinstance.py", line 433, in _execute_task
    result = execute_callable(context=context, **execute_callable_kwargs)
  File "/home/airflow/.local/lib/python3.8/site-packages/airflow/operators/bash.py", line 212, in execute
    raise AirflowException(
airflow.exceptions.AirflowException: Bash command failed. The command returned a non-zero exit code 2.
[2026-05-07T07:36:43.395+0000] {taskinstance.py:1138} INFO - Marking task as FAILED. dag_id=esports_dbt_pipeline, task_id=dbt_staging_only, execution_date=20260507T072612, start_date=20260507T073636, end_date=20260507T073643
[2026-05-07T07:36:43.432+0000] {standard_task_runner.py:107} ERROR - Failed to execute job 26 for task dbt_staging_only (Bash command failed. The command returned a non-zero exit code 2.; 417)
[2026-05-07T07:36:43.489+0000] {local_task_job_runner.py:234} INFO - Task exited with return code 1
[2026-05-07T07:36:43.568+0000] {taskinstance.py:3281} INFO - 0 downstream tasks scheduled from follow-on schedule check
