[2026-05-23T06:10:37.953+0000] {taskinstance.py:1957} INFO - Dependencies all met for dep_context=non-requeueable deps ti=<TaskInstance: weekly_pipeline.dbt_build scheduled__2026-05-22T00:00:00+00:00 [queued]>
[2026-05-23T06:10:37.972+0000] {taskinstance.py:1957} INFO - Dependencies all met for dep_context=requeueable deps ti=<TaskInstance: weekly_pipeline.dbt_build scheduled__2026-05-22T00:00:00+00:00 [queued]>
[2026-05-23T06:10:37.973+0000] {taskinstance.py:2171} INFO - Starting attempt 1 of 3
[2026-05-23T06:10:38.019+0000] {taskinstance.py:2192} INFO - Executing <Task(PythonOperator): dbt_build> on 2026-05-22 00:00:00+00:00
[2026-05-23T06:10:38.035+0000] {standard_task_runner.py:60} INFO - Started process 231 to run task
[2026-05-23T06:10:38.044+0000] {standard_task_runner.py:87} INFO - Running: ['***', 'tasks', 'run', 'weekly_pipeline', 'dbt_build', 'scheduled__2026-05-22T00:00:00+00:00', '--job-id', '310', '--raw', '--subdir', 'DAGS_FOLDER/weeklypipeline.py', '--cfg-path', '/tmp/tmpvfrpga_5']
[2026-05-23T06:10:38.051+0000] {standard_task_runner.py:88} INFO - Job 310: Subtask dbt_build
[2026-05-23T06:10:38.190+0000] {task_command.py:423} INFO - Running <TaskInstance: weekly_pipeline.dbt_build scheduled__2026-05-22T00:00:00+00:00 [running]> on host 127bb5de3bc4
[2026-05-23T06:10:38.412+0000] {taskinstance.py:2481} INFO - Exporting env vars: AIRFLOW_CTX_DAG_OWNER='you' AIRFLOW_CTX_DAG_ID='weekly_pipeline' AIRFLOW_CTX_TASK_ID='dbt_build' AIRFLOW_CTX_EXECUTION_DATE='2026-05-22T00:00:00+00:00' AIRFLOW_CTX_TRY_NUMBER='1' AIRFLOW_CTX_DAG_RUN_ID='scheduled__2026-05-22T00:00:00+00:00'
[2026-05-23T06:11:10.878+0000] {weeklypipeline.py:146} INFO - âś… DBT Build Completed Successfully
[2026-05-23T06:11:10.892+0000] {weeklypipeline.py:148} INFO - DBT Output (last 10 lines):
[0m06:11:01  2 of 3 START test not_null_stg_players_id ...................................... [RUN]
[0m06:11:01  3 of 3 START test unique_stg_players_id ........................................ [RUN]
[0m06:11:05  2 of 3 PASS not_null_stg_players_id ............................................ [[32mPASS[0m in 3.70s]
[0m06:11:05  3 of 3 PASS unique_stg_players_id .............................................. [[32mPASS[0m in 3.70s]
[0m06:11:08  
[0m06:11:08  Finished running 2 data tests, 1 view model in 0 hours 0 minutes and 21.68 seconds (21.68s).
[0m06:11:08  
[0m06:11:08  [32mCompleted successfully[0m
[0m06:11:08  
[0m06:11:08  Done. PASS=3 WARN=0 ERROR=0 SKIP=0 TOTAL=3
[2026-05-23T06:11:10.895+0000] {python.py:201} INFO - Done. Returned value was: 1
[2026-05-23T06:11:10.984+0000] {taskinstance.py:1138} INFO - Marking task as SUCCESS. dag_id=weekly_pipeline, task_id=dbt_build, execution_date=20260522T000000, start_date=20260523T061037, end_date=20260523T061110
[2026-05-23T06:11:11.111+0000] {local_task_job_runner.py:234} INFO - Task exited with return code 0
[2026-05-23T06:11:11.209+0000] {taskinstance.py:3281} INFO - 0 downstream tasks scheduled from follow-on schedule check
