[2026-05-17T06:06:31.560+0000] {taskinstance.py:1957} INFO - Dependencies all met for dep_context=non-requeueable deps ti=<TaskInstance: esports_dbt_pipeline.dbt_staging_only scheduled__2026-05-16T00:00:00+00:00 [queued]>
[2026-05-17T06:06:31.596+0000] {taskinstance.py:1957} INFO - Dependencies all met for dep_context=requeueable deps ti=<TaskInstance: esports_dbt_pipeline.dbt_staging_only scheduled__2026-05-16T00:00:00+00:00 [queued]>
[2026-05-17T06:06:31.598+0000] {taskinstance.py:2171} INFO - Starting attempt 1 of 3
[2026-05-17T06:06:31.650+0000] {taskinstance.py:2192} INFO - Executing <Task(BashOperator): dbt_staging_only> on 2026-05-16 00:00:00+00:00
[2026-05-17T06:06:31.662+0000] {standard_task_runner.py:60} INFO - Started process 175 to run task
[2026-05-17T06:06:31.677+0000] {standard_task_runner.py:87} INFO - Running: ['***', 'tasks', 'run', 'esports_dbt_pipeline', 'dbt_staging_only', 'scheduled__2026-05-16T00:00:00+00:00', '--job-id', '55', '--raw', '--subdir', 'DAGS_FOLDER/esports_dbt_dag.py', '--cfg-path', '/tmp/tmpe8092ev9']
[2026-05-17T06:06:31.692+0000] {standard_task_runner.py:88} INFO - Job 55: Subtask dbt_staging_only
[2026-05-17T06:06:31.853+0000] {task_command.py:423} INFO - Running <TaskInstance: esports_dbt_pipeline.dbt_staging_only scheduled__2026-05-16T00:00:00+00:00 [running]> on host a210d1c06d24
[2026-05-17T06:06:32.133+0000] {taskinstance.py:2481} INFO - Exporting env vars: AIRFLOW_CTX_DAG_OWNER='you' AIRFLOW_CTX_DAG_ID='esports_dbt_pipeline' AIRFLOW_CTX_TASK_ID='dbt_staging_only' AIRFLOW_CTX_EXECUTION_DATE='2026-05-16T00:00:00+00:00' AIRFLOW_CTX_TRY_NUMBER='1' AIRFLOW_CTX_DAG_RUN_ID='scheduled__2026-05-16T00:00:00+00:00'
[2026-05-17T06:06:32.136+0000] {subprocess.py:63} INFO - Tmp dir root location: /tmp
[2026-05-17T06:06:32.145+0000] {subprocess.py:75} INFO - Running command: ['/usr/bin/bash', '-c', 'docker exec esports-dbt dbt run --select staging']
[2026-05-17T06:06:32.175+0000] {subprocess.py:86} INFO - Output:
[2026-05-17T06:06:43.167+0000] {subprocess.py:93} INFO - [0m06:06:43  Running with dbt=1.9.0
[2026-05-17T06:06:43.192+0000] {subprocess.py:93} INFO - [0m06:06:43  Encountered an error:
[2026-05-17T06:06:43.195+0000] {subprocess.py:93} INFO - Runtime Error
[2026-05-17T06:06:43.196+0000] {subprocess.py:93} INFO -   No dbt_project.yml found at expected path /usr/app/dbt_project.yml
[2026-05-17T06:06:43.202+0000] {subprocess.py:93} INFO -   Verify that each entry within packages.yml (and their transitive dependencies) contains a file named dbt_project.yml
[2026-05-17T06:06:43.203+0000] {subprocess.py:93} INFO - 
[2026-05-17T06:06:45.572+0000] {subprocess.py:97} INFO - Command exited with return code 2
[2026-05-17T06:06:45.658+0000] {taskinstance.py:2699} ERROR - Task failed with exception
Traceback (most recent call last):
  File "/home/airflow/.local/lib/python3.8/site-packages/airflow/models/taskinstance.py", line 433, in _execute_task
    result = execute_callable(context=context, **execute_callable_kwargs)
  File "/home/airflow/.local/lib/python3.8/site-packages/airflow/operators/bash.py", line 212, in execute
    raise AirflowException(
airflow.exceptions.AirflowException: Bash command failed. The command returned a non-zero exit code 2.
[2026-05-17T06:06:45.692+0000] {taskinstance.py:1138} INFO - Marking task as UP_FOR_RETRY. dag_id=esports_dbt_pipeline, task_id=dbt_staging_only, execution_date=20260516T000000, start_date=20260517T060631, end_date=20260517T060645
[2026-05-17T06:06:45.765+0000] {standard_task_runner.py:107} ERROR - Failed to execute job 55 for task dbt_staging_only (Bash command failed. The command returned a non-zero exit code 2.; 175)
[2026-05-17T06:06:45.822+0000] {local_task_job_runner.py:234} INFO - Task exited with return code 1
[2026-05-17T06:06:45.924+0000] {taskinstance.py:3281} INFO - 0 downstream tasks scheduled from follow-on schedule check
