[2026-05-07T06:18:19.680+0000] {taskinstance.py:1957} INFO - Dependencies all met for dep_context=non-requeueable deps ti=<TaskInstance: esports_dbt_pipeline.dbt_full_refresh manual__2026-05-07T06:18:17.600090+00:00 [queued]>
[2026-05-07T06:18:19.705+0000] {taskinstance.py:1957} INFO - Dependencies all met for dep_context=requeueable deps ti=<TaskInstance: esports_dbt_pipeline.dbt_full_refresh manual__2026-05-07T06:18:17.600090+00:00 [queued]>
[2026-05-07T06:18:19.707+0000] {taskinstance.py:2171} INFO - Starting attempt 1 of 3
[2026-05-07T06:18:19.743+0000] {taskinstance.py:2192} INFO - Executing <Task(BashOperator): dbt_full_refresh> on 2026-05-07 06:18:17.600090+00:00
[2026-05-07T06:18:19.762+0000] {standard_task_runner.py:60} INFO - Started process 180 to run task
[2026-05-07T06:18:19.796+0000] {standard_task_runner.py:87} INFO - Running: ['***', 'tasks', 'run', 'esports_dbt_pipeline', 'dbt_full_refresh', 'manual__2026-05-07T06:18:17.600090+00:00', '--job-id', '10', '--raw', '--subdir', 'DAGS_FOLDER/dag1.py', '--cfg-path', '/tmp/tmp27er2nvy']
[2026-05-07T06:18:19.946+0000] {standard_task_runner.py:88} INFO - Job 10: Subtask dbt_full_refresh
[2026-05-07T06:18:20.277+0000] {task_command.py:423} INFO - Running <TaskInstance: esports_dbt_pipeline.dbt_full_refresh manual__2026-05-07T06:18:17.600090+00:00 [running]> on host d1c7630b0373
[2026-05-07T06:18:20.878+0000] {taskinstance.py:2481} INFO - Exporting env vars: AIRFLOW_CTX_DAG_OWNER='you' AIRFLOW_CTX_DAG_ID='esports_dbt_pipeline' AIRFLOW_CTX_TASK_ID='dbt_full_refresh' AIRFLOW_CTX_EXECUTION_DATE='2026-05-07T06:18:17.600090+00:00' AIRFLOW_CTX_TRY_NUMBER='1' AIRFLOW_CTX_DAG_RUN_ID='manual__2026-05-07T06:18:17.600090+00:00'
[2026-05-07T06:18:20.886+0000] {subprocess.py:63} INFO - Tmp dir root location: /tmp
[2026-05-07T06:18:20.893+0000] {subprocess.py:75} INFO - Running command: ['/usr/bin/bash', '-c', 'docker exec esports-dbt dbt build --full-refresh']
[2026-05-07T06:18:21.050+0000] {subprocess.py:86} INFO - Output:
[2026-05-07T06:18:23.339+0000] {subprocess.py:93} INFO - Cannot connect to the Docker daemon at unix:///var/run/docker.sock. Is the docker daemon running?
[2026-05-07T06:18:23.353+0000] {subprocess.py:97} INFO - Command exited with return code 1
[2026-05-07T06:18:23.414+0000] {taskinstance.py:2699} ERROR - Task failed with exception
Traceback (most recent call last):
  File "/home/airflow/.local/lib/python3.8/site-packages/airflow/models/taskinstance.py", line 433, in _execute_task
    result = execute_callable(context=context, **execute_callable_kwargs)
  File "/home/airflow/.local/lib/python3.8/site-packages/airflow/operators/bash.py", line 212, in execute
    raise AirflowException(
airflow.exceptions.AirflowException: Bash command failed. The command returned a non-zero exit code 1.
[2026-05-07T06:18:23.435+0000] {taskinstance.py:1138} INFO - Marking task as UP_FOR_RETRY. dag_id=esports_dbt_pipeline, task_id=dbt_full_refresh, execution_date=20260507T061817, start_date=20260507T061819, end_date=20260507T061823
[2026-05-07T06:18:23.481+0000] {standard_task_runner.py:107} ERROR - Failed to execute job 10 for task dbt_full_refresh (Bash command failed. The command returned a non-zero exit code 1.; 180)
[2026-05-07T06:18:23.522+0000] {local_task_job_runner.py:234} INFO - Task exited with return code 1
[2026-05-07T06:18:23.580+0000] {taskinstance.py:3281} INFO - 0 downstream tasks scheduled from follow-on schedule check
