[2026-05-23T04:29:33.219+0000] {taskinstance.py:1957} INFO - Dependencies all met for dep_context=non-requeueable deps ti=<TaskInstance: nightly_pipeline.dbt_build manual__2026-05-23T04:29:18.654031+00:00 [queued]>
[2026-05-23T04:29:33.377+0000] {taskinstance.py:1957} INFO - Dependencies all met for dep_context=requeueable deps ti=<TaskInstance: nightly_pipeline.dbt_build manual__2026-05-23T04:29:18.654031+00:00 [queued]>
[2026-05-23T04:29:33.396+0000] {taskinstance.py:2171} INFO - Starting attempt 1 of 3
[2026-05-23T04:29:33.558+0000] {taskinstance.py:2192} INFO - Executing <Task(PythonOperator): dbt_build> on 2026-05-23 04:29:18.654031+00:00
[2026-05-23T04:29:33.634+0000] {standard_task_runner.py:60} INFO - Started process 245 to run task
[2026-05-23T04:29:33.704+0000] {standard_task_runner.py:87} INFO - Running: ['***', 'tasks', 'run', 'nightly_pipeline', 'dbt_build', 'manual__2026-05-23T04:29:18.654031+00:00', '--job-id', '231', '--raw', '--subdir', 'DAGS_FOLDER/nightlypipeline.py', '--cfg-path', '/tmp/tmpked7ufgw']
[2026-05-23T04:29:33.758+0000] {standard_task_runner.py:88} INFO - Job 231: Subtask dbt_build
[2026-05-23T04:29:34.612+0000] {task_command.py:423} INFO - Running <TaskInstance: nightly_pipeline.dbt_build manual__2026-05-23T04:29:18.654031+00:00 [running]> on host 127bb5de3bc4
[2026-05-23T04:29:36.127+0000] {taskinstance.py:2481} INFO - Exporting env vars: AIRFLOW_CTX_DAG_OWNER='you' AIRFLOW_CTX_DAG_ID='nightly_pipeline' AIRFLOW_CTX_TASK_ID='dbt_build' AIRFLOW_CTX_EXECUTION_DATE='2026-05-23T04:29:18.654031+00:00' AIRFLOW_CTX_TRY_NUMBER='1' AIRFLOW_CTX_DAG_RUN_ID='manual__2026-05-23T04:29:18.654031+00:00'
[2026-05-23T04:29:44.251+0000] {nightlypipeline.py:314} ERROR - ❌ DBT Build Failed: Usage: dbt build [OPTIONS]
Try 'dbt build -h' for help.

Error: No such option: --output

[2026-05-23T04:29:44.255+0000] {nightlypipeline.py:317} ERROR - ❌ DBT Build Error: DBT Build Failed
[2026-05-23T04:29:44.288+0000] {taskinstance.py:2699} ERROR - Task failed with exception
Traceback (most recent call last):
  File "/opt/airflow/dags/nightlypipeline.py", line 315, in dbt_build_with_xcom
    raise AirflowException("DBT Build Failed")
airflow.exceptions.AirflowException: DBT Build Failed

The above exception was the direct cause of the following exception:

Traceback (most recent call last):
  File "/home/airflow/.local/lib/python3.8/site-packages/airflow/models/taskinstance.py", line 433, in _execute_task
    result = execute_callable(context=context, **execute_callable_kwargs)
  File "/home/airflow/.local/lib/python3.8/site-packages/airflow/operators/python.py", line 199, in execute
    return_value = self.execute_callable()
  File "/home/airflow/.local/lib/python3.8/site-packages/airflow/operators/python.py", line 216, in execute_callable
    return self.python_callable(*self.op_args, **self.op_kwargs)
  File "/opt/airflow/dags/nightlypipeline.py", line 318, in dbt_build_with_xcom
    raise AirflowException("DBT Build failed") from e
airflow.exceptions.AirflowException: DBT Build failed
[2026-05-23T04:29:44.304+0000] {taskinstance.py:1138} INFO - Marking task as UP_FOR_RETRY. dag_id=nightly_pipeline, task_id=dbt_build, execution_date=20260523T042918, start_date=20260523T042933, end_date=20260523T042944
[2026-05-23T04:29:44.337+0000] {standard_task_runner.py:107} ERROR - Failed to execute job 231 for task dbt_build (DBT Build failed; 245)
[2026-05-23T04:29:44.374+0000] {local_task_job_runner.py:234} INFO - Task exited with return code 1
[2026-05-23T04:29:44.416+0000] {taskinstance.py:3281} INFO - 0 downstream tasks scheduled from follow-on schedule check
