[2026-05-21T03:01:12.377+0000] {taskinstance.py:1957} INFO - Dependencies all met for dep_context=non-requeueable deps ti=<TaskInstance: esports_dbt_pipeline.dbt_staging_only scheduled__2026-05-20T00:00:00+00:00 [queued]>
[2026-05-21T03:01:12.391+0000] {taskinstance.py:1957} INFO - Dependencies all met for dep_context=requeueable deps ti=<TaskInstance: esports_dbt_pipeline.dbt_staging_only scheduled__2026-05-20T00:00:00+00:00 [queued]>
[2026-05-21T03:01:12.392+0000] {taskinstance.py:2171} INFO - Starting attempt 3 of 3
[2026-05-21T03:01:12.421+0000] {taskinstance.py:2192} INFO - Executing <Task(BashOperator): dbt_staging_only> on 2026-05-20 00:00:00+00:00
[2026-05-21T03:01:12.432+0000] {standard_task_runner.py:60} INFO - Started process 492 to run task
[2026-05-21T03:01:12.437+0000] {standard_task_runner.py:87} INFO - Running: ['***', 'tasks', 'run', 'esports_dbt_pipeline', 'dbt_staging_only', 'scheduled__2026-05-20T00:00:00+00:00', '--job-id', '136', '--raw', '--subdir', 'DAGS_FOLDER/esports_dbt_dag.py', '--cfg-path', '/tmp/tmpzas22pyj']
[2026-05-21T03:01:12.446+0000] {standard_task_runner.py:88} INFO - Job 136: Subtask dbt_staging_only
[2026-05-21T03:01:12.570+0000] {task_command.py:423} INFO - Running <TaskInstance: esports_dbt_pipeline.dbt_staging_only scheduled__2026-05-20T00:00:00+00:00 [running]> on host 25a132109850
[2026-05-21T03:01:12.768+0000] {taskinstance.py:2481} INFO - Exporting env vars: AIRFLOW_CTX_DAG_OWNER='you' AIRFLOW_CTX_DAG_ID='esports_dbt_pipeline' AIRFLOW_CTX_TASK_ID='dbt_staging_only' AIRFLOW_CTX_EXECUTION_DATE='2026-05-20T00:00:00+00:00' AIRFLOW_CTX_TRY_NUMBER='3' AIRFLOW_CTX_DAG_RUN_ID='scheduled__2026-05-20T00:00:00+00:00'
[2026-05-21T03:01:12.770+0000] {subprocess.py:63} INFO - Tmp dir root location: /tmp
[2026-05-21T03:01:12.772+0000] {subprocess.py:75} INFO - Running command: ['/usr/bin/bash', '-c', 'docker exec esports-dbt dbt run --select staging']
[2026-05-21T03:01:12.789+0000] {subprocess.py:86} INFO - Output:
[2026-05-21T03:01:17.126+0000] {subprocess.py:93} INFO - [0m03:01:17  Running with dbt=1.9.0
[2026-05-21T03:01:17.136+0000] {subprocess.py:93} INFO - [0m03:01:17  Encountered an error:
[2026-05-21T03:01:17.137+0000] {subprocess.py:93} INFO - Runtime Error
[2026-05-21T03:01:17.138+0000] {subprocess.py:93} INFO -   No dbt_project.yml found at expected path /usr/app/dbt_project.yml
[2026-05-21T03:01:17.139+0000] {subprocess.py:93} INFO -   Verify that each entry within packages.yml (and their transitive dependencies) contains a file named dbt_project.yml
[2026-05-21T03:01:17.139+0000] {subprocess.py:93} INFO - 
[2026-05-21T03:01:18.968+0000] {subprocess.py:97} INFO - Command exited with return code 2
[2026-05-21T03:01:19.002+0000] {taskinstance.py:2699} ERROR - Task failed with exception
Traceback (most recent call last):
  File "/home/airflow/.local/lib/python3.8/site-packages/airflow/models/taskinstance.py", line 433, in _execute_task
    result = execute_callable(context=context, **execute_callable_kwargs)
  File "/home/airflow/.local/lib/python3.8/site-packages/airflow/operators/bash.py", line 212, in execute
    raise AirflowException(
airflow.exceptions.AirflowException: Bash command failed. The command returned a non-zero exit code 2.
[2026-05-21T03:01:19.011+0000] {taskinstance.py:1138} INFO - Marking task as FAILED. dag_id=esports_dbt_pipeline, task_id=dbt_staging_only, execution_date=20260520T000000, start_date=20260521T030112, end_date=20260521T030119
[2026-05-21T03:01:19.285+0000] {standard_task_runner.py:107} ERROR - Failed to execute job 136 for task dbt_staging_only (Bash command failed. The command returned a non-zero exit code 2.; 492)
[2026-05-21T03:01:19.330+0000] {local_task_job_runner.py:234} INFO - Task exited with return code 1
[2026-05-21T03:01:19.384+0000] {taskinstance.py:3281} INFO - 0 downstream tasks scheduled from follow-on schedule check
