[2026-05-21T02:56:05.334+0000] {taskinstance.py:1957} INFO - Dependencies all met for dep_context=non-requeueable deps ti=<TaskInstance: esports_dbt_pipeline.dbt_staging_only scheduled__2026-05-20T00:00:00+00:00 [queued]>
[2026-05-21T02:56:05.347+0000] {taskinstance.py:1957} INFO - Dependencies all met for dep_context=requeueable deps ti=<TaskInstance: esports_dbt_pipeline.dbt_staging_only scheduled__2026-05-20T00:00:00+00:00 [queued]>
[2026-05-21T02:56:05.348+0000] {taskinstance.py:2171} INFO - Starting attempt 2 of 3
[2026-05-21T02:56:05.370+0000] {taskinstance.py:2192} INFO - Executing <Task(BashOperator): dbt_staging_only> on 2026-05-20 00:00:00+00:00
[2026-05-21T02:56:05.377+0000] {standard_task_runner.py:60} INFO - Started process 333 to run task
[2026-05-21T02:56:05.384+0000] {standard_task_runner.py:87} INFO - Running: ['***', 'tasks', 'run', 'esports_dbt_pipeline', 'dbt_staging_only', 'scheduled__2026-05-20T00:00:00+00:00', '--job-id', '135', '--raw', '--subdir', 'DAGS_FOLDER/esports_dbt_dag.py', '--cfg-path', '/tmp/tmp0zekumeg']
[2026-05-21T02:56:05.393+0000] {standard_task_runner.py:88} INFO - Job 135: Subtask dbt_staging_only
[2026-05-21T02:56:05.498+0000] {task_command.py:423} INFO - Running <TaskInstance: esports_dbt_pipeline.dbt_staging_only scheduled__2026-05-20T00:00:00+00:00 [running]> on host 25a132109850
[2026-05-21T02:56:05.687+0000] {taskinstance.py:2481} INFO - Exporting env vars: AIRFLOW_CTX_DAG_OWNER='you' AIRFLOW_CTX_DAG_ID='esports_dbt_pipeline' AIRFLOW_CTX_TASK_ID='dbt_staging_only' AIRFLOW_CTX_EXECUTION_DATE='2026-05-20T00:00:00+00:00' AIRFLOW_CTX_TRY_NUMBER='2' AIRFLOW_CTX_DAG_RUN_ID='scheduled__2026-05-20T00:00:00+00:00'
[2026-05-21T02:56:05.689+0000] {subprocess.py:63} INFO - Tmp dir root location: /tmp
[2026-05-21T02:56:05.691+0000] {subprocess.py:75} INFO - Running command: ['/usr/bin/bash', '-c', 'docker exec esports-dbt dbt run --select staging']
[2026-05-21T02:56:05.718+0000] {subprocess.py:86} INFO - Output:
[2026-05-21T02:56:10.048+0000] {subprocess.py:93} INFO - [0m02:56:10  Running with dbt=1.9.0
[2026-05-21T02:56:10.054+0000] {subprocess.py:93} INFO - [0m02:56:10  Encountered an error:
[2026-05-21T02:56:10.055+0000] {subprocess.py:93} INFO - Runtime Error
[2026-05-21T02:56:10.056+0000] {subprocess.py:93} INFO -   No dbt_project.yml found at expected path /usr/app/dbt_project.yml
[2026-05-21T02:56:10.057+0000] {subprocess.py:93} INFO -   Verify that each entry within packages.yml (and their transitive dependencies) contains a file named dbt_project.yml
[2026-05-21T02:56:10.058+0000] {subprocess.py:93} INFO - 
[2026-05-21T02:56:11.505+0000] {subprocess.py:97} INFO - Command exited with return code 2
[2026-05-21T02:56:11.530+0000] {taskinstance.py:2699} ERROR - Task failed with exception
Traceback (most recent call last):
  File "/home/airflow/.local/lib/python3.8/site-packages/airflow/models/taskinstance.py", line 433, in _execute_task
    result = execute_callable(context=context, **execute_callable_kwargs)
  File "/home/airflow/.local/lib/python3.8/site-packages/airflow/operators/bash.py", line 212, in execute
    raise AirflowException(
airflow.exceptions.AirflowException: Bash command failed. The command returned a non-zero exit code 2.
[2026-05-21T02:56:11.536+0000] {taskinstance.py:1138} INFO - Marking task as UP_FOR_RETRY. dag_id=esports_dbt_pipeline, task_id=dbt_staging_only, execution_date=20260520T000000, start_date=20260521T025605, end_date=20260521T025611
[2026-05-21T02:56:11.632+0000] {standard_task_runner.py:107} ERROR - Failed to execute job 135 for task dbt_staging_only (Bash command failed. The command returned a non-zero exit code 2.; 333)
[2026-05-21T02:56:11.685+0000] {local_task_job_runner.py:234} INFO - Task exited with return code 1
[2026-05-21T02:56:11.723+0000] {taskinstance.py:3281} INFO - 0 downstream tasks scheduled from follow-on schedule check
