[2026-05-22T13:34:34.405+0000] {taskinstance.py:1957} INFO - Dependencies all met for dep_context=non-requeueable deps ti=<TaskInstance: nightly_pipeline.load_new_matches_from_rds manual__2026-05-22T13:33:50.773314+00:00 [queued]>
[2026-05-22T13:34:34.426+0000] {taskinstance.py:1957} INFO - Dependencies all met for dep_context=requeueable deps ti=<TaskInstance: nightly_pipeline.load_new_matches_from_rds manual__2026-05-22T13:33:50.773314+00:00 [queued]>
[2026-05-22T13:34:34.427+0000] {taskinstance.py:2171} INFO - Starting attempt 1 of 3
[2026-05-22T13:34:34.473+0000] {taskinstance.py:2192} INFO - Executing <Task(PythonOperator): load_new_matches_from_rds> on 2026-05-22 13:33:50.773314+00:00
[2026-05-22T13:34:34.501+0000] {standard_task_runner.py:60} INFO - Started process 189 to run task
[2026-05-22T13:34:34.511+0000] {standard_task_runner.py:87} INFO - Running: ['***', 'tasks', 'run', 'nightly_pipeline', 'load_new_matches_from_rds', 'manual__2026-05-22T13:33:50.773314+00:00', '--job-id', '171', '--raw', '--subdir', 'DAGS_FOLDER/nightlypipeline.py', '--cfg-path', '/tmp/tmpz3utgxz1']
[2026-05-22T13:34:34.517+0000] {standard_task_runner.py:88} INFO - Job 171: Subtask load_new_matches_from_rds
[2026-05-22T13:34:34.693+0000] {task_command.py:423} INFO - Running <TaskInstance: nightly_pipeline.load_new_matches_from_rds manual__2026-05-22T13:33:50.773314+00:00 [running]> on host 74e8a7aa2252
[2026-05-22T13:34:34.940+0000] {taskinstance.py:2481} INFO - Exporting env vars: AIRFLOW_CTX_DAG_OWNER='you' AIRFLOW_CTX_DAG_ID='nightly_pipeline' AIRFLOW_CTX_TASK_ID='load_new_matches_from_rds' AIRFLOW_CTX_EXECUTION_DATE='2026-05-22T13:33:50.773314+00:00' AIRFLOW_CTX_TRY_NUMBER='1' AIRFLOW_CTX_DAG_RUN_ID='manual__2026-05-22T13:33:50.773314+00:00'
[2026-05-22T13:34:36.983+0000] {nightlypipeline.py:226} ERROR - ❌ Error in load_new_matches_from_rds: connection to server at "localhost" (::1), port 5433 failed: Connection refused
	Is the server running on that host and accepting TCP/IP connections?
connection to server at "localhost" (127.0.0.1), port 5433 failed: Connection refused
	Is the server running on that host and accepting TCP/IP connections?
Traceback (most recent call last):
  File "/opt/airflow/dags/nightlypipeline.py", line 101, in load_new_matches_from_rds
    tgt_conn = psycopg2.connect(
  File "/home/airflow/.local/lib/python3.8/site-packages/psycopg2/__init__.py", line 122, in connect
    conn = _connect(dsn, connection_factory=connection_factory, **kwasync)
psycopg2.OperationalError: connection to server at "localhost" (::1), port 5433 failed: Connection refused
	Is the server running on that host and accepting TCP/IP connections?
connection to server at "localhost" (127.0.0.1), port 5433 failed: Connection refused
	Is the server running on that host and accepting TCP/IP connections?

[2026-05-22T13:34:37.008+0000] {python.py:201} INFO - Done. Returned value was: 0
[2026-05-22T13:34:37.104+0000] {taskinstance.py:1138} INFO - Marking task as SUCCESS. dag_id=nightly_pipeline, task_id=load_new_matches_from_rds, execution_date=20260522T133350, start_date=20260522T133434, end_date=20260522T133437
[2026-05-22T13:34:37.263+0000] {local_task_job_runner.py:234} INFO - Task exited with return code 0
[2026-05-22T13:34:37.339+0000] {taskinstance.py:3281} INFO - 1 downstream tasks scheduled from follow-on schedule check
