[2026-05-23T04:56:41.826+0000] {taskinstance.py:1957} INFO - Dependencies all met for dep_context=non-requeueable deps ti=<TaskInstance: nightly_pipeline.maintenance manual__2026-05-23T04:48:08.751987+00:00 [queued]>
[2026-05-23T04:56:41.848+0000] {taskinstance.py:1957} INFO - Dependencies all met for dep_context=requeueable deps ti=<TaskInstance: nightly_pipeline.maintenance manual__2026-05-23T04:48:08.751987+00:00 [queued]>
[2026-05-23T04:56:41.849+0000] {taskinstance.py:2171} INFO - Starting attempt 2 of 3
[2026-05-23T04:56:41.879+0000] {taskinstance.py:2192} INFO - Executing <Task(PythonOperator): maintenance> on 2026-05-23 04:48:08.751987+00:00
[2026-05-23T04:56:41.889+0000] {standard_task_runner.py:60} INFO - Started process 253 to run task
[2026-05-23T04:56:41.896+0000] {standard_task_runner.py:87} INFO - Running: ['***', 'tasks', 'run', 'nightly_pipeline', 'maintenance', 'manual__2026-05-23T04:48:08.751987+00:00', '--job-id', '283', '--raw', '--subdir', 'DAGS_FOLDER/nightlypipeline.py', '--cfg-path', '/tmp/tmpropn2zzf']
[2026-05-23T04:56:41.901+0000] {standard_task_runner.py:88} INFO - Job 283: Subtask maintenance
[2026-05-23T04:56:42.013+0000] {task_command.py:423} INFO - Running <TaskInstance: nightly_pipeline.maintenance manual__2026-05-23T04:48:08.751987+00:00 [running]> on host 127bb5de3bc4
[2026-05-23T04:56:42.192+0000] {taskinstance.py:2481} INFO - Exporting env vars: AIRFLOW_CTX_DAG_OWNER='you' AIRFLOW_CTX_DAG_ID='nightly_pipeline' AIRFLOW_CTX_TASK_ID='maintenance' AIRFLOW_CTX_EXECUTION_DATE='2026-05-23T04:48:08.751987+00:00' AIRFLOW_CTX_TRY_NUMBER='2' AIRFLOW_CTX_DAG_RUN_ID='manual__2026-05-23T04:48:08.751987+00:00'
[2026-05-23T04:56:42.196+0000] {logging_mixin.py:188} INFO - [2026-05-23 04:56:42] === Database Maintenance Started ===
[2026-05-23T04:56:47.191+0000] {logging_mixin.py:188} INFO - [2026-05-23 04:56:47] Found 1 bloated tables. Running VACUUM...
[2026-05-23T04:56:47.199+0000] {logging_mixin.py:188} INFO - [2026-05-23 04:56:47] Vacuuming alembic_version...
[2026-05-23T04:56:47.478+0000] {nightlypipeline.py:401} ERROR - ❌ Maintenance Task Failed: (psycopg2.errors.ActiveSqlTransaction) VACUUM cannot run inside a transaction block

[SQL: VACUUM ANALYZE alembic_version;]
(Background on this error at: https://sqlalche.me/e/14/2j85)
[2026-05-23T04:56:47.769+0000] {taskinstance.py:2699} ERROR - Task failed with exception
Traceback (most recent call last):
  File "/home/airflow/.local/lib/python3.8/site-packages/sqlalchemy/engine/base.py", line 1910, in _execute_context
    self.dialect.do_execute(
  File "/home/airflow/.local/lib/python3.8/site-packages/sqlalchemy/engine/default.py", line 736, in do_execute
    cursor.execute(statement, parameters)
psycopg2.errors.ActiveSqlTransaction: VACUUM cannot run inside a transaction block


The above exception was the direct cause of the following exception:

Traceback (most recent call last):
  File "/opt/airflow/dags/nightlypipeline.py", line 391, in maintenance
    session.execute(text(f"VACUUM ANALYZE {table};"))
  File "/home/airflow/.local/lib/python3.8/site-packages/sqlalchemy/orm/session.py", line 1717, in execute
    result = conn._execute_20(statement, params or {}, execution_options)
  File "/home/airflow/.local/lib/python3.8/site-packages/sqlalchemy/engine/base.py", line 1710, in _execute_20
    return meth(self, args_10style, kwargs_10style, execution_options)
  File "/home/airflow/.local/lib/python3.8/site-packages/sqlalchemy/sql/elements.py", line 334, in _execute_on_connection
    return connection._execute_clauseelement(
  File "/home/airflow/.local/lib/python3.8/site-packages/sqlalchemy/engine/base.py", line 1577, in _execute_clauseelement
    ret = self._execute_context(
  File "/home/airflow/.local/lib/python3.8/site-packages/sqlalchemy/engine/base.py", line 1953, in _execute_context
    self._handle_dbapi_exception(
  File "/home/airflow/.local/lib/python3.8/site-packages/sqlalchemy/engine/base.py", line 2134, in _handle_dbapi_exception
    util.raise_(
  File "/home/airflow/.local/lib/python3.8/site-packages/sqlalchemy/util/compat.py", line 211, in raise_
    raise exception
  File "/home/airflow/.local/lib/python3.8/site-packages/sqlalchemy/engine/base.py", line 1910, in _execute_context
    self.dialect.do_execute(
  File "/home/airflow/.local/lib/python3.8/site-packages/sqlalchemy/engine/default.py", line 736, in do_execute
    cursor.execute(statement, parameters)
sqlalchemy.exc.InternalError: (psycopg2.errors.ActiveSqlTransaction) VACUUM cannot run inside a transaction block

[SQL: VACUUM ANALYZE alembic_version;]
(Background on this error at: https://sqlalche.me/e/14/2j85)

The above exception was the direct cause of the following exception:

Traceback (most recent call last):
  File "/home/airflow/.local/lib/python3.8/site-packages/airflow/models/taskinstance.py", line 433, in _execute_task
    result = execute_callable(context=context, **execute_callable_kwargs)
  File "/home/airflow/.local/lib/python3.8/site-packages/airflow/operators/python.py", line 199, in execute
    return_value = self.execute_callable()
  File "/home/airflow/.local/lib/python3.8/site-packages/airflow/operators/python.py", line 216, in execute_callable
    return self.python_callable(*self.op_args, **self.op_kwargs)
  File "/opt/airflow/dags/nightlypipeline.py", line 402, in maintenance
    raise AirflowException("Maintenance Task Failed") from e
airflow.exceptions.AirflowException: Maintenance Task Failed
[2026-05-23T04:56:47.787+0000] {taskinstance.py:1138} INFO - Marking task as UP_FOR_RETRY. dag_id=nightly_pipeline, task_id=maintenance, execution_date=20260523T044808, start_date=20260523T045641, end_date=20260523T045647
[2026-05-23T04:56:47.815+0000] {standard_task_runner.py:107} ERROR - Failed to execute job 283 for task maintenance (Maintenance Task Failed; 253)
[2026-05-23T04:56:47.850+0000] {local_task_job_runner.py:234} INFO - Task exited with return code 1
[2026-05-23T04:56:47.886+0000] {taskinstance.py:3281} INFO - 0 downstream tasks scheduled from follow-on schedule check
