[2026-05-07T06:34:38.924+0000] {taskinstance.py:1957} INFO - Dependencies all met for dep_context=non-requeueable deps ti=<TaskInstance: esports_dbt_pipeline.dbt_staging_only scheduled__2026-05-06T00:00:00+00:00 [queued]>
[2026-05-07T06:34:39.004+0000] {taskinstance.py:1957} INFO - Dependencies all met for dep_context=requeueable deps ti=<TaskInstance: esports_dbt_pipeline.dbt_staging_only scheduled__2026-05-06T00:00:00+00:00 [queued]>
[2026-05-07T06:34:39.007+0000] {taskinstance.py:2171} INFO - Starting attempt 3 of 3
[2026-05-07T06:34:39.111+0000] {taskinstance.py:2192} INFO - Executing <Task(BashOperator): dbt_staging_only> on 2026-05-06 00:00:00+00:00
[2026-05-07T06:34:39.160+0000] {standard_task_runner.py:60} INFO - Started process 304 to run task
[2026-05-07T06:34:39.229+0000] {standard_task_runner.py:87} INFO - Running: ['***', 'tasks', 'run', 'esports_dbt_pipeline', 'dbt_staging_only', 'scheduled__2026-05-06T00:00:00+00:00', '--job-id', '16', '--raw', '--subdir', 'DAGS_FOLDER/dag1.py', '--cfg-path', '/tmp/tmpkbky81o1']
[2026-05-07T06:34:39.413+0000] {standard_task_runner.py:88} INFO - Job 16: Subtask dbt_staging_only
[2026-05-07T06:34:40.264+0000] {task_command.py:423} INFO - Running <TaskInstance: esports_dbt_pipeline.dbt_staging_only scheduled__2026-05-06T00:00:00+00:00 [running]> on host d1c7630b0373
[2026-05-07T06:34:40.916+0000] {taskinstance.py:2481} INFO - Exporting env vars: AIRFLOW_CTX_DAG_OWNER='you' AIRFLOW_CTX_DAG_ID='esports_dbt_pipeline' AIRFLOW_CTX_TASK_ID='dbt_staging_only' AIRFLOW_CTX_EXECUTION_DATE='2026-05-06T00:00:00+00:00' AIRFLOW_CTX_TRY_NUMBER='3' AIRFLOW_CTX_DAG_RUN_ID='scheduled__2026-05-06T00:00:00+00:00'
[2026-05-07T06:34:40.940+0000] {subprocess.py:63} INFO - Tmp dir root location: /tmp
[2026-05-07T06:34:40.944+0000] {subprocess.py:75} INFO - Running command: ['/usr/bin/bash', '-c', 'docker exec esports-dbt dbt run --select staging']
[2026-05-07T06:34:41.014+0000] {subprocess.py:86} INFO - Output:
[2026-05-07T06:34:41.315+0000] {subprocess.py:93} INFO - Cannot connect to the Docker daemon at unix:///var/run/docker.sock. Is the docker daemon running?
[2026-05-07T06:34:41.319+0000] {subprocess.py:97} INFO - Command exited with return code 1
[2026-05-07T06:34:41.395+0000] {taskinstance.py:2699} ERROR - Task failed with exception
Traceback (most recent call last):
  File "/home/airflow/.local/lib/python3.8/site-packages/airflow/models/taskinstance.py", line 433, in _execute_task
    result = execute_callable(context=context, **execute_callable_kwargs)
  File "/home/airflow/.local/lib/python3.8/site-packages/airflow/operators/bash.py", line 212, in execute
    raise AirflowException(
airflow.exceptions.AirflowException: Bash command failed. The command returned a non-zero exit code 1.
[2026-05-07T06:34:41.412+0000] {taskinstance.py:1138} INFO - Marking task as FAILED. dag_id=esports_dbt_pipeline, task_id=dbt_staging_only, execution_date=20260506T000000, start_date=20260507T063438, end_date=20260507T063441
[2026-05-07T06:34:41.463+0000] {standard_task_runner.py:107} ERROR - Failed to execute job 16 for task dbt_staging_only (Bash command failed. The command returned a non-zero exit code 1.; 304)
[2026-05-07T06:34:41.505+0000] {local_task_job_runner.py:234} INFO - Task exited with return code 1
[2026-05-07T06:34:41.574+0000] {taskinstance.py:3281} INFO - 0 downstream tasks scheduled from follow-on schedule check
