[2026-05-07T06:29:36.660+0000] {taskinstance.py:1957} INFO - Dependencies all met for dep_context=non-requeueable deps ti=<TaskInstance: esports_dbt_pipeline.dbt_staging_only scheduled__2026-05-06T00:00:00+00:00 [queued]>
[2026-05-07T06:29:36.683+0000] {taskinstance.py:1957} INFO - Dependencies all met for dep_context=requeueable deps ti=<TaskInstance: esports_dbt_pipeline.dbt_staging_only scheduled__2026-05-06T00:00:00+00:00 [queued]>
[2026-05-07T06:29:36.684+0000] {taskinstance.py:2171} INFO - Starting attempt 2 of 3
[2026-05-07T06:29:36.731+0000] {taskinstance.py:2192} INFO - Executing <Task(BashOperator): dbt_staging_only> on 2026-05-06 00:00:00+00:00
[2026-05-07T06:29:36.748+0000] {standard_task_runner.py:60} INFO - Started process 242 to run task
[2026-05-07T06:29:36.767+0000] {standard_task_runner.py:87} INFO - Running: ['***', 'tasks', 'run', 'esports_dbt_pipeline', 'dbt_staging_only', 'scheduled__2026-05-06T00:00:00+00:00', '--job-id', '14', '--raw', '--subdir', 'DAGS_FOLDER/dag1.py', '--cfg-path', '/tmp/tmpyurejdf9']
[2026-05-07T06:29:36.787+0000] {standard_task_runner.py:88} INFO - Job 14: Subtask dbt_staging_only
[2026-05-07T06:29:36.994+0000] {task_command.py:423} INFO - Running <TaskInstance: esports_dbt_pipeline.dbt_staging_only scheduled__2026-05-06T00:00:00+00:00 [running]> on host d1c7630b0373
[2026-05-07T06:29:37.196+0000] {taskinstance.py:2481} INFO - Exporting env vars: AIRFLOW_CTX_DAG_OWNER='you' AIRFLOW_CTX_DAG_ID='esports_dbt_pipeline' AIRFLOW_CTX_TASK_ID='dbt_staging_only' AIRFLOW_CTX_EXECUTION_DATE='2026-05-06T00:00:00+00:00' AIRFLOW_CTX_TRY_NUMBER='2' AIRFLOW_CTX_DAG_RUN_ID='scheduled__2026-05-06T00:00:00+00:00'
[2026-05-07T06:29:37.205+0000] {subprocess.py:63} INFO - Tmp dir root location: /tmp
[2026-05-07T06:29:37.208+0000] {subprocess.py:75} INFO - Running command: ['/usr/bin/bash', '-c', 'docker exec esports-dbt dbt run --select staging']
[2026-05-07T06:29:37.246+0000] {subprocess.py:86} INFO - Output:
[2026-05-07T06:29:37.428+0000] {subprocess.py:93} INFO - Cannot connect to the Docker daemon at unix:///var/run/docker.sock. Is the docker daemon running?
[2026-05-07T06:29:37.430+0000] {subprocess.py:97} INFO - Command exited with return code 1
[2026-05-07T06:29:37.492+0000] {taskinstance.py:2699} ERROR - Task failed with exception
Traceback (most recent call last):
  File "/home/airflow/.local/lib/python3.8/site-packages/airflow/models/taskinstance.py", line 433, in _execute_task
    result = execute_callable(context=context, **execute_callable_kwargs)
  File "/home/airflow/.local/lib/python3.8/site-packages/airflow/operators/bash.py", line 212, in execute
    raise AirflowException(
airflow.exceptions.AirflowException: Bash command failed. The command returned a non-zero exit code 1.
[2026-05-07T06:29:37.505+0000] {taskinstance.py:1138} INFO - Marking task as UP_FOR_RETRY. dag_id=esports_dbt_pipeline, task_id=dbt_staging_only, execution_date=20260506T000000, start_date=20260507T062936, end_date=20260507T062937
[2026-05-07T06:29:37.538+0000] {standard_task_runner.py:107} ERROR - Failed to execute job 14 for task dbt_staging_only (Bash command failed. The command returned a non-zero exit code 1.; 242)
[2026-05-07T06:29:37.584+0000] {local_task_job_runner.py:234} INFO - Task exited with return code 1
[2026-05-07T06:29:37.633+0000] {taskinstance.py:3281} INFO - 0 downstream tasks scheduled from follow-on schedule check
