[2026-05-12T02:48:33.897+0000] {taskinstance.py:1957} INFO - Dependencies all met for dep_context=non-requeueable deps ti=<TaskInstance: esports_dbt_pipeline.dbt_staging_only scheduled__2026-05-07T00:00:00+00:00 [queued]>
[2026-05-12T02:48:33.909+0000] {taskinstance.py:1957} INFO - Dependencies all met for dep_context=requeueable deps ti=<TaskInstance: esports_dbt_pipeline.dbt_staging_only scheduled__2026-05-07T00:00:00+00:00 [queued]>
[2026-05-12T02:48:33.910+0000] {taskinstance.py:2171} INFO - Starting attempt 2 of 3
[2026-05-12T02:48:33.934+0000] {taskinstance.py:2192} INFO - Executing <Task(BashOperator): dbt_staging_only> on 2026-05-07 00:00:00+00:00
[2026-05-12T02:48:33.948+0000] {standard_task_runner.py:60} INFO - Started process 291 to run task
[2026-05-12T02:48:33.954+0000] {standard_task_runner.py:87} INFO - Running: ['***', 'tasks', 'run', 'esports_dbt_pipeline', 'dbt_staging_only', 'scheduled__2026-05-07T00:00:00+00:00', '--job-id', '31', '--raw', '--subdir', 'DAGS_FOLDER/dag1.py', '--cfg-path', '/tmp/tmpgvety_5g']
[2026-05-12T02:48:33.966+0000] {standard_task_runner.py:88} INFO - Job 31: Subtask dbt_staging_only
[2026-05-12T02:48:34.087+0000] {task_command.py:423} INFO - Running <TaskInstance: esports_dbt_pipeline.dbt_staging_only scheduled__2026-05-07T00:00:00+00:00 [running]> on host b04c7fe06855
[2026-05-12T02:48:34.248+0000] {taskinstance.py:2481} INFO - Exporting env vars: AIRFLOW_CTX_DAG_OWNER='you' AIRFLOW_CTX_DAG_ID='esports_dbt_pipeline' AIRFLOW_CTX_TASK_ID='dbt_staging_only' AIRFLOW_CTX_EXECUTION_DATE='2026-05-07T00:00:00+00:00' AIRFLOW_CTX_TRY_NUMBER='2' AIRFLOW_CTX_DAG_RUN_ID='scheduled__2026-05-07T00:00:00+00:00'
[2026-05-12T02:48:34.250+0000] {subprocess.py:63} INFO - Tmp dir root location: /tmp
[2026-05-12T02:48:34.254+0000] {subprocess.py:75} INFO - Running command: ['/usr/bin/bash', '-c', 'docker exec esports-dbt dbt run --select staging']
[2026-05-12T02:48:34.277+0000] {subprocess.py:86} INFO - Output:
[2026-05-12T02:48:37.514+0000] {subprocess.py:93} INFO - [0m02:48:37  Running with dbt=1.9.0
[2026-05-12T02:48:37.523+0000] {subprocess.py:93} INFO - [0m02:48:37  Encountered an error:
[2026-05-12T02:48:37.524+0000] {subprocess.py:93} INFO - Runtime Error
[2026-05-12T02:48:37.524+0000] {subprocess.py:93} INFO -   No dbt_project.yml found at expected path /usr/app/dbt_project.yml
[2026-05-12T02:48:37.525+0000] {subprocess.py:93} INFO -   Verify that each entry within packages.yml (and their transitive dependencies) contains a file named dbt_project.yml
[2026-05-12T02:48:37.526+0000] {subprocess.py:93} INFO - 
[2026-05-12T02:48:39.398+0000] {subprocess.py:97} INFO - Command exited with return code 2
[2026-05-12T02:48:39.424+0000] {taskinstance.py:2699} ERROR - Task failed with exception
Traceback (most recent call last):
  File "/home/airflow/.local/lib/python3.8/site-packages/airflow/models/taskinstance.py", line 433, in _execute_task
    result = execute_callable(context=context, **execute_callable_kwargs)
  File "/home/airflow/.local/lib/python3.8/site-packages/airflow/operators/bash.py", line 212, in execute
    raise AirflowException(
airflow.exceptions.AirflowException: Bash command failed. The command returned a non-zero exit code 2.
[2026-05-12T02:48:39.431+0000] {taskinstance.py:1138} INFO - Marking task as UP_FOR_RETRY. dag_id=esports_dbt_pipeline, task_id=dbt_staging_only, execution_date=20260507T000000, start_date=20260512T024833, end_date=20260512T024839
[2026-05-12T02:48:39.451+0000] {standard_task_runner.py:107} ERROR - Failed to execute job 31 for task dbt_staging_only (Bash command failed. The command returned a non-zero exit code 2.; 291)
[2026-05-12T02:48:39.466+0000] {local_task_job_runner.py:234} INFO - Task exited with return code 1
[2026-05-12T02:48:39.507+0000] {taskinstance.py:3281} INFO - 0 downstream tasks scheduled from follow-on schedule check
