[2026-05-16T03:12:40.874+0000] {taskinstance.py:1957} INFO - Dependencies all met for dep_context=non-requeueable deps ti=<TaskInstance: esports_dbt_pipeline.dbt_staging_only scheduled__2026-05-14T00:00:00+00:00 [queued]>
[2026-05-16T03:12:40.895+0000] {taskinstance.py:1957} INFO - Dependencies all met for dep_context=requeueable deps ti=<TaskInstance: esports_dbt_pipeline.dbt_staging_only scheduled__2026-05-14T00:00:00+00:00 [queued]>
[2026-05-16T03:12:40.896+0000] {taskinstance.py:2171} INFO - Starting attempt 3 of 3
[2026-05-16T03:12:40.929+0000] {taskinstance.py:2192} INFO - Executing <Task(BashOperator): dbt_staging_only> on 2026-05-14 00:00:00+00:00
[2026-05-16T03:12:40.943+0000] {standard_task_runner.py:60} INFO - Started process 411 to run task
[2026-05-16T03:12:40.954+0000] {standard_task_runner.py:87} INFO - Running: ['***', 'tasks', 'run', 'esports_dbt_pipeline', 'dbt_staging_only', 'scheduled__2026-05-14T00:00:00+00:00', '--job-id', '51', '--raw', '--subdir', 'DAGS_FOLDER/dag1.py', '--cfg-path', '/tmp/tmpcfffsr75']
[2026-05-16T03:12:40.976+0000] {standard_task_runner.py:88} INFO - Job 51: Subtask dbt_staging_only
[2026-05-16T03:12:41.160+0000] {task_command.py:423} INFO - Running <TaskInstance: esports_dbt_pipeline.dbt_staging_only scheduled__2026-05-14T00:00:00+00:00 [running]> on host 33b5ba6fa37d
[2026-05-16T03:12:41.442+0000] {taskinstance.py:2481} INFO - Exporting env vars: AIRFLOW_CTX_DAG_OWNER='you' AIRFLOW_CTX_DAG_ID='esports_dbt_pipeline' AIRFLOW_CTX_TASK_ID='dbt_staging_only' AIRFLOW_CTX_EXECUTION_DATE='2026-05-14T00:00:00+00:00' AIRFLOW_CTX_TRY_NUMBER='3' AIRFLOW_CTX_DAG_RUN_ID='scheduled__2026-05-14T00:00:00+00:00'
[2026-05-16T03:12:41.447+0000] {subprocess.py:63} INFO - Tmp dir root location: /tmp
[2026-05-16T03:12:41.451+0000] {subprocess.py:75} INFO - Running command: ['/usr/bin/bash', '-c', 'docker exec esports-dbt dbt run --select staging']
[2026-05-16T03:12:41.494+0000] {subprocess.py:86} INFO - Output:
[2026-05-16T03:12:47.813+0000] {subprocess.py:93} INFO - [0m03:12:47  Running with dbt=1.9.0
[2026-05-16T03:12:47.822+0000] {subprocess.py:93} INFO - [0m03:12:47  Encountered an error:
[2026-05-16T03:12:47.823+0000] {subprocess.py:93} INFO - Runtime Error
[2026-05-16T03:12:47.826+0000] {subprocess.py:93} INFO -   No dbt_project.yml found at expected path /usr/app/dbt_project.yml
[2026-05-16T03:12:47.827+0000] {subprocess.py:93} INFO -   Verify that each entry within packages.yml (and their transitive dependencies) contains a file named dbt_project.yml
[2026-05-16T03:12:47.828+0000] {subprocess.py:93} INFO - 
[2026-05-16T03:12:49.516+0000] {subprocess.py:97} INFO - Command exited with return code 2
[2026-05-16T03:12:49.566+0000] {taskinstance.py:2699} ERROR - Task failed with exception
Traceback (most recent call last):
  File "/home/airflow/.local/lib/python3.8/site-packages/airflow/models/taskinstance.py", line 433, in _execute_task
    result = execute_callable(context=context, **execute_callable_kwargs)
  File "/home/airflow/.local/lib/python3.8/site-packages/airflow/operators/bash.py", line 212, in execute
    raise AirflowException(
airflow.exceptions.AirflowException: Bash command failed. The command returned a non-zero exit code 2.
[2026-05-16T03:12:49.577+0000] {taskinstance.py:1138} INFO - Marking task as FAILED. dag_id=esports_dbt_pipeline, task_id=dbt_staging_only, execution_date=20260514T000000, start_date=20260516T031240, end_date=20260516T031249
[2026-05-16T03:12:49.623+0000] {standard_task_runner.py:107} ERROR - Failed to execute job 51 for task dbt_staging_only (Bash command failed. The command returned a non-zero exit code 2.; 411)
[2026-05-16T03:12:49.690+0000] {local_task_job_runner.py:234} INFO - Task exited with return code 1
[2026-05-16T03:12:49.746+0000] {taskinstance.py:3281} INFO - 0 downstream tasks scheduled from follow-on schedule check
