[2026-05-23T07:15:58.412+0000] {taskinstance.py:1957} INFO - Dependencies all met for dep_context=non-requeueable deps ti=<TaskInstance: monthly_pipeline.cleanup_old_backups manual__2026-05-23T07:13:21.815764+00:00 [queued]>
[2026-05-23T07:15:58.434+0000] {taskinstance.py:1957} INFO - Dependencies all met for dep_context=requeueable deps ti=<TaskInstance: monthly_pipeline.cleanup_old_backups manual__2026-05-23T07:13:21.815764+00:00 [queued]>
[2026-05-23T07:15:58.435+0000] {taskinstance.py:2171} INFO - Starting attempt 1 of 3
[2026-05-23T07:15:58.464+0000] {taskinstance.py:2192} INFO - Executing <Task(PythonOperator): cleanup_old_backups> on 2026-05-23 07:13:21.815764+00:00
[2026-05-23T07:15:58.476+0000] {standard_task_runner.py:60} INFO - Started process 300 to run task
[2026-05-23T07:15:58.485+0000] {standard_task_runner.py:87} INFO - Running: ['***', 'tasks', 'run', 'monthly_pipeline', 'cleanup_old_backups', 'manual__2026-05-23T07:13:21.815764+00:00', '--job-id', '331', '--raw', '--subdir', 'DAGS_FOLDER/month_pipeline.py', '--cfg-path', '/tmp/tmpiaiod4ku']
[2026-05-23T07:15:58.490+0000] {standard_task_runner.py:88} INFO - Job 331: Subtask cleanup_old_backups
[2026-05-23T07:15:58.606+0000] {task_command.py:423} INFO - Running <TaskInstance: monthly_pipeline.cleanup_old_backups manual__2026-05-23T07:13:21.815764+00:00 [running]> on host 2b5a21d826dc
[2026-05-23T07:15:58.787+0000] {taskinstance.py:2481} INFO - Exporting env vars: AIRFLOW_CTX_DAG_OWNER='you' AIRFLOW_CTX_DAG_ID='monthly_pipeline' AIRFLOW_CTX_TASK_ID='cleanup_old_backups' AIRFLOW_CTX_EXECUTION_DATE='2026-05-23T07:13:21.815764+00:00' AIRFLOW_CTX_TRY_NUMBER='1' AIRFLOW_CTX_DAG_RUN_ID='manual__2026-05-23T07:13:21.815764+00:00'
[2026-05-23T07:15:59.280+0000] {month_pipeline.py:137} INFO - Starting cleanup: Deleting objects older than 90 days in bucket 'esports-data-zeeshan'
[2026-05-23T07:16:01.426+0000] {month_pipeline.py:168} ERROR - ❌ S3 Cleanup failed: can't compare offset-naive and offset-aware datetimes
Traceback (most recent call last):
  File "/opt/airflow/dags/month_pipeline.py", line 151, in cleanup_old_s3_backups
    if last_modified < cutoff_date:
TypeError: can't compare offset-naive and offset-aware datetimes
[2026-05-23T07:16:01.457+0000] {taskinstance.py:2699} ERROR - Task failed with exception
Traceback (most recent call last):
  File "/opt/airflow/dags/month_pipeline.py", line 151, in cleanup_old_s3_backups
    if last_modified < cutoff_date:
TypeError: can't compare offset-naive and offset-aware datetimes

The above exception was the direct cause of the following exception:

Traceback (most recent call last):
  File "/home/airflow/.local/lib/python3.8/site-packages/airflow/models/taskinstance.py", line 433, in _execute_task
    result = execute_callable(context=context, **execute_callable_kwargs)
  File "/home/airflow/.local/lib/python3.8/site-packages/airflow/operators/python.py", line 199, in execute
    return_value = self.execute_callable()
  File "/home/airflow/.local/lib/python3.8/site-packages/airflow/operators/python.py", line 216, in execute_callable
    return self.python_callable(*self.op_args, **self.op_kwargs)
  File "/opt/airflow/dags/month_pipeline.py", line 169, in cleanup_old_s3_backups
    raise AirflowException("S3 Cleanup Failed") from e
airflow.exceptions.AirflowException: S3 Cleanup Failed
[2026-05-23T07:16:01.472+0000] {taskinstance.py:1138} INFO - Marking task as UP_FOR_RETRY. dag_id=monthly_pipeline, task_id=cleanup_old_backups, execution_date=20260523T071321, start_date=20260523T071558, end_date=20260523T071601
[2026-05-23T07:16:01.503+0000] {standard_task_runner.py:107} ERROR - Failed to execute job 331 for task cleanup_old_backups (S3 Cleanup Failed; 300)
[2026-05-23T07:16:01.562+0000] {local_task_job_runner.py:234} INFO - Task exited with return code 1
[2026-05-23T07:16:01.602+0000] {taskinstance.py:3281} INFO - 0 downstream tasks scheduled from follow-on schedule check
